Log file open, 07/25/22 15:51:59
LogWindows: Failed to load 'aqProf.dll' (GetLastError=126)
LogWindows: File 'aqProf.dll' does not exist
LogWindows: Failed to load 'VtuneApi.dll' (GetLastError=126)
LogWindows: File 'VtuneApi.dll' does not exist
LogWindows: Failed to load 'VtuneApi32e.dll' (GetLastError=126)
LogWindows: File 'VtuneApi32e.dll' does not exist
LogConsoleResponse: Display: Failed to find resolution value strings in scalability ini. Falling back to default.
LogConsoleResponse: Display: Failed to find resolution value strings in scalability ini. Falling back to default.
LogInit: Display: Running engine for game: SideScroller2D
LogPlatformFile: Not using cached read wrapper
LogTaskGraph: Started task graph with 5 named threads and 47 total threads with 3 sets of task threads.
LogStats: Stats thread started at 0.288707
LogICUInternationalization: ICU TimeZone Detection - Raw Offset: -4:00, Platform Override: ''
LogInit: Display: Loading text-based GConfig....
LogPluginManager: Mounting plugin MeshPainting
LogPluginManager: Mounting plugin XGEController
LogPluginManager: Mounting plugin AISupport
LogPluginManager: Mounting plugin Paper2D
LogPluginManager: Mounting plugin EnvironmentQueryEditor
LogPluginManager: Mounting plugin OodleData
LogPluginManager: Mounting plugin LiveLink
LogPluginManager: Mounting plugin CameraShakePreviewer
LogPluginManager: Mounting plugin GameplayCameras
LogPluginManager: Mounting plugin OodleNetwork
LogPluginManager: Mounting plugin AssetManagerEditor
LogPluginManager: Mounting plugin CryptoKeys
LogPluginManager: Mounting plugin CurveEditorTools
LogPluginManager: Mounting plugin DataValidation
LogPluginManager: Mounting plugin FacialAnimation
LogPluginManager: Mounting plugin GameplayTagsEditor
LogPluginManager: Mounting plugin MacGraphicsSwitching
LogPluginManager: Mounting plugin MaterialAnalyzer
LogPluginManager: Mounting plugin GeometryMode
LogPluginManager: Mounting plugin PluginBrowser
LogPluginManager: Mounting plugin MobileLauncherProfileWizard
LogPluginManager: Mounting plugin LightPropagationVolume
LogPluginManager: Mounting plugin SpeedTreeImporter
LogPluginManager: Mounting plugin DatasmithContent
LogPluginManager: Mounting plugin VariantManagerContent
LogPluginManager: Mounting plugin AlembicImporter
LogPluginManager: Mounting plugin Niagara
LogPluginManager: Mounting plugin AutomationUtils
LogPluginManager: Mounting plugin BackChannel
LogPluginManager: Mounting plugin ChaosCloth
LogPluginManager: Mounting plugin ChaosEditor
LogPluginManager: Mounting plugin ChaosClothEditor
LogPluginManager: Mounting plugin ChaosNiagara
LogPluginManager: Mounting plugin ChaosSolverPlugin
LogPluginManager: Mounting plugin CharacterAI
LogPluginManager: Mounting plugin GeometryCache
LogPluginManager: Mounting plugin GeometryProcessing
LogPluginManager: Mounting plugin OpenImageDenoise
LogPluginManager: Mounting plugin MotoSynth
LogPluginManager: Mounting plugin PlanarCut
LogPluginManager: Mounting plugin ProxyLODPlugin
LogPluginManager: Mounting plugin PlatformCrypto
LogPluginManager: Mounting plugin SkeletalReduction
LogPluginManager: Mounting plugin AndroidMedia
LogPluginManager: Mounting plugin ImgMedia
LogPluginManager: Mounting plugin MediaCompositing
LogPluginManager: Mounting plugin MediaPlayerEditor
LogPluginManager: Mounting plugin WebMMedia
LogPluginManager: Mounting plugin WmfMedia
LogPluginManager: Mounting plugin LuminPlatformFeatures
LogPluginManager: Mounting plugin MagicLeap
LogPluginManager: Mounting plugin MagicLeapLightEstimation
LogPluginManager: Mounting plugin MagicLeapMedia
LogPluginManager: Mounting plugin MagicLeapPassableWorld
LogPluginManager: Mounting plugin MLSDK
LogPluginManager: Mounting plugin ActorSequence
LogPluginManager: Mounting plugin LevelSequenceEditor
LogPluginManager: Mounting plugin TemplateSequence
LogPluginManager: Mounting plugin LauncherChunkInstaller
LogPluginManager: Mounting plugin TcpMessaging
LogPluginManager: Mounting plugin UdpMessaging
LogPluginManager: Mounting plugin OnlineSubsystem
LogPluginManager: Mounting plugin OnlineSubsystemNull
LogPluginManager: Mounting plugin GeometryCollectionPlugin
LogPluginManager: Mounting plugin OnlineSubsystemUtils
LogPluginManager: Mounting plugin ActorLayerUtilities
LogPluginManager: Mounting plugin AndroidPermission
LogPluginManager: Mounting plugin AndroidMoviePlayer
LogPluginManager: Mounting plugin AndroidDeviceProfileSelector
LogPluginManager: Mounting plugin AppleImageUtils
LogPluginManager: Mounting plugin AppleMoviePlayer
LogPluginManager: Mounting plugin ArchVisCharacter
LogPluginManager: Mounting plugin AssetTags
LogPluginManager: Mounting plugin AudioCapture
LogPluginManager: Mounting plugin ChunkDownloader
LogPluginManager: Mounting plugin AudioSynesthesia
LogPluginManager: Mounting plugin CustomMeshComponent
LogPluginManager: Mounting plugin EditableMesh
LogPluginManager: Mounting plugin GoogleCloudMessaging
LogPluginManager: Mounting plugin ExampleDeviceProfileSelector
LogPluginManager: Mounting plugin PythonScriptPlugin
LogPluginManager: Mounting plugin GooglePAD
LogPluginManager: Mounting plugin IOSDeviceProfileSelector
LogPluginManager: Mounting plugin LinuxDeviceProfileSelector
LogPluginManager: Mounting plugin LocationServicesBPLibrary
LogPluginManager: Mounting plugin MobilePatchingUtils
LogPluginManager: Mounting plugin OpenXREyeTracker
LogPluginManager: Mounting plugin OpenXRHandTracking
LogPluginManager: Mounting plugin OpenXR
LogPluginManager: Mounting plugin PhysXVehicles
LogPluginManager: Mounting plugin PropertyAccessEditor
LogPluginManager: Mounting plugin ProceduralMeshComponent
LogPluginManager: Mounting plugin SignificanceManager
LogPluginManager: Mounting plugin RuntimePhysXCooking
LogPluginManager: Mounting plugin SoundFields
LogPluginManager: Mounting plugin Synthesis
LogPluginManager: Mounting plugin WebMMoviePlayer
LogPluginManager: Mounting plugin WindowsMoviePlayer
LogPluginManager: Mounting plugin ScreenshotTools
LogPluginManager: Mounting plugin Takes
LogPluginManager: Mounting plugin AnimationSharing
LogPluginManager: Mounting plugin CodeLiteSourceCodeAccess
LogPluginManager: Mounting plugin CLionSourceCodeAccess
LogPluginManager: Mounting plugin GitSourceControl
LogPluginManager: Mounting plugin KDevelopSourceCodeAccess
LogPluginManager: Mounting plugin NullSourceCodeAccess
LogPluginManager: Mounting plugin PerforceSourceControl
LogPluginManager: Mounting plugin PixWinPlugin
LogPluginManager: Mounting plugin PlasticSourceControl
LogPluginManager: Mounting plugin PluginUtils
LogPluginManager: Mounting plugin PropertyAccessNode
LogPluginManager: Mounting plugin RiderSourceCodeAccess
LogPluginManager: Mounting plugin SubversionSourceControl
LogPluginManager: Mounting plugin TextureFormatOodle
LogPluginManager: Mounting plugin UObjectPlugin
LogPluginManager: Mounting plugin VisualStudioCodeSourceCodeAccess
LogPluginManager: Mounting plugin VisualStudioSourceCodeAccess
LogPluginManager: Mounting plugin XCodeSourceCodeAccess
LogPluginManager: Mounting plugin PostSplashScreen
LogPluginManager: Mounting plugin MatineeToLevelSequence
LogPluginManager: Mounting plugin CableComponent
LogPluginManager: Mounting plugin AvfMedia
LogPluginManager: Mounting plugin ContentBrowserAssetDataSource
LogPluginManager: Mounting plugin ContentBrowserClassDataSource
LogPluginManager: Mounting plugin ContentBrowserFileDataSource
LogPluginManager: Mounting plugin OnlineSubsystemGooglePlay
LogPluginManager: Mounting plugin OnlineSubsystemIOS
LogPluginManager: Mounting plugin OculusVR
LogPluginManager: Mounting plugin SteamVR
LogInit: Using libcurl 7.55.1-DEV
LogInit:  - built for x86_64-pc-win32
LogInit:  - supports SSL with OpenSSL/1.1.1
LogInit:  - supports HTTP deflate (compression) using libz 1.2.8
LogInit:  - other features:
LogInit:      CURL_VERSION_SSL
LogInit:      CURL_VERSION_LIBZ
LogInit:      CURL_VERSION_IPV6
LogInit:      CURL_VERSION_ASYNCHDNS
LogInit:      CURL_VERSION_LARGEFILE
LogInit:      CURL_VERSION_IDN
LogInit:  CurlRequestOptions (configurable via config and command line):
LogInit:  - bVerifyPeer = true  - Libcurl will verify peer certificate
LogInit:  - bUseHttpProxy = false  - Libcurl will NOT use HTTP proxy
LogInit:  - bDontReuseConnections = false  - Libcurl will reuse connections
LogInit:  - MaxHostConnections = 16  - Libcurl will limit the number of connections to a host
LogInit:  - LocalHostAddr = Default
LogInit:  - BufferSize = 65536
LogOnline: OSS: Creating online subsystem instance for: NULL
LogInit: WinSock: version 1.1 (2.2), MaxSocks=32767, MaxUdp=65467
LogOnline: OSS: TryLoadSubsystemAndSetDefault: Loaded subsystem for module [NULL]
PixWinPlugin: PIX capture plugin failed to initialize! Check that the process is launched from PIX.
LogOculusPluginWrapper: OculusPlugin initialized successfully
LogHMD: Failed initializing OVRPlugin 1.59.0
LogInit: Build: ++UE4+Release-4.27-CL-18319896
LogInit: Engine Version: 4.27.2-18319896+++UE4+Release-4.27
LogInit: Compatible Engine Version: 4.27.0-17155196+++UE4+Release-4.27
LogInit: Net CL: 17155196
LogInit: OS: Windows 10 (Release 2009) (), CPU: 11th Gen Intel(R) Core(TM) i7-11800H @ 2.30GHz, GPU: Intel(R) UHD Graphics
LogInit: Compiled (64-bit): Nov 30 2021 07:12:08
LogInit: Compiled with Visual C++: 19.24.28315.00
LogInit: Build Configuration: Development
LogInit: Branch Name: ++UE4+Release-4.27
LogInit: Command Line: 
LogInit: Base Directory: C:/Program Files/Epic Games/UE_4.27/Engine/Binaries/Win64/
LogInit: Allocator: TBB
LogInit: Installed Engine Build: 1
LogDevObjectVersion: Number of dev versions registered: 29
LogDevObjectVersion:   Dev-Blueprints (B0D832E4-1F89-4F0D-ACCF-7EB736FD4AA2): 10
LogDevObjectVersion:   Dev-Build (E1C64328-A22C-4D53-A36C-8E866417BD8C): 0
LogDevObjectVersion:   Dev-Core (375EC13C-06E4-48FB-B500-84F0262A717E): 4
LogDevObjectVersion:   Dev-Editor (E4B068ED-F494-42E9-A231-DA0B2E46BB41): 40
LogDevObjectVersion:   Dev-Framework (CFFC743F-43B0-4480-9391-14DF171D2073): 37
LogDevObjectVersion:   Dev-Mobile (B02B49B5-BB20-44E9-A304-32B752E40360): 3
LogDevObjectVersion:   Dev-Networking (A4E4105C-59A1-49B5-A7C5-40C4547EDFEE): 0
LogDevObjectVersion:   Dev-Online (39C831C9-5AE6-47DC-9A44-9C173E1C8E7C): 0
LogDevObjectVersion:   Dev-Physics (78F01B33-EBEA-4F98-B9B4-84EACCB95AA2): 14
LogDevObjectVersion:   Dev-Platform (6631380F-2D4D-43E0-8009-CF276956A95A): 0
LogDevObjectVersion:   Dev-Rendering (12F88B9F-8875-4AFC-A67C-D90C383ABD29): 45
LogDevObjectVersion:   Dev-Sequencer (7B5AE74C-D270-4C10-A958-57980B212A5A): 13
LogDevObjectVersion:   Dev-VR (D7296918-1DD6-4BDD-9DE2-64A83CC13884): 3
LogDevObjectVersion:   Dev-LoadTimes (C2A15278-BFE7-4AFE-6C17-90FF531DF755): 1
LogDevObjectVersion:   Private-Geometry (6EACA3D4-40EC-4CC1-B786-8BED09428FC5): 3
LogDevObjectVersion:   Dev-AnimPhys (29E575DD-E0A3-4627-9D10-D276232CDCEA): 17
LogDevObjectVersion:   Dev-Anim (AF43A65D-7FD3-4947-9873-3E8ED9C1BB05): 15
LogDevObjectVersion:   Dev-ReflectionCapture (6B266CEC-1EC7-4B8F-A30B-E4D90942FC07): 1
LogDevObjectVersion:   Dev-Automation (0DF73D61-A23F-47EA-B727-89E90C41499A): 1
LogDevObjectVersion:   FortniteMain (601D1886-AC64-4F84-AA16-D3DE0DEAC7D6): 47
LogDevObjectVersion:   FortniteRelease (E7086368-6B23-4C58-8439-1B7016265E91): 1
LogDevObjectVersion:   Dev-Enterprise (9DFFBCD6-494F-0158-E221-12823C92A888): 10
LogDevObjectVersion:   Dev-Niagara (F2AED0AC-9AFE-416F-8664-AA7FFA26D6FC): 1
LogDevObjectVersion:   Dev-Destruction (174F1F0B-B4C6-45A5-B13F-2EE8D0FB917D): 10
LogDevObjectVersion:   Dev-Physics-Ext (35F94A83-E258-406C-A318-09F59610247C): 41
LogDevObjectVersion:   Dev-PhysicsMaterial-Chaos (B68FC16E-8B1B-42E2-B453-215C058844FE): 1
LogDevObjectVersion:   Dev-CineCamera (B2E18506-4273-CFC2-A54E-F4BB758BBA07): 1
LogDevObjectVersion:   Dev-VirtualProduction (64F58936-FD1B-42BA-BA96-7289D5D0FA4E): 1
LogDevObjectVersion:   Dev-MediaFramework (6F0ED827-A609-4895-9C91-998D90180EA4): 2
LogInit: Presizing for max 25165824 objects, including 0 objects not considered by GC, pre-allocating 0 bytes for permanent pool.
LogConfig: Applying CVar settings from Section [/Script/Engine.StreamingSettings] File [C:/Users/ericb/Documents/Current Project Files/Daily-Scrums/SideScroller2D/Saved/Config/Windows/Engine.ini]
LogConfig: Setting CVar [[s.MinBulkDataSizeForAsyncLoading:131072]]
LogConfig: Setting CVar [[s.AsyncLoadingThreadEnabled:0]]
LogConfig: Setting CVar [[s.EventDrivenLoaderEnabled:1]]
LogConfig: Setting CVar [[s.WarnIfTimeLimitExceeded:0]]
LogConfig: Setting CVar [[s.TimeLimitExceededMultiplier:1.5]]
LogConfig: Setting CVar [[s.TimeLimitExceededMinTime:0.005]]
LogConfig: Setting CVar [[s.UseBackgroundLevelStreaming:1]]
LogConfig: Setting CVar [[s.PriorityAsyncLoadingExtraTime:15.0]]
LogConfig: Setting CVar [[s.LevelStreamingActorsUpdateTimeLimit:5.0]]
LogConfig: Setting CVar [[s.PriorityLevelStreamingActorsUpdateExtraTime:5.0]]
LogConfig: Setting CVar [[s.LevelStreamingComponentsRegistrationGranularity:10]]
LogConfig: Setting CVar [[s.UnregisterComponentsTimeLimit:1.0]]
LogConfig: Setting CVar [[s.LevelStreamingComponentsUnregistrationGranularity:5]]
LogConfig: Setting CVar [[s.FlushStreamingOnExit:1]]
LogInit: Object subsystem initialized
LogConfig: Setting CVar [[con.DebugEarlyDefault:1]]
LogConfig: Setting CVar [[r.setres:1280x720]]
[2022.07.25-18.52.02:349][  0]LogConfig: Setting CVar [[r.VSync:0]]
[2022.07.25-18.52.02:349][  0]LogConfig: Setting CVar [[r.RHICmdBypass:0]]
[2022.07.25-18.52.02:349][  0]LogConfig: Applying CVar settings from Section [/Script/Engine.RendererSettings] File [C:/Users/ericb/Documents/Current Project Files/Daily-Scrums/SideScroller2D/Saved/Config/Windows/Engine.ini]
[2022.07.25-18.52.02:349][  0]LogConfig: Setting CVar [[r.GPUCrashDebugging:0]]
[2022.07.25-18.52.02:349][  0]LogConfig: Setting CVar [[r.MobileHDR:0]]
[2022.07.25-18.52.02:349][  0]LogConfig: Applying CVar settings from Section [/Script/Engine.RendererOverrideSettings] File [C:/Users/ericb/Documents/Current Project Files/Daily-Scrums/SideScroller2D/Saved/Config/Windows/Engine.ini]
[2022.07.25-18.52.02:349][  0]LogConfig: Applying CVar settings from Section [/Script/Engine.StreamingSettings] File [C:/Users/ericb/Documents/Current Project Files/Daily-Scrums/SideScroller2D/Saved/Config/Windows/Engine.ini]
[2022.07.25-18.52.02:349][  0]LogConfig: Setting CVar [[s.MinBulkDataSizeForAsyncLoading:131072]]
[2022.07.25-18.52.02:349][  0]LogConfig: Setting CVar [[s.AsyncLoadingThreadEnabled:0]]
[2022.07.25-18.52.02:349][  0]LogConfig: Setting CVar [[s.EventDrivenLoaderEnabled:1]]
[2022.07.25-18.52.02:349][  0]LogConfig: Setting CVar [[s.WarnIfTimeLimitExceeded:0]]
[2022.07.25-18.52.02:349][  0]LogConfig: Setting CVar [[s.TimeLimitExceededMultiplier:1.5]]
[2022.07.25-18.52.02:349][  0]LogConfig: Setting CVar [[s.TimeLimitExceededMinTime:0.005]]
[2022.07.25-18.52.02:349][  0]LogConfig: Setting CVar [[s.UseBackgroundLevelStreaming:1]]
[2022.07.25-18.52.02:349][  0]LogConfig: Setting CVar [[s.PriorityAsyncLoadingExtraTime:15.0]]
[2022.07.25-18.52.02:349][  0]LogConfig: Setting CVar [[s.LevelStreamingActorsUpdateTimeLimit:5.0]]
[2022.07.25-18.52.02:349][  0]LogConfig: Setting CVar [[s.PriorityLevelStreamingActorsUpdateExtraTime:5.0]]
[2022.07.25-18.52.02:349][  0]LogConfig: Setting CVar [[s.LevelStreamingComponentsRegistrationGranularity:10]]
[2022.07.25-18.52.02:349][  0]LogConfig: Setting CVar [[s.UnregisterComponentsTimeLimit:1.0]]
[2022.07.25-18.52.02:349][  0]LogConfig: Setting CVar [[s.LevelStreamingComponentsUnregistrationGranularity:5]]
[2022.07.25-18.52.02:349][  0]LogConfig: Setting CVar [[s.FlushStreamingOnExit:1]]
[2022.07.25-18.52.02:349][  0]LogConfig: Applying CVar settings from Section [/Script/Engine.GarbageCollectionSettings] File [C:/Users/ericb/Documents/Current Project Files/Daily-Scrums/SideScroller2D/Saved/Config/Windows/Engine.ini]
[2022.07.25-18.52.02:349][  0]LogConfig: Setting CVar [[gc.MaxObjectsNotConsideredByGC:1]]
[2022.07.25-18.52.02:349][  0]LogConfig: Setting CVar [[gc.SizeOfPermanentObjectPool:0]]
[2022.07.25-18.52.02:349][  0]LogConfig: Setting CVar [[gc.FlushStreamingOnGC:0]]
[2022.07.25-18.52.02:349][  0]LogConfig: Setting CVar [[gc.NumRetriesBeforeForcingGC:10]]
[2022.07.25-18.52.02:349][  0]LogConfig: Setting CVar [[gc.AllowParallelGC:1]]
[2022.07.25-18.52.02:349][  0]LogConfig: Setting CVar [[gc.TimeBetweenPurgingPendingKillObjects:61.1]]
[2022.07.25-18.52.02:349][  0]LogConfig: Setting CVar [[gc.MaxObjectsInEditor:25165824]]
[2022.07.25-18.52.02:349][  0]LogConfig: Setting CVar [[gc.IncrementalBeginDestroyEnabled:1]]
[2022.07.25-18.52.02:349][  0]LogConfig: Setting CVar [[gc.CreateGCClusters:1]]
[2022.07.25-18.52.02:349][  0]LogConfig: Setting CVar [[gc.MinGCClusterSize:5]]
[2022.07.25-18.52.02:349][  0]LogConfig: Setting CVar [[gc.ActorClusteringEnabled:0]]
[2022.07.25-18.52.02:349][  0]LogConfig: Setting CVar [[gc.BlueprintClusteringEnabled:0]]
[2022.07.25-18.52.02:349][  0]LogConfig: Setting CVar [[gc.UseDisregardForGCOnDedicatedServers:0]]
[2022.07.25-18.52.02:349][  0]LogConfig: Setting CVar [[gc.MultithreadedDestructionEnabled:1]]
[2022.07.25-18.52.02:349][  0]LogConfig: Applying CVar settings from Section [/Script/Engine.NetworkSettings] File [C:/Users/ericb/Documents/Current Project Files/Daily-Scrums/SideScroller2D/Saved/Config/Windows/Engine.ini]
[2022.07.25-18.52.02:349][  0]LogConfig: Applying CVar settings from Section [/Script/UnrealEd.CookerSettings] File [C:/Users/ericb/Documents/Current Project Files/Daily-Scrums/SideScroller2D/Saved/Config/Windows/Engine.ini]
[2022.07.25-18.52.02:361][  0]LogConfig: Applying CVar settings from Section [ViewDistanceQuality@3] File [C:/Users/ericb/Documents/Current Project Files/Daily-Scrums/SideScroller2D/Saved/Config/Windows/Scalability.ini]
[2022.07.25-18.52.02:361][  0]LogConfig: Setting CVar [[r.SkeletalMeshLODBias:0]]
[2022.07.25-18.52.02:361][  0]LogConfig: Setting CVar [[r.ViewDistanceScale:1.0]]
[2022.07.25-18.52.02:361][  0]LogConfig: Applying CVar settings from Section [AntiAliasingQuality@3] File [C:/Users/ericb/Documents/Current Project Files/Daily-Scrums/SideScroller2D/Saved/Config/Windows/Scalability.ini]
[2022.07.25-18.52.02:361][  0]LogConfig: Setting CVar [[r.PostProcessAAQuality:4]]
[2022.07.25-18.52.02:361][  0]LogConfig: Applying CVar settings from Section [ShadowQuality@3] File [C:/Users/ericb/Documents/Current Project Files/Daily-Scrums/SideScroller2D/Saved/Config/Windows/Scalability.ini]
[2022.07.25-18.52.02:361][  0]LogConfig: Setting CVar [[r.LightFunctionQuality:1]]
[2022.07.25-18.52.02:361][  0]LogConfig: Setting CVar [[r.ShadowQuality:5]]
[2022.07.25-18.52.02:361][  0]LogConfig: Setting CVar [[r.Shadow.CSM.MaxCascades:10]]
[2022.07.25-18.52.02:361][  0]LogConfig: Setting CVar [[r.Shadow.MaxResolution:2048]]
[2022.07.25-18.52.02:361][  0]LogConfig: Setting CVar [[r.Shadow.MaxCSMResolution:2048]]
[2022.07.25-18.52.02:361][  0]LogConfig: Setting CVar [[r.Shadow.RadiusThreshold:0.01]]
[2022.07.25-18.52.02:361][  0]LogConfig: Setting CVar [[r.Shadow.DistanceScale:1.0]]
[2022.07.25-18.52.02:361][  0]LogConfig: Setting CVar [[r.Shadow.CSM.TransitionScale:1.0]]
[2022.07.25-18.52.02:361][  0]LogConfig: Setting CVar [[r.Shadow.PreShadowResolutionFactor:1.0]]
[2022.07.25-18.52.02:361][  0]LogConfig: Setting CVar [[r.DistanceFieldShadowing:1]]
[2022.07.25-18.52.02:361][  0]LogConfig: Setting CVar [[r.DistanceFieldAO:1]]
[2022.07.25-18.52.02:361][  0]LogConfig: Setting CVar [[r.AOQuality:2]]
[2022.07.25-18.52.02:361][  0]LogConfig: Setting CVar [[r.VolumetricFog:1]]
[2022.07.25-18.52.02:361][  0]LogConfig: Setting CVar [[r.VolumetricFog.GridPixelSize:8]]
[2022.07.25-18.52.02:361][  0]LogConfig: Setting CVar [[r.VolumetricFog.GridSizeZ:128]]
[2022.07.25-18.52.02:361][  0]LogConfig: Setting CVar [[r.VolumetricFog.HistoryMissSupersampleCount:4]]
[2022.07.25-18.52.02:361][  0]LogConfig: Setting CVar [[r.LightMaxDrawDistanceScale:1]]
[2022.07.25-18.52.02:361][  0]LogConfig: Setting CVar [[r.CapsuleShadows:1]]
[2022.07.25-18.52.02:361][  0]LogConfig: Applying CVar settings from Section [PostProcessQuality@3] File [C:/Users/ericb/Documents/Current Project Files/Daily-Scrums/SideScroller2D/Saved/Config/Windows/Scalability.ini]
[2022.07.25-18.52.02:361][  0]LogConfig: Setting CVar [[r.MotionBlurQuality:4]]
[2022.07.25-18.52.02:361][  0]LogConfig: Setting CVar [[r.AmbientOcclusionMipLevelFactor:0.4]]
[2022.07.25-18.52.02:361][  0]LogConfig: Setting CVar [[r.AmbientOcclusionMaxQuality:100]]
[2022.07.25-18.52.02:361][  0]LogConfig: Setting CVar [[r.AmbientOcclusionLevels:-1]]
[2022.07.25-18.52.02:361][  0]LogConfig: Setting CVar [[r.AmbientOcclusionRadiusScale:1.0]]
[2022.07.25-18.52.02:361][  0]LogConfig: Setting CVar [[r.DepthOfFieldQuality:2]]
[2022.07.25-18.52.02:361][  0]LogConfig: Setting CVar [[r.RenderTargetPoolMin:400]]
[2022.07.25-18.52.02:361][  0]LogConfig: Setting CVar [[r.LensFlareQuality:2]]
[2022.07.25-18.52.02:361][  0]LogConfig: Setting CVar [[r.SceneColorFringeQuality:1]]
[2022.07.25-18.52.02:361][  0]LogConfig: Setting CVar [[r.EyeAdaptationQuality:2]]
[2022.07.25-18.52.02:361][  0]LogConfig: Setting CVar [[r.BloomQuality:5]]
[2022.07.25-18.52.02:361][  0]LogConfig: Setting CVar [[r.FastBlurThreshold:100]]
[2022.07.25-18.52.02:361][  0]LogConfig: Setting CVar [[r.Upscale.Quality:3]]
[2022.07.25-18.52.02:361][  0]LogConfig: Setting CVar [[r.Tonemapper.GrainQuantization:1]]
[2022.07.25-18.52.02:361][  0]LogConfig: Setting CVar [[r.LightShaftQuality:1]]
[2022.07.25-18.52.02:361][  0]LogConfig: Setting CVar [[r.Filter.SizeScale:1]]
[2022.07.25-18.52.02:361][  0]LogConfig: Setting CVar [[r.Tonemapper.Quality:5]]
[2022.07.25-18.52.02:361][  0]LogConfig: Setting CVar [[r.DOF.Gather.AccumulatorQuality:1        ; higher gathering accumulator quality]]
[2022.07.25-18.52.02:361][  0]LogConfig: Setting CVar [[r.DOF.Gather.PostfilterMethod:1          ; Median3x3 postfilering method]]
[2022.07.25-18.52.02:361][  0]LogConfig: Setting CVar [[r.DOF.Gather.EnableBokehSettings:0       ; no bokeh simulation when gathering]]
[2022.07.25-18.52.02:361][  0]LogConfig: Setting CVar [[r.DOF.Gather.RingCount:4                 ; medium number of samples when gathering]]
[2022.07.25-18.52.02:361][  0]LogConfig: Setting CVar [[r.DOF.Scatter.ForegroundCompositing:1    ; additive foreground scattering]]
[2022.07.25-18.52.02:361][  0]LogConfig: Setting CVar [[r.DOF.Scatter.BackgroundCompositing:2    ; additive background scattering]]
[2022.07.25-18.52.02:361][  0]LogConfig: Setting CVar [[r.DOF.Scatter.EnableBokehSettings:1      ; bokeh simulation when scattering]]
[2022.07.25-18.52.02:361][  0]LogConfig: Setting CVar [[r.DOF.Scatter.MaxSpriteRatio:0.1         ; only a maximum of 10% of scattered bokeh]]
[2022.07.25-18.52.02:361][  0]LogConfig: Setting CVar [[r.DOF.Recombine.Quality:1                ; cheap slight out of focus]]
[2022.07.25-18.52.02:361][  0]LogConfig: Setting CVar [[r.DOF.Recombine.EnableBokehSettings:0    ; no bokeh simulation on slight out of focus]]
[2022.07.25-18.52.02:361][  0]LogConfig: Setting CVar [[r.DOF.TemporalAAQuality:1                ; more stable temporal accumulation]]
[2022.07.25-18.52.02:361][  0]LogConfig: Setting CVar [[r.DOF.Kernel.MaxForegroundRadius:0.025]]
[2022.07.25-18.52.02:361][  0]LogConfig: Setting CVar [[r.DOF.Kernel.MaxBackgroundRadius:0.025]]
[2022.07.25-18.52.02:361][  0]LogConfig: Applying CVar settings from Section [TextureQuality@3] File [C:/Users/ericb/Documents/Current Project Files/Daily-Scrums/SideScroller2D/Saved/Config/Windows/Scalability.ini]
[2022.07.25-18.52.02:361][  0]LogConfig: Setting CVar [[r.Streaming.MipBias:0]]
[2022.07.25-18.52.02:361][  0]LogConfig: Setting CVar [[r.Streaming.AmortizeCPUToGPUCopy:0]]
[2022.07.25-18.52.02:361][  0]LogConfig: Setting CVar [[r.Streaming.MaxNumTexturesToStreamPerFrame:0]]
[2022.07.25-18.52.02:361][  0]LogConfig: Setting CVar [[r.Streaming.Boost:1]]
[2022.07.25-18.52.02:361][  0]LogConfig: Setting CVar [[r.MaxAnisotropy:8]]
[2022.07.25-18.52.02:361][  0]LogConfig: Setting CVar [[r.VT.MaxAnisotropy:8]]
[2022.07.25-18.52.02:361][  0]LogConfig: Setting CVar [[r.Streaming.LimitPoolSizeToVRAM:0]]
[2022.07.25-18.52.02:361][  0]LogConfig: Setting CVar [[r.Streaming.PoolSize:1000]]
[2022.07.25-18.52.02:361][  0]LogConfig: Setting CVar [[r.Streaming.MaxEffectiveScreenSize:0]]
[2022.07.25-18.52.02:361][  0]LogConfig: Applying CVar settings from Section [EffectsQuality@3] File [C:/Users/ericb/Documents/Current Project Files/Daily-Scrums/SideScroller2D/Saved/Config/Windows/Scalability.ini]
[2022.07.25-18.52.02:361][  0]LogConfig: Setting CVar [[r.TranslucencyLightingVolumeDim:64]]
[2022.07.25-18.52.02:361][  0]LogConfig: Setting CVar [[r.RefractionQuality:2]]
[2022.07.25-18.52.02:361][  0]LogConfig: Setting CVar [[r.SSR.Quality:3]]
[2022.07.25-18.52.02:361][  0]LogConfig: Setting CVar [[r.SSR.HalfResSceneColor:0]]
[2022.07.25-18.52.02:361][  0]LogConfig: Setting CVar [[r.SceneColorFormat:4]]
[2022.07.25-18.52.02:361][  0]LogConfig: Setting CVar [[r.DetailMode:2]]
[2022.07.25-18.52.02:361][  0]LogConfig: Setting CVar [[r.TranslucencyVolumeBlur:1]]
[2022.07.25-18.52.02:361][  0]LogConfig: Setting CVar [[r.MaterialQualityLevel:1 ; High quality]]
[2022.07.25-18.52.02:361][  0]LogConfig: Setting CVar [[r.AnisotropicMaterials:1]]
[2022.07.25-18.52.02:361][  0]LogConfig: Setting CVar [[r.SSS.Scale:1]]
[2022.07.25-18.52.02:361][  0]LogConfig: Setting CVar [[r.SSS.SampleSet:2]]
[2022.07.25-18.52.02:361][  0]LogConfig: Setting CVar [[r.SSS.Quality:1]]
[2022.07.25-18.52.02:361][  0]LogConfig: Setting CVar [[r.SSS.HalfRes:0]]
[2022.07.25-18.52.02:361][  0]LogConfig: Setting CVar [[r.SSGI.Quality:3]]
[2022.07.25-18.52.02:361][  0]LogConfig: Setting CVar [[r.EmitterSpawnRateScale:1.0]]
[2022.07.25-18.52.02:361][  0]LogConfig: Setting CVar [[r.ParticleLightQuality:2]]
[2022.07.25-18.52.02:361][  0]LogConfig: Setting CVar [[r.SkyAtmosphere.AerialPerspectiveLUT.FastApplyOnOpaque:1 ; Always have FastSkyLUT 1 in this case to avoid wrong sky]]
[2022.07.25-18.52.02:361][  0]LogConfig: Setting CVar [[r.SkyAtmosphere.AerialPerspectiveLUT.SampleCountMaxPerSlice:4]]
[2022.07.25-18.52.02:361][  0]LogConfig: Setting CVar [[r.SkyAtmosphere.AerialPerspectiveLUT.DepthResolution:16.0]]
[2022.07.25-18.52.02:361][  0]LogConfig: Setting CVar [[r.SkyAtmosphere.FastSkyLUT:1]]
[2022.07.25-18.52.02:361][  0]LogConfig: Setting CVar [[r.SkyAtmosphere.FastSkyLUT.SampleCountMin:4.0]]
[2022.07.25-18.52.02:361][  0]LogConfig: Setting CVar [[r.SkyAtmosphere.FastSkyLUT.SampleCountMax:128.0]]
[2022.07.25-18.52.02:361][  0]LogConfig: Setting CVar [[r.SkyAtmosphere.SampleCountMin:4.0]]
[2022.07.25-18.52.02:361][  0]LogConfig: Setting CVar [[r.SkyAtmosphere.SampleCountMax:128.0]]
[2022.07.25-18.52.02:361][  0]LogConfig: Setting CVar [[r.SkyAtmosphere.TransmittanceLUT.UseSmallFormat:0]]
[2022.07.25-18.52.02:361][  0]LogConfig: Setting CVar [[r.SkyAtmosphere.TransmittanceLUT.SampleCount:10.0]]
[2022.07.25-18.52.02:361][  0]LogConfig: Setting CVar [[r.SkyAtmosphere.MultiScatteringLUT.SampleCount:15.0]]
[2022.07.25-18.52.02:361][  0]LogConfig: Setting CVar [[r.SkyLight.RealTimeReflectionCapture:1]]
[2022.07.25-18.52.02:361][  0]LogConfig: Applying CVar settings from Section [FoliageQuality@3] File [C:/Users/ericb/Documents/Current Project Files/Daily-Scrums/SideScroller2D/Saved/Config/Windows/Scalability.ini]
[2022.07.25-18.52.02:361][  0]LogConfig: Setting CVar [[foliage.DensityScale:1.0]]
[2022.07.25-18.52.02:361][  0]LogConfig: Setting CVar [[grass.DensityScale:1.0]]
[2022.07.25-18.52.02:361][  0]LogConfig: Applying CVar settings from Section [ShadingQuality@3] File [C:/Users/ericb/Documents/Current Project Files/Daily-Scrums/SideScroller2D/Saved/Config/Windows/Scalability.ini]
[2022.07.25-18.52.02:361][  0]LogConfig: Setting CVar [[r.HairStrands.SkyLighting.IntegrationType:2]]
[2022.07.25-18.52.02:361][  0]LogConfig: Setting CVar [[r.HairStrands.SkyAO.SampleCount:4]]
[2022.07.25-18.52.02:361][  0]LogConfig: Setting CVar [[r.HairStrands.Visibility.MSAA.SamplePerPixel:4]]
[2022.07.25-18.52.02:362][  0]LogInit: Selected Device Profile: [Windows]
[2022.07.25-18.52.02:362][  0]LogInit: Applying CVar settings loaded from the selected device profile: [Windows]
[2022.07.25-18.52.02:362][  0]LogHAL: Display: Platform has ~ 16 GB [16824614912 / 17179869184 / 16], which maps to Larger [LargestMinGB=32, LargerMinGB=12, DefaultMinGB=8, SmallerMinGB=6, SmallestMinGB=0)
[2022.07.25-18.52.02:362][  0]LogInit: Going up to parent DeviceProfile []
[2022.07.25-18.52.02:362][  0]LogConfig: Applying CVar settings from Section [ViewDistanceQuality@3] File [C:/Users/ericb/Documents/Current Project Files/Daily-Scrums/SideScroller2D/Saved/Config/Windows/Scalability.ini]
[2022.07.25-18.52.02:362][  0]LogConfig: Setting CVar [[r.SkeletalMeshLODBias:0]]
[2022.07.25-18.52.02:362][  0]LogConfig: Setting CVar [[r.ViewDistanceScale:1.0]]
[2022.07.25-18.52.02:362][  0]LogConfig: Applying CVar settings from Section [AntiAliasingQuality@3] File [C:/Users/ericb/Documents/Current Project Files/Daily-Scrums/SideScroller2D/Saved/Config/Windows/Scalability.ini]
[2022.07.25-18.52.02:362][  0]LogConfig: Setting CVar [[r.PostProcessAAQuality:4]]
[2022.07.25-18.52.02:362][  0]LogConfig: Applying CVar settings from Section [ShadowQuality@3] File [C:/Users/ericb/Documents/Current Project Files/Daily-Scrums/SideScroller2D/Saved/Config/Windows/Scalability.ini]
[2022.07.25-18.52.02:362][  0]LogConfig: Setting CVar [[r.LightFunctionQuality:1]]
[2022.07.25-18.52.02:362][  0]LogConfig: Setting CVar [[r.ShadowQuality:5]]
[2022.07.25-18.52.02:362][  0]LogConfig: Setting CVar [[r.Shadow.CSM.MaxCascades:10]]
[2022.07.25-18.52.02:362][  0]LogConfig: Setting CVar [[r.Shadow.MaxResolution:2048]]
[2022.07.25-18.52.02:362][  0]LogConfig: Setting CVar [[r.Shadow.MaxCSMResolution:2048]]
[2022.07.25-18.52.02:362][  0]LogConfig: Setting CVar [[r.Shadow.RadiusThreshold:0.01]]
[2022.07.25-18.52.02:362][  0]LogConfig: Setting CVar [[r.Shadow.DistanceScale:1.0]]
[2022.07.25-18.52.02:362][  0]LogConfig: Setting CVar [[r.Shadow.CSM.TransitionScale:1.0]]
[2022.07.25-18.52.02:362][  0]LogConfig: Setting CVar [[r.Shadow.PreShadowResolutionFactor:1.0]]
[2022.07.25-18.52.02:362][  0]LogConfig: Setting CVar [[r.DistanceFieldShadowing:1]]
[2022.07.25-18.52.02:362][  0]LogConfig: Setting CVar [[r.DistanceFieldAO:1]]
[2022.07.25-18.52.02:362][  0]LogConfig: Setting CVar [[r.AOQuality:2]]
[2022.07.25-18.52.02:362][  0]LogConfig: Setting CVar [[r.VolumetricFog:1]]
[2022.07.25-18.52.02:362][  0]LogConfig: Setting CVar [[r.VolumetricFog.GridPixelSize:8]]
[2022.07.25-18.52.02:362][  0]LogConfig: Setting CVar [[r.VolumetricFog.GridSizeZ:128]]
[2022.07.25-18.52.02:362][  0]LogConfig: Setting CVar [[r.VolumetricFog.HistoryMissSupersampleCount:4]]
[2022.07.25-18.52.02:362][  0]LogConfig: Setting CVar [[r.LightMaxDrawDistanceScale:1]]
[2022.07.25-18.52.02:362][  0]LogConfig: Setting CVar [[r.CapsuleShadows:1]]
[2022.07.25-18.52.02:362][  0]LogConfig: Applying CVar settings from Section [PostProcessQuality@3] File [C:/Users/ericb/Documents/Current Project Files/Daily-Scrums/SideScroller2D/Saved/Config/Windows/Scalability.ini]
[2022.07.25-18.52.02:362][  0]LogConfig: Setting CVar [[r.MotionBlurQuality:4]]
[2022.07.25-18.52.02:362][  0]LogConfig: Setting CVar [[r.AmbientOcclusionMipLevelFactor:0.4]]
[2022.07.25-18.52.02:362][  0]LogConfig: Setting CVar [[r.AmbientOcclusionMaxQuality:100]]
[2022.07.25-18.52.02:362][  0]LogConfig: Setting CVar [[r.AmbientOcclusionLevels:-1]]
[2022.07.25-18.52.02:362][  0]LogConfig: Setting CVar [[r.AmbientOcclusionRadiusScale:1.0]]
[2022.07.25-18.52.02:362][  0]LogConfig: Setting CVar [[r.DepthOfFieldQuality:2]]
[2022.07.25-18.52.02:362][  0]LogConfig: Setting CVar [[r.RenderTargetPoolMin:400]]
[2022.07.25-18.52.02:362][  0]LogConfig: Setting CVar [[r.LensFlareQuality:2]]
[2022.07.25-18.52.02:362][  0]LogConfig: Setting CVar [[r.SceneColorFringeQuality:1]]
[2022.07.25-18.52.02:362][  0]LogConfig: Setting CVar [[r.EyeAdaptationQuality:2]]
[2022.07.25-18.52.02:362][  0]LogConfig: Setting CVar [[r.BloomQuality:5]]
[2022.07.25-18.52.02:362][  0]LogConfig: Setting CVar [[r.FastBlurThreshold:100]]
[2022.07.25-18.52.02:362][  0]LogConfig: Setting CVar [[r.Upscale.Quality:3]]
[2022.07.25-18.52.02:362][  0]LogConfig: Setting CVar [[r.Tonemapper.GrainQuantization:1]]
[2022.07.25-18.52.02:362][  0]LogConfig: Setting CVar [[r.LightShaftQuality:1]]
[2022.07.25-18.52.02:362][  0]LogConfig: Setting CVar [[r.Filter.SizeScale:1]]
[2022.07.25-18.52.02:362][  0]LogConfig: Setting CVar [[r.Tonemapper.Quality:5]]
[2022.07.25-18.52.02:362][  0]LogConfig: Setting CVar [[r.DOF.Gather.AccumulatorQuality:1        ; higher gathering accumulator quality]]
[2022.07.25-18.52.02:362][  0]LogConfig: Setting CVar [[r.DOF.Gather.PostfilterMethod:1          ; Median3x3 postfilering method]]
[2022.07.25-18.52.02:362][  0]LogConfig: Setting CVar [[r.DOF.Gather.EnableBokehSettings:0       ; no bokeh simulation when gathering]]
[2022.07.25-18.52.02:362][  0]LogConfig: Setting CVar [[r.DOF.Gather.RingCount:4                 ; medium number of samples when gathering]]
[2022.07.25-18.52.02:362][  0]LogConfig: Setting CVar [[r.DOF.Scatter.ForegroundCompositing:1    ; additive foreground scattering]]
[2022.07.25-18.52.02:362][  0]LogConfig: Setting CVar [[r.DOF.Scatter.BackgroundCompositing:2    ; additive background scattering]]
[2022.07.25-18.52.02:362][  0]LogConfig: Setting CVar [[r.DOF.Scatter.EnableBokehSettings:1      ; bokeh simulation when scattering]]
[2022.07.25-18.52.02:362][  0]LogConfig: Setting CVar [[r.DOF.Scatter.MaxSpriteRatio:0.1         ; only a maximum of 10% of scattered bokeh]]
[2022.07.25-18.52.02:362][  0]LogConfig: Setting CVar [[r.DOF.Recombine.Quality:1                ; cheap slight out of focus]]
[2022.07.25-18.52.02:362][  0]LogConfig: Setting CVar [[r.DOF.Recombine.EnableBokehSettings:0    ; no bokeh simulation on slight out of focus]]
[2022.07.25-18.52.02:362][  0]LogConfig: Setting CVar [[r.DOF.TemporalAAQuality:1                ; more stable temporal accumulation]]
[2022.07.25-18.52.02:362][  0]LogConfig: Setting CVar [[r.DOF.Kernel.MaxForegroundRadius:0.025]]
[2022.07.25-18.52.02:362][  0]LogConfig: Setting CVar [[r.DOF.Kernel.MaxBackgroundRadius:0.025]]
[2022.07.25-18.52.02:362][  0]LogConfig: Applying CVar settings from Section [TextureQuality@3] File [C:/Users/ericb/Documents/Current Project Files/Daily-Scrums/SideScroller2D/Saved/Config/Windows/Scalability.ini]
[2022.07.25-18.52.02:362][  0]LogConfig: Setting CVar [[r.Streaming.MipBias:0]]
[2022.07.25-18.52.02:362][  0]LogConfig: Setting CVar [[r.Streaming.AmortizeCPUToGPUCopy:0]]
[2022.07.25-18.52.02:362][  0]LogConfig: Setting CVar [[r.Streaming.MaxNumTexturesToStreamPerFrame:0]]
[2022.07.25-18.52.02:362][  0]LogConfig: Setting CVar [[r.Streaming.Boost:1]]
[2022.07.25-18.52.02:362][  0]LogConfig: Setting CVar [[r.MaxAnisotropy:8]]
[2022.07.25-18.52.02:362][  0]LogConfig: Setting CVar [[r.VT.MaxAnisotropy:8]]
[2022.07.25-18.52.02:362][  0]LogConfig: Setting CVar [[r.Streaming.LimitPoolSizeToVRAM:0]]
[2022.07.25-18.52.02:362][  0]LogConfig: Setting CVar [[r.Streaming.PoolSize:1000]]
[2022.07.25-18.52.02:362][  0]LogConfig: Setting CVar [[r.Streaming.MaxEffectiveScreenSize:0]]
[2022.07.25-18.52.02:362][  0]LogConfig: Applying CVar settings from Section [EffectsQuality@3] File [C:/Users/ericb/Documents/Current Project Files/Daily-Scrums/SideScroller2D/Saved/Config/Windows/Scalability.ini]
[2022.07.25-18.52.02:362][  0]LogConfig: Setting CVar [[r.TranslucencyLightingVolumeDim:64]]
[2022.07.25-18.52.02:362][  0]LogConfig: Setting CVar [[r.RefractionQuality:2]]
[2022.07.25-18.52.02:362][  0]LogConfig: Setting CVar [[r.SSR.Quality:3]]
[2022.07.25-18.52.02:362][  0]LogConfig: Setting CVar [[r.SSR.HalfResSceneColor:0]]
[2022.07.25-18.52.02:362][  0]LogConfig: Setting CVar [[r.SceneColorFormat:4]]
[2022.07.25-18.52.02:362][  0]LogConfig: Setting CVar [[r.DetailMode:2]]
[2022.07.25-18.52.02:362][  0]LogConfig: Setting CVar [[r.TranslucencyVolumeBlur:1]]
[2022.07.25-18.52.02:362][  0]LogConfig: Setting CVar [[r.MaterialQualityLevel:1 ; High quality]]
[2022.07.25-18.52.02:362][  0]LogConfig: Setting CVar [[r.AnisotropicMaterials:1]]
[2022.07.25-18.52.02:362][  0]LogConfig: Setting CVar [[r.SSS.Scale:1]]
[2022.07.25-18.52.02:362][  0]LogConfig: Setting CVar [[r.SSS.SampleSet:2]]
[2022.07.25-18.52.02:362][  0]LogConfig: Setting CVar [[r.SSS.Quality:1]]
[2022.07.25-18.52.02:362][  0]LogConfig: Setting CVar [[r.SSS.HalfRes:0]]
[2022.07.25-18.52.02:362][  0]LogConfig: Setting CVar [[r.SSGI.Quality:3]]
[2022.07.25-18.52.02:362][  0]LogConfig: Setting CVar [[r.EmitterSpawnRateScale:1.0]]
[2022.07.25-18.52.02:362][  0]LogConfig: Setting CVar [[r.ParticleLightQuality:2]]
[2022.07.25-18.52.02:362][  0]LogConfig: Setting CVar [[r.SkyAtmosphere.AerialPerspectiveLUT.FastApplyOnOpaque:1 ; Always have FastSkyLUT 1 in this case to avoid wrong sky]]
[2022.07.25-18.52.02:362][  0]LogConfig: Setting CVar [[r.SkyAtmosphere.AerialPerspectiveLUT.SampleCountMaxPerSlice:4]]
[2022.07.25-18.52.02:362][  0]LogConfig: Setting CVar [[r.SkyAtmosphere.AerialPerspectiveLUT.DepthResolution:16.0]]
[2022.07.25-18.52.02:362][  0]LogConfig: Setting CVar [[r.SkyAtmosphere.FastSkyLUT:1]]
[2022.07.25-18.52.02:362][  0]LogConfig: Setting CVar [[r.SkyAtmosphere.FastSkyLUT.SampleCountMin:4.0]]
[2022.07.25-18.52.02:362][  0]LogConfig: Setting CVar [[r.SkyAtmosphere.FastSkyLUT.SampleCountMax:128.0]]
[2022.07.25-18.52.02:362][  0]LogConfig: Setting CVar [[r.SkyAtmosphere.SampleCountMin:4.0]]
[2022.07.25-18.52.02:362][  0]LogConfig: Setting CVar [[r.SkyAtmosphere.SampleCountMax:128.0]]
[2022.07.25-18.52.02:362][  0]LogConfig: Setting CVar [[r.SkyAtmosphere.TransmittanceLUT.UseSmallFormat:0]]
[2022.07.25-18.52.02:362][  0]LogConfig: Setting CVar [[r.SkyAtmosphere.TransmittanceLUT.SampleCount:10.0]]
[2022.07.25-18.52.02:362][  0]LogConfig: Setting CVar [[r.SkyAtmosphere.MultiScatteringLUT.SampleCount:15.0]]
[2022.07.25-18.52.02:362][  0]LogConfig: Setting CVar [[r.SkyLight.RealTimeReflectionCapture:1]]
[2022.07.25-18.52.02:362][  0]LogConfig: Applying CVar settings from Section [FoliageQuality@3] File [C:/Users/ericb/Documents/Current Project Files/Daily-Scrums/SideScroller2D/Saved/Config/Windows/Scalability.ini]
[2022.07.25-18.52.02:362][  0]LogConfig: Setting CVar [[foliage.DensityScale:1.0]]
[2022.07.25-18.52.02:362][  0]LogConfig: Setting CVar [[grass.DensityScale:1.0]]
[2022.07.25-18.52.02:362][  0]LogConfig: Applying CVar settings from Section [ShadingQuality@3] File [C:/Users/ericb/Documents/Current Project Files/Daily-Scrums/SideScroller2D/Saved/Config/Windows/Scalability.ini]
[2022.07.25-18.52.02:362][  0]LogConfig: Setting CVar [[r.HairStrands.SkyLighting.IntegrationType:2]]
[2022.07.25-18.52.02:362][  0]LogConfig: Setting CVar [[r.HairStrands.SkyAO.SampleCount:4]]
[2022.07.25-18.52.02:362][  0]LogConfig: Setting CVar [[r.HairStrands.Visibility.MSAA.SamplePerPixel:4]]
[2022.07.25-18.52.02:362][  0]LogConfig: Applying CVar settings from Section [Startup] File [../../../Engine/Config/ConsoleVariables.ini]
[2022.07.25-18.52.02:363][  0]LogConfig: Setting CVar [[net.UseAdaptiveNetUpdateFrequency:0]]
[2022.07.25-18.52.02:363][  0]LogConfig: Setting CVar [[p.chaos.AllowCreatePhysxBodies:1]]
[2022.07.25-18.52.02:363][  0]LogConfig: Setting CVar [[fx.SkipVectorVMBackendOptimizations:1]]
[2022.07.25-18.52.02:363][  0]LogConfig: Applying CVar settings from Section [ConsoleVariables] File [C:/Users/ericb/Documents/Current Project Files/Daily-Scrums/SideScroller2D/Saved/Config/Windows/Engine.ini]
[2022.07.25-18.52.02:363][  0]LogConfig: Applying CVar settings from Section [ConsoleVariables] File [C:/Users/ericb/Documents/Current Project Files/Daily-Scrums/SideScroller2D/Saved/Config/Windows/Editor.ini]
[2022.07.25-18.52.02:363][  0]LogInit: Computer: ERIC-PC
[2022.07.25-18.52.02:363][  0]LogInit: User: ericb
[2022.07.25-18.52.02:363][  0]LogInit: CPU Page size=4096, Cores=8
[2022.07.25-18.52.02:363][  0]LogInit: High frequency timer resolution =10.000000 MHz
[2022.07.25-18.52.02:363][  0]LogMemory: Memory total: Physical=15.7GB (16GB approx)
[2022.07.25-18.52.02:363][  0]LogMemory: Platform Memory Stats for Windows
[2022.07.25-18.52.02:363][  0]LogMemory: Process Physical Memory: 152.34 MB used, 155.72 MB peak
[2022.07.25-18.52.02:363][  0]LogMemory: Process Virtual Memory: 135.56 MB used, 135.56 MB peak
[2022.07.25-18.52.02:363][  0]LogMemory: Physical Memory: 9781.82 MB used,  6263.38 MB free, 16045.20 MB total
[2022.07.25-18.52.02:363][  0]LogMemory: Virtual Memory: 134203664.00 MB used,  14062.03 MB free, 134217728.00 MB total
[2022.07.25-18.52.02:559][  0]LogWindows: WindowsPlatformFeatures enabled
[2022.07.25-18.52.02:841][  0]LogInit: Physics initialised using underlying interface: PhysX
[2022.07.25-18.52.02:841][  0]LogInit: Using OS detected language (en-US).
[2022.07.25-18.52.02:841][  0]LogInit: Using OS detected locale (en-CA).
[2022.07.25-18.52.02:845][  0]LogTextLocalizationManager: No specific localization for 'en-US' exists, so the 'en' localization will be used.
[2022.07.25-18.52.03:038][  0]LogInit: Setting process to per monitor DPI aware
[2022.07.25-18.52.03:052][  0]LogWindowsTextInputMethodSystem: Display: IME system deactivated.
[2022.07.25-18.52.03:102][  0]LogSlate: New Slate User Created.  User Index 0, Is Virtual User: 0
[2022.07.25-18.52.03:102][  0]LogSlate: Slate User Registered.  User Index 0, Is Virtual User: 0
[2022.07.25-18.52.04:668][  0]LogD3D11RHI: Loaded GFSDK_Aftermath_Lib.x64.dll
[2022.07.25-18.52.04:796][  0]LogHMD: Failed to initialize OpenVR with code 126
[2022.07.25-18.52.04:796][  0]LogD3D11RHI: D3D11 min allowed feature level: 11_0
[2022.07.25-18.52.04:796][  0]LogD3D11RHI: D3D11 max allowed feature level: 11_0
[2022.07.25-18.52.04:796][  0]LogD3D11RHI: D3D11 adapters:
[2022.07.25-18.52.04:868][  0]LogD3D11RHI:    0. 'NVIDIA GeForce RTX 3060 Laptop GPU' (Feature Level 11_0)
[2022.07.25-18.52.04:868][  0]LogD3D11RHI:       6023/0/8022 MB DedicatedVideo/DedicatedSystem/SharedSystem, Outputs:2, VendorId:0x10de
[2022.07.25-18.52.04:910][  0]LogD3D11RHI:    1. 'Intel(R) UHD Graphics' (Feature Level 11_0)
[2022.07.25-18.52.04:910][  0]LogD3D11RHI:       128/0/8022 MB DedicatedVideo/DedicatedSystem/SharedSystem, Outputs:0, VendorId:0x8086
[2022.07.25-18.52.04:912][  0]LogD3D11RHI:    2. 'Microsoft Basic Render Driver' (Feature Level 11_0)
[2022.07.25-18.52.04:912][  0]LogD3D11RHI:       0/0/8022 MB DedicatedVideo/DedicatedSystem/SharedSystem, Outputs:0, VendorId:0x1414
[2022.07.25-18.52.04:912][  0]LogD3D11RHI: Chosen D3D11 Adapter:
[2022.07.25-18.52.04:912][  0]LogD3D11RHI:     Description : NVIDIA GeForce RTX 3060 Laptop GPU
[2022.07.25-18.52.04:912][  0]LogD3D11RHI:     VendorId    : 10de
[2022.07.25-18.52.04:912][  0]LogD3D11RHI:     DeviceId    : 2560
[2022.07.25-18.52.04:912][  0]LogD3D11RHI:     SubSysId    : a8f1028
[2022.07.25-18.52.04:912][  0]LogD3D11RHI:     Revision    : 00a1
[2022.07.25-18.52.04:912][  0]LogD3D11RHI:     DedicatedVideoMemory : 6315573248 bytes
[2022.07.25-18.52.04:912][  0]LogD3D11RHI:     DedicatedSystemMemory : 0 bytes
[2022.07.25-18.52.04:912][  0]LogD3D11RHI:     SharedSystemMemory : 8412307456 bytes
[2022.07.25-18.52.04:912][  0]LogD3D11RHI:     AdapterLuid : 0 66767
[2022.07.25-18.52.04:917][  0]LogD3D11RHI: Creating new Direct3DDevice
[2022.07.25-18.52.04:917][  0]LogD3D11RHI:     GPU DeviceId: 0x2560 (for the marketing name, search the web for "GPU Device Id")
[2022.07.25-18.52.04:917][  0]LogWindows: EnumDisplayDevices:
[2022.07.25-18.52.04:918][  0]LogWindows:    0. 'Intel(R) UHD Graphics' (P:1 D:1)
[2022.07.25-18.52.04:918][  0]LogWindows:    1. 'Intel(R) UHD Graphics' (P:0 D:0)
[2022.07.25-18.52.04:918][  0]LogWindows:    2. 'Intel(R) UHD Graphics' (P:0 D:0)
[2022.07.25-18.52.04:918][  0]LogWindows:    3. 'Intel(R) UHD Graphics' (P:0 D:0)
[2022.07.25-18.52.04:918][  0]LogWindows:    4. 'NVIDIA GeForce RTX 3060 Laptop GPU' (P:0 D:1)
[2022.07.25-18.52.04:918][  0]LogWindows:    5. 'NVIDIA GeForce RTX 3060 Laptop GPU' (P:0 D:0)
[2022.07.25-18.52.04:918][  0]LogWindows:    6. 'NVIDIA GeForce RTX 3060 Laptop GPU' (P:0 D:0)
[2022.07.25-18.52.04:918][  0]LogWindows:    7. 'NVIDIA GeForce RTX 3060 Laptop GPU' (P:0 D:0)
[2022.07.25-18.52.04:919][  0]LogWindows: DebugString: PrimaryIsNotTheChoosenAdapter PrimaryIsNotTheChoosenAdapter PrimaryIsNotTheChoosenAdapter PrimaryIsNotTheChoosenAdapter FoundDriverCount:4 
[2022.07.25-18.52.04:919][  0]LogD3D11RHI:     Adapter Name: NVIDIA GeForce RTX 3060 Laptop GPU
[2022.07.25-18.52.04:919][  0]LogD3D11RHI:   Driver Version: 516.59 (internal:31.0.15.1659, unified:516.59)
[2022.07.25-18.52.04:919][  0]LogD3D11RHI:      Driver Date: 6-23-2022
[2022.07.25-18.52.04:919][  0]LogRHI: Texture pool is 4216 MB (70% of 6023 MB)
[2022.07.25-18.52.04:919][  0]LogD3D11RHI: Creating D3DDevice using adapter:
[2022.07.25-18.52.04:919][  0]LogD3D11RHI:     Description : NVIDIA GeForce RTX 3060 Laptop GPU
[2022.07.25-18.52.04:919][  0]LogD3D11RHI:     VendorId    : 10de
[2022.07.25-18.52.04:919][  0]LogD3D11RHI:     DeviceId    : 2560
[2022.07.25-18.52.04:919][  0]LogD3D11RHI:     SubSysId    : a8f1028
[2022.07.25-18.52.04:919][  0]LogD3D11RHI:     Revision    : 00a1
[2022.07.25-18.52.04:919][  0]LogD3D11RHI:     DedicatedVideoMemory : 6315573248 bytes
[2022.07.25-18.52.04:919][  0]LogD3D11RHI:     DedicatedSystemMemory : 0 bytes
[2022.07.25-18.52.04:919][  0]LogD3D11RHI:     SharedSystemMemory : 8412307456 bytes
[2022.07.25-18.52.04:919][  0]LogD3D11RHI:     AdapterLuid : 0 66767
[2022.07.25-18.52.04:966][  0]LogD3D11RHI: RHI has support for 64 bit atomics
[2022.07.25-18.52.04:966][  0]LogD3D11RHI: Async texture creation enabled
[2022.07.25-18.52.04:966][  0]LogD3D11RHI: Array index from any shader is supported
[2022.07.25-18.52.04:996][  0]LogD3D11RHI: GPU Timing Frequency: 1000.000000 (Debug: 2 2)
[2022.07.25-18.52.05:046][  0]LogRHI: GeForceNow SDK initialized: 1
[2022.07.25-18.52.05:386][  0]LogTargetPlatformManager: Display: Loaded TargetPlatform 'AllDesktop'
[2022.07.25-18.52.05:420][  0]LogTargetPlatformManager: Display: Loaded TargetPlatform 'Android'
[2022.07.25-18.52.05:420][  0]LogTargetPlatformManager: Display: Loaded TargetPlatform 'Android_ASTC'
[2022.07.25-18.52.05:420][  0]LogTargetPlatformManager: Display: Loaded TargetPlatform 'Android_DXT'
[2022.07.25-18.52.05:420][  0]LogTargetPlatformManager: Display: Loaded TargetPlatform 'Android_ETC2'
[2022.07.25-18.52.05:420][  0]LogTargetPlatformManager: Display: Loaded TargetPlatform 'AndroidClient'
[2022.07.25-18.52.05:420][  0]LogTargetPlatformManager: Display: Loaded TargetPlatform 'Android_ASTCClient'
[2022.07.25-18.52.05:421][  0]LogTargetPlatformManager: Display: Loaded TargetPlatform 'Android_DXTClient'
[2022.07.25-18.52.05:421][  0]LogTargetPlatformManager: Display: Loaded TargetPlatform 'Android_ETC2Client'
[2022.07.25-18.52.05:421][  0]LogTargetPlatformManager: Display: Loaded TargetPlatform 'Android_Multi'
[2022.07.25-18.52.05:421][  0]LogTargetPlatformManager: Display: Loaded TargetPlatform 'Android_MultiClient'
[2022.07.25-18.52.05:476][  0]LogTargetPlatformManager: Display: Loaded TargetPlatform 'IOSClient'
[2022.07.25-18.52.05:476][  0]LogTargetPlatformManager: Display: Loaded TargetPlatform 'IOS'
[2022.07.25-18.52.05:498][  0]LogTargetPlatformManager: Display: Loaded TargetPlatform 'Linux'
[2022.07.25-18.52.05:514][  0]LogTargetPlatformManager: Display: Loaded TargetPlatform 'LinuxNoEditor'
[2022.07.25-18.52.05:529][  0]LogTargetPlatformManager: Display: Loaded TargetPlatform 'LinuxClient'
[2022.07.25-18.52.05:545][  0]LogTargetPlatformManager: Display: Loaded TargetPlatform 'LinuxServer'
[2022.07.25-18.52.05:565][  0]LogTargetPlatformManager: Display: Loaded TargetPlatform 'LinuxAArch64NoEditor'
[2022.07.25-18.52.05:580][  0]LogTargetPlatformManager: Display: Loaded TargetPlatform 'LinuxAArch64Client'
[2022.07.25-18.52.05:599][  0]LogTargetPlatformManager: Display: Loaded TargetPlatform 'LinuxAArch64Server'
[2022.07.25-18.52.05:633][  0]LogTargetPlatformManager: Display: Loaded TargetPlatform 'Lumin'
[2022.07.25-18.52.05:633][  0]LogTargetPlatformManager: Display: Loaded TargetPlatform 'LuminClient'
[2022.07.25-18.52.05:653][  0]LogTargetPlatformManager: Display: Loaded TargetPlatform 'MacNoEditor'
[2022.07.25-18.52.05:669][  0]LogTargetPlatformManager: Display: Loaded TargetPlatform 'Mac'
[2022.07.25-18.52.05:687][  0]LogTargetPlatformManager: Display: Loaded TargetPlatform 'MacClient'
[2022.07.25-18.52.05:702][  0]LogTargetPlatformManager: Display: Loaded TargetPlatform 'MacServer'
[2022.07.25-18.52.05:723][  0]LogTargetPlatformManager: Display: Loaded TargetPlatform 'TVOSClient'
[2022.07.25-18.52.05:723][  0]LogTargetPlatformManager: Display: Loaded TargetPlatform 'TVOS'
[2022.07.25-18.52.05:747][  0]LogTargetPlatformManager: Display: Loaded TargetPlatform 'WindowsNoEditor'
[2022.07.25-18.52.05:766][  0]LogTargetPlatformManager: Display: Loaded TargetPlatform 'Windows'
[2022.07.25-18.52.05:787][  0]LogTargetPlatformManager: Display: Loaded TargetPlatform 'WindowsClient'
[2022.07.25-18.52.05:807][  0]LogTargetPlatformManager: Display: Loaded TargetPlatform 'WindowsServer'
[2022.07.25-18.52.05:807][  0]LogTargetPlatformManager: Display: Building Assets For Windows
[2022.07.25-18.52.05:872][  0]LogAudioDebug: Display: Lib vorbis DLL was dynamically loaded.
[2022.07.25-18.52.06:054][  0]LogTextureFormatOodle: Display: Oodle Texture 2.9.0 init RDO Off
[2022.07.25-18.52.06:270][  0]LogRendererCore: Ray tracing is disabled. Reason: r.RayTracing=0.
[2022.07.25-18.52.06:270][  0]LogShaderCompilers: Guid format shader working directory is -44 characters bigger than the processId version (../../../../../../Users/ericb/Documents/Current Project Files/Daily-Scrums/SideScroller2D/Intermediate/Shaders/WorkingDirectory/23988/).
[2022.07.25-18.52.06:270][  0]LogShaderCompilers: Cleaned the shader compiler working directory 'C:/Users/ericb/AppData/Local/Temp/UnrealShaderWorkingDir/0886E96A42ECAEAE44D1B7AF3063B54C/'.
[2022.07.25-18.52.06:270][  0]LogXGEController: Cannot use XGE Controller as Incredibuild is not installed on this machine.
[2022.07.25-18.52.06:270][  0]LogShaderCompilers: Cannot use XGE Shader Compiler as Incredibuild is not installed on this machine.
[2022.07.25-18.52.06:270][  0]LogShaderCompilers: Display: Using Local Shader Compiler.
[2022.07.25-18.52.08:378][  0]LogDerivedDataCache: Display: Max Cache Size: 512 MB
[2022.07.25-18.52.08:435][  0]LogDerivedDataCache: Loaded boot cache 0.06s 94MB C:/Users/ericb/AppData/Local/UnrealEngine/4.27/DerivedDataCache/Boot.ddc.
[2022.07.25-18.52.08:435][  0]LogDerivedDataCache: Display: Loaded Boot cache: C:/Users/ericb/AppData/Local/UnrealEngine/4.27/DerivedDataCache/Boot.ddc
[2022.07.25-18.52.08:435][  0]LogDerivedDataCache: FDerivedDataBackendGraph:  Pak pak cache file ../../../../../../Users/ericb/Documents/Current Project Files/Daily-Scrums/SideScroller2D/DerivedDataCache/DDC.ddp not found, will not use a pak cache.
[2022.07.25-18.52.08:435][  0]LogDerivedDataCache: Unable to find inner node Pak for hierarchical cache Hierarchy.
[2022.07.25-18.52.08:435][  0]LogDerivedDataCache: FDerivedDataBackendGraph:  CompressedPak pak cache file ../../../../../../Users/ericb/Documents/Current Project Files/Daily-Scrums/SideScroller2D/DerivedDataCache/Compressed.ddp not found, will not use a pak cache.
[2022.07.25-18.52.08:435][  0]LogDerivedDataCache: Unable to find inner node CompressedPak for hierarchical cache Hierarchy.
[2022.07.25-18.52.08:455][  0]LogDerivedDataCache: Display: Pak cache opened for reading ../../../Engine/DerivedDataCache/Compressed.ddp.
[2022.07.25-18.52.08:455][  0]LogDerivedDataCache: FDerivedDataBackendGraph:  EnterprisePak pak cache file ../../../Enterprise/DerivedDataCache/Compressed.ddp not found, will not use a pak cache.
[2022.07.25-18.52.08:455][  0]LogDerivedDataCache: Unable to find inner node EnterprisePak for hierarchical cache Hierarchy.
[2022.07.25-18.52.08:461][  0]LogDerivedDataCache: Speed tests for C:/Users/ericb/AppData/Local/UnrealEngine/Common/DerivedDataCache took 0.01 seconds
[2022.07.25-18.52.08:461][  0]LogDerivedDataCache: Display: Performance to C:/Users/ericb/AppData/Local/UnrealEngine/Common/DerivedDataCache: Latency=0.03ms. RandomReadSpeed=336.79MBs, RandomWriteSpeed=339.08MBs. Assigned SpeedClass 'Local'
[2022.07.25-18.52.08:462][  0]LogDerivedDataCache: Using Local data cache path C:/Users/ericb/AppData/Local/UnrealEngine/Common/DerivedDataCache: Writable
[2022.07.25-18.52.08:462][  0]LogDerivedDataCache: Shared data cache path not found in *engine.ini, will not use an Shared cache.
[2022.07.25-18.52.08:462][  0]LogDerivedDataCache: Unable to find inner node Shared for hierarchical cache Hierarchy.
[2022.07.25-18.52.08:500][  0]LogSlate: Using FreeType 2.10.0
[2022.07.25-18.52.08:515][  0]LogSlate: SlateFontServices - WITH_FREETYPE: 1, WITH_HARFBUZZ: 1
[2022.07.25-18.52.08:556][  0]LogAssetRegistry: FAssetRegistry took 0.0040 seconds to start up
[2022.07.25-18.52.08:876][  0]LogInit: Selected Device Profile: [Windows]
[2022.07.25-18.52.08:876][  0]LogInit: Active device profile: [00000290379A5100][000002902F4F8940 49] Windows
[2022.07.25-18.52.08:877][  0]LogInit: Profiles: [00000290379A5100][000002902F4F8940 49] Windows, [000002903796E700][000002902F4FCBC0 49] WindowsNoEditor, [00000290379A6200][000002902F504E80 49] WindowsServer, [000002903796D900][000002902F509140 49] WindowsClient, [00000290379A5700][000002902F50D400 49] IOS, [000002903796E900][0000029034F656C0 49] iPadAir, [00000290379A7C00][0000029034F69980 49] iPadAir2, [0000029037921400][0000029034F7C340 49] IPadPro, [0000029037921500][0000029034F6C380 49] iPadAir3, [000002903796FA00][0000029034F74640 49] iPadAir4, [0000029037922300][0000029034F70900 49] iPadMini2, [000002903796F100][000002902F500B80 49] iPadMini3, [0000029037922F00][0000029034F78E00 49] iPadMini4, [000002903796DD00][0000029034F850C0 49] iPadMini5, [0000029037925000][0000029034F99600 49] iPhone6, [0000029037925100][0000029034F89640 49] iPodTouch6, [00000290379A7900][0000029034FA1B80 49] iPhone7, [00000290379A6900][0000029034F91BC0 49] iPodTouch7, [0000029037921000][0000029034F94300 49] iPhone5S, [00000290379A6F00][0000029034F8C5C0 49] iPhone6Plus, [0000029037923600][0000029034F9C880 49] iPhone6S, [00000290379A4C00][0000029034FA4B40 49] iPhone6SPlus, [00000290379A5D00][0000029034F80DC0 49] iPhone7Plus, [0000029037924800][0000029034FA9040 49] iPhoneSE, [00000290379A4400][00000290375CF300 49] iPhone8, [0000029037924900][00000290375D35C0 49] iPhone8Plus, [0000029037926E00][00000290375D7880 49] iPhoneX, [0000029037921D00][00000290375DBB40 49] iPhoneXS, [0000029037926700][00000290375DE280 49] iPhoneXSMax, [0000029037921C00][00000290375E2540 49] iPhoneXR, [0000029037926800][00000290375E6800 49] iPhone11, [0000029037920F00][00000290375EAAC0 49] iPhone11Pro, [0000029037924B00][00000290375EED80 49] iPhone11ProMax, [0000029037920C00][0000029034FAD000 49] iPhoneSE2, [0000029037924E00][00000290375F3280 49] iPhone12Mini, [00000290379A7800][00000290375FB540 49] iPhone12, [0000029037927100][00000290375FF800 49] iPhone12Pro, [00000290379A7700][0000029037603AC0 49] iPhone12ProMax, [0000029037925E00][0000029037606200 49] iPadPro105, [00000290379A5400][000002903760A4C0 49] iPadPro129, [0000029037927E00][000002903760E780 49] iPadPro97, [00000290379A6800][0000029037612A40 49] iPadPro2_129, [0000029037926000][0000029037616D00 49] iPad5, [00000290379A6300][000002903761AFC0 49] iPad6, [0000029037927B00][00000290375F7240 49] iPad7, [00000290379A5E00][000002903761F4C0 49] iPad8, [0000029037924A00][0000029037627780 49] iPadPro11, [00000290379A7E00][000002903762BA40 49] iPadPro2_11, [0000029037925800][000002903762E180 49] iPadPro3_129, [00000290379A6700][0000029037632440 49] iPadPro4_129, [0000029037924200][0000029037636700 49] AppleTV, [00000290379A7F00][000002903763A9C0 49] AppleTV4K, [0000029037926400][000002903763EC80 49] TVOS, [00000290379A4100][0000029037642F40 49] Mac, [0000029037925D00][0000029037647200 49] MacClient, [00000290379A6A00][0000029037623480 49] MacNoEditor, [0000029037927A00][000002903764B700 49] MacServer, [00000290379A6000][00000290376539C0 49] Linux, [0000029037925600][0000029037656100 49] LinuxAArch64, [00000290379A4800][000002903765A3C0 49] LinuxNoEditor, [0000029037924C00][000002903765E680 49] LinuxAArch64NoEditor, [00000290379A7B00][0000029037662940 49] LinuxClient, [0000029037927400][0000029037666C00 49] LinuxAArch64Client, [00000290379A7A00][000002903766AEC0 49] LinuxServer, [0000029037924700][000002903766F180 49] LinuxAArch64Server, [00000290379A6D00][0000029037673440 49] Android, [0000029037926A00][000002903764F6C0 49] Android_Low, [00000290379A5F00][0000029037677940 49] Android_Mid, [0000029037925F00][000002903767FC00 49] Android_High, [00000290379A5900][0000029037682340 49] Android_Default, [0000029037927C00][0000029037686600 49] Android_Adreno4xx, [00000290379A7600][000002903768A8C0 49] Android_Adreno5xx_Low, [0000029037927200][000002903768EB80 49] Android_Adreno5xx, [00000290379A5000][0000029037692E40 49] Android_Adreno6xx, [0000029037926500][0000029037697100 49] Android_Adreno6xx_Vulkan, [00000290379A4A00][000002903769B3C0 49] Android_Mali_T6xx, [0000029037926900][000002903769F680 49] Android_Mali_T7xx, [00000290379A7D00][000002903767B900 49] Android_Mali_T8xx, [0000029037926D00][00000290376A3B80 49] Android_Mali_G71, [0000029037923100][00000290376AA2C0 49] Android_Mali_G72, [000002903796EF00][00000290376AE580 49] Android_Mali_G72_Vulkan, [0000029037922B00][00000290376B2840 49] Android_Mali_G76, [000002903796C500][00000290376B6B00 49] Android_Mali_G76_Vulkan, [0000029037922600][00000290376BADC0 49] Android_Mali_G77, [000002903796FE00][00000290376BF080 49] Android_Mali_G77_Vulkan, [0000029037922400][00000290376C3340 49] Android_Mali_G78, [000002903796CD00][00000290376C7600 49] Android_Mali_G78_Vulkan, [0000029037923500][00000290376CB8C0 49] Android_Mali_G710, [000002903796EB00][00000290376A7B40 49] Android_Mali_G710_Vulkan, [0000029037923E00][00000290376CE240 49] Android_Vulkan_SM5, [000002903796DA00][00000290376D6500 49] Android_PowerVR_G6xxx, [0000029037920500][00000290376DA7C0 49] Android_PowerVR_GT7xxx, [000002903796C200][00000290376DEA80 49] Android_PowerVR_GE8xxx, [0000029037923B00][00000290376E2D40 49] Android_PowerVR_GM9xxx, [000002903796E100][00000290376E7000 49] Android_PowerVR_GM9xxx_Vulkan, [0000029037921F00][00000290376EB2C0 49] Android_TegraK1, [000002903796CA00][00000290376EF580 49] Android_Unknown_Vulkan, [0000029037923900][00000290376F3840 49] Lumin, [000002903796D200][00000290376F7B00 49] Lumin_Desktop, [0000029037921E00][00000290376D2200 49] HoloLens, 
[2022.07.25-18.52.09:447][  0]LogMeshReduction: Using QuadricMeshReduction for automatic static mesh reduction
[2022.07.25-18.52.09:447][  0]LogMeshReduction: Using SimplygonMeshReduction for automatic skeletal mesh reduction
[2022.07.25-18.52.09:447][  0]LogMeshReduction: Using ProxyLODMeshReduction for automatic mesh merging
[2022.07.25-18.52.09:447][  0]LogMeshReduction: No distributed automatic mesh merging module available
[2022.07.25-18.52.09:447][  0]LogMeshMerging: No distributed automatic mesh merging module available
[2022.07.25-18.52.09:491][  0]LogNetVersion: SideScroller2D 1.0.0, NetCL: 17155196, EngineNetVer: 17, GameNetVer: 0 (Checksum: 2988932036)
[2022.07.25-18.52.09:965][  0]LogTexture: Default maximum texture size for cubemaps generated from long-lat sources has been changed from 512 to unlimited. In order to preserve old behaiour for '/Engine/MapTemplates/Sky/DaylightAmbientCubemap.DaylightAmbientCubemap', its maximum texture size has been explicitly set to 512.
[2022.07.25-18.52.10:055][  0]LogHMD: PokeAHoleMaterial loaded successfully
[2022.07.25-18.52.10:061][  0]LogUObjectArray: 17178 objects as part of root set at end of initial load.
[2022.07.25-18.52.10:061][  0]LogUObjectAllocator: 4302048 out of 0 bytes used by permanent object pool.
[2022.07.25-18.52.10:061][  0]LogUObjectArray: CloseDisregardForGC: 0/0 objects in disregard for GC pool
[2022.07.25-18.52.11:463][  0]LogNiagaraDebuggerClient: Niagara Debugger Client Initialized | Session: 2F2930354DB93B909620DCAA7B4A9143 | Instance: FBFA06924F383D76EE8ADF9F0FED9561 (ERIC-PC-23988).
[2022.07.25-18.52.12:004][  0]LogTcpMessaging: Initializing TcpMessaging bridge
[2022.07.25-18.52.12:028][  0]LogUdpMessaging: Initializing bridge on interface 0.0.0.0:0 to multicast group 230.0.0.1:6666.
[2022.07.25-18.52.12:145][  0]LogPython: Using Python 3.7.7
[2022.07.25-18.52.14:092][  0]LogOpenImageDenoise: OIDN starting up
[2022.07.25-18.52.14:366][  0]LogAndroidPermission: UAndroidPermissionCallbackProxy::GetInstance
[2022.07.25-18.52.14:470][  0]LogAudioCaptureCore: Display: No Audio Capture implementations found. Audio input will be silent.
[2022.07.25-18.52.14:470][  0]LogAudioCaptureCore: Display: No Audio Capture implementations found. Audio input will be silent.
[2022.07.25-18.52.14:779][  0]SourceControl: Source control is disabled
[2022.07.25-18.52.14:779][  0]SourceControl: Source control is disabled
[2022.07.25-18.52.14:801][  0]SourceControl: Source control is disabled
[2022.07.25-18.52.14:821][  0]SourceControl: Source control is disabled
[2022.07.25-18.52.14:862][  0]SourceControl: Source control is disabled
[2022.07.25-18.52.14:892][  0]LogUProjectInfo: Found projects:
[2022.07.25-18.52.14:979][  0]LogCollectionManager: Loaded 0 collections in 0.001589 seconds
[2022.07.25-18.52.15:046][  0]LogFileCache: Scanning file cache for directory 'C:/Users/ericb/Documents/Current Project Files/Daily-Scrums/SideScroller2D/Saved/Collections/' took 0.00s
[2022.07.25-18.52.15:046][  0]LogFileCache: Scanning file cache for directory 'C:/Users/ericb/Documents/Current Project Files/Daily-Scrums/SideScroller2D/Content/Developers/ericb/Collections/' took 0.00s
[2022.07.25-18.52.15:046][  0]LogFileCache: Scanning file cache for directory 'C:/Users/ericb/Documents/Current Project Files/Daily-Scrums/SideScroller2D/Content/Collections/' took 0.00s
[2022.07.25-18.52.15:052][  0]LogOcInput: OculusInput pre-init called
[2022.07.25-18.52.15:312][  0]LogEngine: Initializing Engine...
[2022.07.25-18.52.15:361][  0]LogHMD: Failed to initialize OpenVR with code 108
[2022.07.25-18.52.15:410][  0]LogHMD: Optional extension XR_VARJO_quad_views is not available
[2022.07.25-18.52.15:410][  0]LogHMD: Warning: Required extension XR_EXT_eye_gaze_interaction is not available
[2022.07.25-18.52.15:410][  0]LogHMD: Could not enable all required OpenXR extensions for OpenXREyeTracker on current system. This plugin will be loaded but ignored, but will be enabled on a target platform that supports the required extension.
[2022.07.25-18.52.15:434][  0]LogHMD: Failed to create an OpenXR instance, result is XR_ERROR_RUNTIME_FAILURE. Please check if you have an OpenXR runtime installed. The following extensions were enabled:
[2022.07.25-18.52.15:434][  0]LogHMD: - XR_KHR_D3D11_enable
[2022.07.25-18.52.15:434][  0]LogHMD: - XR_KHR_D3D12_enable
[2022.07.25-18.52.15:434][  0]LogHMD: - XR_KHR_opengl_enable
[2022.07.25-18.52.15:434][  0]LogHMD: - XR_KHR_vulkan_enable
[2022.07.25-18.52.15:434][  0]LogHMD: - XR_KHR_composition_layer_depth
[2022.07.25-18.52.15:434][  0]LogHMD: - XR_KHR_visibility_mask
[2022.07.25-18.52.15:434][  0]LogHMD: - XR_EXT_hand_tracking
[2022.07.25-18.52.15:434][  0]LogMagicLeap: Warning: VR disabled because ZI is not enabled.  To enable, in the editor, Edit -> Project Settings -> Plugins -> Magic Leap Plugin -> Enable Zero Iteration
[2022.07.25-18.52.15:435][  0]LogStats: UGameplayTagsManager::InitializeManager -  0.000 s
[2022.07.25-18.52.15:559][  0]LogInit: Initializing FReadOnlyCVARCache
[2022.07.25-18.52.15:582][  0]LogAIModule: Creating AISystem for world Untitled
[2022.07.25-18.52.15:582][  0]LogAudio: Display: Initializing Audio Device Manager...
[2022.07.25-18.52.15:603][  0]LogAudio: Display: Loading Default Audio Settings Objects...
[2022.07.25-18.52.15:604][  0]LogAudio: Display: No default SoundConcurrencyObject specified (or failed to load).
[2022.07.25-18.52.15:604][  0]LogAudio: Display: Audio Device Manager Initialized
[2022.07.25-18.52.15:604][  0]LogAudio: Display: Creating Audio Device:                 Id: 1, Scope: Shared, Realtime: True
[2022.07.25-18.52.15:604][  0]LogAudioMixer: Display: Audio Mixer Platform Settings:
[2022.07.25-18.52.15:604][  0]LogAudioMixer: Display: 	Sample Rate:						  48000
[2022.07.25-18.52.15:604][  0]LogAudioMixer: Display: 	Callback Buffer Frame Size Requested: 1024
[2022.07.25-18.52.15:604][  0]LogAudioMixer: Display: 	Callback Buffer Frame Size To Use:	  1024
[2022.07.25-18.52.15:604][  0]LogAudioMixer: Display: 	Number of buffers to queue:			  2
[2022.07.25-18.52.15:604][  0]LogAudioMixer: Display: 	Max Channels (voices):				  32
[2022.07.25-18.52.15:604][  0]LogAudioMixer: Display: 	Number of Async Source Workers:		  0
[2022.07.25-18.52.15:604][  0]LogAudio: Display: AudioDevice MaxSources: 32
[2022.07.25-18.52.15:604][  0]LogAudio: Display: Audio Spatialization Plugin: None (built-in).
[2022.07.25-18.52.15:604][  0]LogAudio: Display: Audio Reverb Plugin: None (built-in).
[2022.07.25-18.52.15:605][  0]LogAudio: Display: Audio Occlusion Plugin: None (built-in).
[2022.07.25-18.52.15:605][  0]LogAudioMixer: Display: Initializing audio mixer.
[2022.07.25-18.52.15:695][  0]LogAudioMixer: Display: 0: FrontLeft
[2022.07.25-18.52.15:695][  0]LogAudioMixer: Display: 1: FrontRight
[2022.07.25-18.52.15:695][  0]LogAudioMixer: Display: 2: FrontCenter
[2022.07.25-18.52.15:695][  0]LogAudioMixer: Display: 3: LowFrequency
[2022.07.25-18.52.15:695][  0]LogAudioMixer: Display: 4: BackLeft
[2022.07.25-18.52.15:695][  0]LogAudioMixer: Display: 5: BackRight
[2022.07.25-18.52.15:695][  0]LogAudioMixer: Display: 6: SideLeft
[2022.07.25-18.52.15:695][  0]LogAudioMixer: Display: 7: SideRight
[2022.07.25-18.52.15:862][  0]LogAudioMixer: Display: Using Audio Device Headphones (Realtek(R) Audio)
[2022.07.25-18.52.15:869][  0]LogAudioMixer: Display: Initializing Sound Submixes...
[2022.07.25-18.52.15:871][  0]LogAudioMixer: Display: Creating Master Submix 'MasterSubmixDefault'
[2022.07.25-18.52.15:871][  0]LogAudioMixer: Display: Creating Master Submix 'MasterReverbSubmixDefault'
[2022.07.25-18.52.15:872][  0]LogAudioMixer: Display: Creating Master Submix 'MasterEQSubmixDefault'
[2022.07.25-18.52.15:872][  0]LogAudioMixer: FMixerPlatformXAudio2::StartAudioStream() called
[2022.07.25-18.52.15:872][  0]LogAudioMixer: Display: Output buffers initialized: Frames=1024, Channels=8, Samples=8192
[2022.07.25-18.52.15:873][  0]LogAudioMixer: Display: Starting AudioMixerPlatformInterface::RunInternal()
[2022.07.25-18.52.15:873][  0]LogAudioMixer: Display: FMixerPlatformXAudio2::SubmitBuffer() called for the first time
[2022.07.25-18.52.15:873][  0]LogInit: FAudioDevice initialized.
[2022.07.25-18.52.15:873][  0]LogAudio: Display: Audio Device (ID: 1) registered with world 'Untitled'.
[2022.07.25-18.52.15:873][  0]LogNetVersion: Set ProjectVersion to 1.0.0.0. Version Checksum will be recalculated on next use.
[2022.07.25-18.52.15:936][  0]LogDerivedDataCache: Saved boot cache 0.06s 94MB C:/Users/ericb/AppData/Local/UnrealEngine/4.27/DerivedDataCache/Boot.ddc.
[2022.07.25-18.52.15:936][  0]LogInit: Texture streaming: Enabled
[2022.07.25-18.52.15:993][  0]LogAnalytics: Display: [UEEditor.Rocket.Release] APIServer = https://datarouter.ol.epicgames.com/. AppVersion = 4.27.2-18319896+++UE4+Release-4.27
[2022.07.25-18.52.16:009][  0]LogEngineSessionManager: EngineSessionManager initialized
[2022.07.25-18.52.16:009][  0]LogEditorSessionSummary: Verbose: Initializing EditorSessionSummaryWriter for editor session tracking
[2022.07.25-18.52.16:010][  0]LogEditorSessionSummary: EditorSessionSummaryWriter initialized
[2022.07.25-18.52.16:074][  0]LogInit: Transaction tracking system initialized
[2022.07.25-18.52.16:185][  0]BlueprintLog: New page: Editor Load
[2022.07.25-18.52.16:497][  0]LocalizationService: Localization service is disabled
[2022.07.25-18.52.16:630][  0]TimingProfiler: Initialize
[2022.07.25-18.52.16:631][  0]TimingProfiler: OnSessionChanged
[2022.07.25-18.52.16:631][  0]LoadingProfiler: Initialize
[2022.07.25-18.52.16:631][  0]LoadingProfiler: OnSessionChanged
[2022.07.25-18.52.16:631][  0]NetworkingProfiler: Initialize
[2022.07.25-18.52.16:631][  0]NetworkingProfiler: OnSessionChanged
[2022.07.25-18.52.16:631][  0]MemoryProfiler: Initialize
[2022.07.25-18.52.16:631][  0]MemoryProfiler: OnSessionChanged
[2022.07.25-18.52.16:940][  0]LogCook: Display: CookSettings for Memory: MemoryMaxUsedVirtual 0MiB, MemoryMaxUsedPhysical 16384MiB, MemoryMinFreeVirtual 0MiB, MemoryMinFreePhysical 1024MiB
[2022.07.25-18.52.16:940][  0]LogCook: Display: Mobile HDR setting 0
[2022.07.25-18.52.17:235][  0]LogFileCache: Scanning file cache for directory 'C:/Users/ericb/Documents/Current Project Files/Daily-Scrums/SideScroller2D/Content/' took 0.01s
[2022.07.25-18.52.17:843][  0]LogInit: Display: Engine is initialized. Leaving FEngineLoop::Init()
[2022.07.25-18.52.17:845][  0]SourceControl: Source control is disabled
[2022.07.25-18.52.17:845][  0]LogUnrealEdMisc: Loading editor; pre map load, took 18.996
[2022.07.25-18.52.17:845][  0]Cmd: MAP LOAD FILE="../../../../../../Users/ericb/Documents/Current Project Files/Daily-Scrums/SideScroller2D/Content/2DSideScrollerBP/Maps/Title.umap" TEMPLATE=0 SHOWPROGRESS=1 FEATURELEVEL=3
[2022.07.25-18.52.17:845][  0]LightingResults: New page: Lighting Build
[2022.07.25-18.52.17:846][  0]LogWorld: UWorld::CleanupWorld for Untitled, bSessionEnded=true, bCleanupResources=true
[2022.07.25-18.52.17:847][  0]LogSlate: InvalidateAllWidgets triggered.  All widgets were invalidated
[2022.07.25-18.52.17:847][  0]MapCheck: New page: Map Check
[2022.07.25-18.52.17:847][  0]LightingResults: New page: Lighting Build
[2022.07.25-18.52.17:850][  0]LogAudio: Display: Audio Device unregistered from world 'None'.
[2022.07.25-18.52.17:852][  0]LogUObjectHash: Compacting FUObjectHashTables data took   0.62ms
[2022.07.25-18.52.17:870][  0]LogAudio: Display: Audio Device (ID: 1) registered with world 'Title'.
[2022.07.25-18.52.17:871][  0]LogAIModule: Creating AISystem for world Title
[2022.07.25-18.52.17:871][  0]LogEditorServer: Finished looking for orphan Actors (0.000 secs)
[2022.07.25-18.52.17:877][  0]LogUObjectHash: Compacting FUObjectHashTables data took   0.97ms
[2022.07.25-18.52.17:877][  0]Cmd: MAP CHECKDEP NOCLEARLOG
[2022.07.25-18.52.17:877][  0]MapCheck: Map check complete: 0 Error(s), 0 Warning(s), took 0.108ms to complete.
[2022.07.25-18.52.17:877][  0]LogFileHelpers: Loading map 'Title' took 0.032
[2022.07.25-18.52.17:879][  0]LogUnrealEdMisc: Total Editor Startup Time, took 19.030
[2022.07.25-18.52.17:986][  0]LogSlate: Updating window title bar state: overlay mode, drag disabled, window buttons hidden, title bar hidden
[2022.07.25-18.52.17:992][  0]LogSlate: Updating window title bar state: overlay mode, drag disabled, window buttons hidden, title bar hidden
[2022.07.25-18.52.17:998][  0]LogSlate: Updating window title bar state: overlay mode, drag disabled, window buttons hidden, title bar hidden
[2022.07.25-18.52.18:004][  0]LogSlate: Updating window title bar state: overlay mode, drag disabled, window buttons hidden, title bar hidden
[2022.07.25-18.52.18:018][  0]LogNativeClassHierarchy: Verbose: Native class hierarchy populated in 0.0078 seconds. Added 3822 classes and 928 folders.
[2022.07.25-18.52.18:020][  0]LogNativeClassHierarchy: Verbose: Native class hierarchy updated for 'WidgetCarousel' in 0.0003 seconds. Added 0 classes and 0 folders.
[2022.07.25-18.52.18:028][  0]LogPakFile: PakFile PrimaryIndexSize=187
[2022.07.25-18.52.18:028][  0]LogPakFile: PakFile PathHashIndexSize=101
[2022.07.25-18.52.18:028][  0]LogPakFile: PakFile FullDirectoryIndexSize=148
[2022.07.25-18.52.18:028][  0]LogShaderLibrary: Display: ShaderCodeLibraryPakFileMountedCallback: PakFile 'C:/Program Files/Epic Games/UE_4.27/FeaturePacks/FP_FirstPerson.upack' (chunk index -1, root 'root:/') mounted
[2022.07.25-18.52.18:028][  0]LogShaderLibrary: Display: ShaderCodeLibraryPakFileMountedCallback: pending pak file info (ChunkID:-1 Root:root:/ File:C:/Program Files/Epic Games/UE_4.27/FeaturePacks/FP_FirstPerson.upack)
[2022.07.25-18.52.18:028][  0]LogPakFile: OnPakFileMounted2Time == 0.000050
[2022.07.25-18.52.18:034][  0]LogPakFile: PakFile PrimaryIndexSize=189
[2022.07.25-18.52.18:034][  0]LogPakFile: PakFile PathHashIndexSize=101
[2022.07.25-18.52.18:034][  0]LogPakFile: PakFile FullDirectoryIndexSize=152
[2022.07.25-18.52.18:034][  0]LogShaderLibrary: Display: ShaderCodeLibraryPakFileMountedCallback: PakFile 'C:/Program Files/Epic Games/UE_4.27/FeaturePacks/FP_FirstPersonBP.upack' (chunk index -1, root 'root:/') mounted
[2022.07.25-18.52.18:034][  0]LogShaderLibrary: Display: ShaderCodeLibraryPakFileMountedCallback: pending pak file info (ChunkID:-1 Root:root:/ File:C:/Program Files/Epic Games/UE_4.27/FeaturePacks/FP_FirstPersonBP.upack)
[2022.07.25-18.52.18:034][  0]LogPakFile: OnPakFileMounted2Time == 0.000044
[2022.07.25-18.52.18:038][  0]LogPakFile: PakFile PrimaryIndexSize=191
[2022.07.25-18.52.18:038][  0]LogPakFile: PakFile PathHashIndexSize=101
[2022.07.25-18.52.18:038][  0]LogPakFile: PakFile FullDirectoryIndexSize=160
[2022.07.25-18.52.18:038][  0]LogShaderLibrary: Display: ShaderCodeLibraryPakFileMountedCallback: PakFile 'C:/Program Files/Epic Games/UE_4.27/FeaturePacks/MobileStarterContent.upack' (chunk index -1, root 'root:/') mounted
[2022.07.25-18.52.18:038][  0]LogShaderLibrary: Display: ShaderCodeLibraryPakFileMountedCallback: pending pak file info (ChunkID:-1 Root:root:/ File:C:/Program Files/Epic Games/UE_4.27/FeaturePacks/MobileStarterContent.upack)
[2022.07.25-18.52.18:038][  0]LogPakFile: OnPakFileMounted2Time == 0.000049
[2022.07.25-18.52.18:042][  0]LogPakFile: PakFile PrimaryIndexSize=185
[2022.07.25-18.52.18:042][  0]LogPakFile: PakFile PathHashIndexSize=101
[2022.07.25-18.52.18:042][  0]LogPakFile: PakFile FullDirectoryIndexSize=148
[2022.07.25-18.52.18:042][  0]LogShaderLibrary: Display: ShaderCodeLibraryPakFileMountedCallback: PakFile 'C:/Program Files/Epic Games/UE_4.27/FeaturePacks/StarterContent.upack' (chunk index -1, root 'root:/') mounted
[2022.07.25-18.52.18:042][  0]LogShaderLibrary: Display: ShaderCodeLibraryPakFileMountedCallback: pending pak file info (ChunkID:-1 Root:root:/ File:C:/Program Files/Epic Games/UE_4.27/FeaturePacks/StarterContent.upack)
[2022.07.25-18.52.18:042][  0]LogPakFile: OnPakFileMounted2Time == 0.000037
[2022.07.25-18.52.18:046][  0]LogPakFile: PakFile PrimaryIndexSize=190
[2022.07.25-18.52.18:046][  0]LogPakFile: PakFile PathHashIndexSize=101
[2022.07.25-18.52.18:046][  0]LogPakFile: PakFile FullDirectoryIndexSize=154
[2022.07.25-18.52.18:046][  0]LogShaderLibrary: Display: ShaderCodeLibraryPakFileMountedCallback: PakFile 'C:/Program Files/Epic Games/UE_4.27/FeaturePacks/TP_2DSideScroller.upack' (chunk index -1, root 'root:/') mounted
[2022.07.25-18.52.18:046][  0]LogShaderLibrary: Display: ShaderCodeLibraryPakFileMountedCallback: pending pak file info (ChunkID:-1 Root:root:/ File:C:/Program Files/Epic Games/UE_4.27/FeaturePacks/TP_2DSideScroller.upack)
[2022.07.25-18.52.18:046][  0]LogPakFile: OnPakFileMounted2Time == 0.000039
[2022.07.25-18.52.18:050][  0]LogPakFile: PakFile PrimaryIndexSize=192
[2022.07.25-18.52.18:050][  0]LogPakFile: PakFile PathHashIndexSize=101
[2022.07.25-18.52.18:050][  0]LogPakFile: PakFile FullDirectoryIndexSize=158
[2022.07.25-18.52.18:050][  0]LogShaderLibrary: Display: ShaderCodeLibraryPakFileMountedCallback: PakFile 'C:/Program Files/Epic Games/UE_4.27/FeaturePacks/TP_2DSideScrollerBP.upack' (chunk index -1, root 'root:/') mounted
[2022.07.25-18.52.18:050][  0]LogShaderLibrary: Display: ShaderCodeLibraryPakFileMountedCallback: pending pak file info (ChunkID:-1 Root:root:/ File:C:/Program Files/Epic Games/UE_4.27/FeaturePacks/TP_2DSideScrollerBP.upack)
[2022.07.25-18.52.18:050][  0]LogPakFile: OnPakFileMounted2Time == 0.000032
[2022.07.25-18.52.18:053][  0]LogPakFile: PakFile PrimaryIndexSize=182
[2022.07.25-18.52.18:054][  0]LogPakFile: PakFile PathHashIndexSize=101
[2022.07.25-18.52.18:054][  0]LogPakFile: PakFile FullDirectoryIndexSize=138
[2022.07.25-18.52.18:054][  0]LogShaderLibrary: Display: ShaderCodeLibraryPakFileMountedCallback: PakFile 'C:/Program Files/Epic Games/UE_4.27/FeaturePacks/TP_Flying.upack' (chunk index -1, root 'root:/') mounted
[2022.07.25-18.52.18:054][  0]LogShaderLibrary: Display: ShaderCodeLibraryPakFileMountedCallback: pending pak file info (ChunkID:-1 Root:root:/ File:C:/Program Files/Epic Games/UE_4.27/FeaturePacks/TP_Flying.upack)
[2022.07.25-18.52.18:054][  0]LogPakFile: OnPakFileMounted2Time == 0.000036
[2022.07.25-18.52.18:057][  0]LogPakFile: PakFile PrimaryIndexSize=184
[2022.07.25-18.52.18:057][  0]LogPakFile: PakFile PathHashIndexSize=101
[2022.07.25-18.52.18:057][  0]LogPakFile: PakFile FullDirectoryIndexSize=142
[2022.07.25-18.52.18:057][  0]LogShaderLibrary: Display: ShaderCodeLibraryPakFileMountedCallback: PakFile 'C:/Program Files/Epic Games/UE_4.27/FeaturePacks/TP_FlyingBP.upack' (chunk index -1, root 'root:/') mounted
[2022.07.25-18.52.18:057][  0]LogShaderLibrary: Display: ShaderCodeLibraryPakFileMountedCallback: pending pak file info (ChunkID:-1 Root:root:/ File:C:/Program Files/Epic Games/UE_4.27/FeaturePacks/TP_FlyingBP.upack)
[2022.07.25-18.52.18:058][  0]LogPakFile: OnPakFileMounted2Time == 0.000032
[2022.07.25-18.52.18:061][  0]LogPakFile: PakFile PrimaryIndexSize=188
[2022.07.25-18.52.18:061][  0]LogPakFile: PakFile PathHashIndexSize=101
[2022.07.25-18.52.18:061][  0]LogPakFile: PakFile FullDirectoryIndexSize=150
[2022.07.25-18.52.18:061][  0]LogShaderLibrary: Display: ShaderCodeLibraryPakFileMountedCallback: PakFile 'C:/Program Files/Epic Games/UE_4.27/FeaturePacks/TP_HandheldARBP.upack' (chunk index -1, root 'root:/') mounted
[2022.07.25-18.52.18:061][  0]LogShaderLibrary: Display: ShaderCodeLibraryPakFileMountedCallback: pending pak file info (ChunkID:-1 Root:root:/ File:C:/Program Files/Epic Games/UE_4.27/FeaturePacks/TP_HandheldARBP.upack)
[2022.07.25-18.52.18:061][  0]LogPakFile: OnPakFileMounted2Time == 0.000031
[2022.07.25-18.52.18:065][  0]LogPakFile: PakFile PrimaryIndexSize=182
[2022.07.25-18.52.18:065][  0]LogPakFile: PakFile PathHashIndexSize=101
[2022.07.25-18.52.18:065][  0]LogPakFile: PakFile FullDirectoryIndexSize=138
[2022.07.25-18.52.18:065][  0]LogShaderLibrary: Display: ShaderCodeLibraryPakFileMountedCallback: PakFile 'C:/Program Files/Epic Games/UE_4.27/FeaturePacks/TP_Puzzle.upack' (chunk index -1, root 'root:/') mounted
[2022.07.25-18.52.18:065][  0]LogShaderLibrary: Display: ShaderCodeLibraryPakFileMountedCallback: pending pak file info (ChunkID:-1 Root:root:/ File:C:/Program Files/Epic Games/UE_4.27/FeaturePacks/TP_Puzzle.upack)
[2022.07.25-18.52.18:065][  0]LogPakFile: OnPakFileMounted2Time == 0.000038
[2022.07.25-18.52.18:069][  0]LogPakFile: PakFile PrimaryIndexSize=184
[2022.07.25-18.52.18:069][  0]LogPakFile: PakFile PathHashIndexSize=101
[2022.07.25-18.52.18:069][  0]LogPakFile: PakFile FullDirectoryIndexSize=142
[2022.07.25-18.52.18:069][  0]LogShaderLibrary: Display: ShaderCodeLibraryPakFileMountedCallback: PakFile 'C:/Program Files/Epic Games/UE_4.27/FeaturePacks/TP_PuzzleBP.upack' (chunk index -1, root 'root:/') mounted
[2022.07.25-18.52.18:069][  0]LogShaderLibrary: Display: ShaderCodeLibraryPakFileMountedCallback: pending pak file info (ChunkID:-1 Root:root:/ File:C:/Program Files/Epic Games/UE_4.27/FeaturePacks/TP_PuzzleBP.upack)
[2022.07.25-18.52.18:069][  0]LogPakFile: OnPakFileMounted2Time == 0.000034
[2022.07.25-18.52.18:074][  0]LogPakFile: PakFile PrimaryIndexSize=183
[2022.07.25-18.52.18:074][  0]LogPakFile: PakFile PathHashIndexSize=101
[2022.07.25-18.52.18:074][  0]LogPakFile: PakFile FullDirectoryIndexSize=140
[2022.07.25-18.52.18:074][  0]LogShaderLibrary: Display: ShaderCodeLibraryPakFileMountedCallback: PakFile 'C:/Program Files/Epic Games/UE_4.27/FeaturePacks/TP_Rolling.upack' (chunk index -1, root 'root:/') mounted
[2022.07.25-18.52.18:074][  0]LogShaderLibrary: Display: ShaderCodeLibraryPakFileMountedCallback: pending pak file info (ChunkID:-1 Root:root:/ File:C:/Program Files/Epic Games/UE_4.27/FeaturePacks/TP_Rolling.upack)
[2022.07.25-18.52.18:074][  0]LogPakFile: OnPakFileMounted2Time == 0.000048
[2022.07.25-18.52.18:078][  0]LogPakFile: PakFile PrimaryIndexSize=185
[2022.07.25-18.52.18:078][  0]LogPakFile: PakFile PathHashIndexSize=101
[2022.07.25-18.52.18:078][  0]LogPakFile: PakFile FullDirectoryIndexSize=144
[2022.07.25-18.52.18:078][  0]LogShaderLibrary: Display: ShaderCodeLibraryPakFileMountedCallback: PakFile 'C:/Program Files/Epic Games/UE_4.27/FeaturePacks/TP_RollingBP.upack' (chunk index -1, root 'root:/') mounted
[2022.07.25-18.52.18:078][  0]LogShaderLibrary: Display: ShaderCodeLibraryPakFileMountedCallback: pending pak file info (ChunkID:-1 Root:root:/ File:C:/Program Files/Epic Games/UE_4.27/FeaturePacks/TP_RollingBP.upack)
[2022.07.25-18.52.18:078][  0]LogPakFile: OnPakFileMounted2Time == 0.000057
[2022.07.25-18.52.18:082][  0]LogPakFile: PakFile PrimaryIndexSize=188
[2022.07.25-18.52.18:082][  0]LogPakFile: PakFile PathHashIndexSize=101
[2022.07.25-18.52.18:082][  0]LogPakFile: PakFile FullDirectoryIndexSize=150
[2022.07.25-18.52.18:082][  0]LogShaderLibrary: Display: ShaderCodeLibraryPakFileMountedCallback: PakFile 'C:/Program Files/Epic Games/UE_4.27/FeaturePacks/TP_SideScroller.upack' (chunk index -1, root 'root:/') mounted
[2022.07.25-18.52.18:082][  0]LogShaderLibrary: Display: ShaderCodeLibraryPakFileMountedCallback: pending pak file info (ChunkID:-1 Root:root:/ File:C:/Program Files/Epic Games/UE_4.27/FeaturePacks/TP_SideScroller.upack)
[2022.07.25-18.52.18:082][  0]LogPakFile: OnPakFileMounted2Time == 0.000034
[2022.07.25-18.52.18:086][  0]LogPakFile: PakFile PrimaryIndexSize=190
[2022.07.25-18.52.18:086][  0]LogPakFile: PakFile PathHashIndexSize=101
[2022.07.25-18.52.18:086][  0]LogPakFile: PakFile FullDirectoryIndexSize=154
[2022.07.25-18.52.18:086][  0]LogShaderLibrary: Display: ShaderCodeLibraryPakFileMountedCallback: PakFile 'C:/Program Files/Epic Games/UE_4.27/FeaturePacks/TP_SideScrollerBP.upack' (chunk index -1, root 'root:/') mounted
[2022.07.25-18.52.18:086][  0]LogShaderLibrary: Display: ShaderCodeLibraryPakFileMountedCallback: pending pak file info (ChunkID:-1 Root:root:/ File:C:/Program Files/Epic Games/UE_4.27/FeaturePacks/TP_SideScrollerBP.upack)
[2022.07.25-18.52.18:086][  0]LogPakFile: OnPakFileMounted2Time == 0.000037
[2022.07.25-18.52.18:089][  0]LogPakFile: PakFile PrimaryIndexSize=187
[2022.07.25-18.52.18:089][  0]LogPakFile: PakFile PathHashIndexSize=101
[2022.07.25-18.52.18:089][  0]LogPakFile: PakFile FullDirectoryIndexSize=148
[2022.07.25-18.52.18:089][  0]LogShaderLibrary: Display: ShaderCodeLibraryPakFileMountedCallback: PakFile 'C:/Program Files/Epic Games/UE_4.27/FeaturePacks/TP_ThirdPerson.upack' (chunk index -1, root 'root:/') mounted
[2022.07.25-18.52.18:089][  0]LogShaderLibrary: Display: ShaderCodeLibraryPakFileMountedCallback: pending pak file info (ChunkID:-1 Root:root:/ File:C:/Program Files/Epic Games/UE_4.27/FeaturePacks/TP_ThirdPerson.upack)
[2022.07.25-18.52.18:089][  0]LogPakFile: OnPakFileMounted2Time == 0.000034
[2022.07.25-18.52.18:093][  0]LogPakFile: PakFile PrimaryIndexSize=189
[2022.07.25-18.52.18:093][  0]LogPakFile: PakFile PathHashIndexSize=101
[2022.07.25-18.52.18:093][  0]LogPakFile: PakFile FullDirectoryIndexSize=152
[2022.07.25-18.52.18:093][  0]LogShaderLibrary: Display: ShaderCodeLibraryPakFileMountedCallback: PakFile 'C:/Program Files/Epic Games/UE_4.27/FeaturePacks/TP_ThirdPersonBP.upack' (chunk index -1, root 'root:/') mounted
[2022.07.25-18.52.18:093][  0]LogShaderLibrary: Display: ShaderCodeLibraryPakFileMountedCallback: pending pak file info (ChunkID:-1 Root:root:/ File:C:/Program Files/Epic Games/UE_4.27/FeaturePacks/TP_ThirdPersonBP.upack)
[2022.07.25-18.52.18:093][  0]LogPakFile: OnPakFileMounted2Time == 0.000042
[2022.07.25-18.52.18:097][  0]LogPakFile: PakFile PrimaryIndexSize=183
[2022.07.25-18.52.18:097][  0]LogPakFile: PakFile PathHashIndexSize=101
[2022.07.25-18.52.18:097][  0]LogPakFile: PakFile FullDirectoryIndexSize=140
[2022.07.25-18.52.18:097][  0]LogShaderLibrary: Display: ShaderCodeLibraryPakFileMountedCallback: PakFile 'C:/Program Files/Epic Games/UE_4.27/FeaturePacks/TP_TopDown.upack' (chunk index -1, root 'root:/') mounted
[2022.07.25-18.52.18:097][  0]LogShaderLibrary: Display: ShaderCodeLibraryPakFileMountedCallback: pending pak file info (ChunkID:-1 Root:root:/ File:C:/Program Files/Epic Games/UE_4.27/FeaturePacks/TP_TopDown.upack)
[2022.07.25-18.52.18:097][  0]LogPakFile: OnPakFileMounted2Time == 0.000043
[2022.07.25-18.52.18:101][  0]LogPakFile: PakFile PrimaryIndexSize=185
[2022.07.25-18.52.18:101][  0]LogPakFile: PakFile PathHashIndexSize=101
[2022.07.25-18.52.18:101][  0]LogPakFile: PakFile FullDirectoryIndexSize=144
[2022.07.25-18.52.18:101][  0]LogShaderLibrary: Display: ShaderCodeLibraryPakFileMountedCallback: PakFile 'C:/Program Files/Epic Games/UE_4.27/FeaturePacks/TP_TopDownBP.upack' (chunk index -1, root 'root:/') mounted
[2022.07.25-18.52.18:101][  0]LogShaderLibrary: Display: ShaderCodeLibraryPakFileMountedCallback: pending pak file info (ChunkID:-1 Root:root:/ File:C:/Program Files/Epic Games/UE_4.27/FeaturePacks/TP_TopDownBP.upack)
[2022.07.25-18.52.18:101][  0]LogPakFile: OnPakFileMounted2Time == 0.000043
[2022.07.25-18.52.18:107][  0]LogPakFile: PakFile PrimaryIndexSize=185
[2022.07.25-18.52.18:107][  0]LogPakFile: PakFile PathHashIndexSize=101
[2022.07.25-18.52.18:107][  0]LogPakFile: PakFile FullDirectoryIndexSize=144
[2022.07.25-18.52.18:107][  0]LogShaderLibrary: Display: ShaderCodeLibraryPakFileMountedCallback: PakFile 'C:/Program Files/Epic Games/UE_4.27/FeaturePacks/TP_TwinStick.upack' (chunk index -1, root 'root:/') mounted
[2022.07.25-18.52.18:107][  0]LogShaderLibrary: Display: ShaderCodeLibraryPakFileMountedCallback: pending pak file info (ChunkID:-1 Root:root:/ File:C:/Program Files/Epic Games/UE_4.27/FeaturePacks/TP_TwinStick.upack)
[2022.07.25-18.52.18:107][  0]LogPakFile: OnPakFileMounted2Time == 0.000035
[2022.07.25-18.52.18:111][  0]LogPakFile: PakFile PrimaryIndexSize=187
[2022.07.25-18.52.18:111][  0]LogPakFile: PakFile PathHashIndexSize=101
[2022.07.25-18.52.18:111][  0]LogPakFile: PakFile FullDirectoryIndexSize=148
[2022.07.25-18.52.18:111][  0]LogShaderLibrary: Display: ShaderCodeLibraryPakFileMountedCallback: PakFile 'C:/Program Files/Epic Games/UE_4.27/FeaturePacks/TP_TwinStickBP.upack' (chunk index -1, root 'root:/') mounted
[2022.07.25-18.52.18:111][  0]LogShaderLibrary: Display: ShaderCodeLibraryPakFileMountedCallback: pending pak file info (ChunkID:-1 Root:root:/ File:C:/Program Files/Epic Games/UE_4.27/FeaturePacks/TP_TwinStickBP.upack)
[2022.07.25-18.52.18:111][  0]LogPakFile: OnPakFileMounted2Time == 0.000035
[2022.07.25-18.52.18:115][  0]LogPakFile: PakFile PrimaryIndexSize=183
[2022.07.25-18.52.18:115][  0]LogPakFile: PakFile PathHashIndexSize=101
[2022.07.25-18.52.18:115][  0]LogPakFile: PakFile FullDirectoryIndexSize=140
[2022.07.25-18.52.18:115][  0]LogShaderLibrary: Display: ShaderCodeLibraryPakFileMountedCallback: PakFile 'C:/Program Files/Epic Games/UE_4.27/FeaturePacks/TP_Vehicle.upack' (chunk index -1, root 'root:/') mounted
[2022.07.25-18.52.18:115][  0]LogShaderLibrary: Display: ShaderCodeLibraryPakFileMountedCallback: pending pak file info (ChunkID:-1 Root:root:/ File:C:/Program Files/Epic Games/UE_4.27/FeaturePacks/TP_Vehicle.upack)
[2022.07.25-18.52.18:115][  0]LogPakFile: OnPakFileMounted2Time == 0.000045
[2022.07.25-18.52.18:119][  0]LogPakFile: PakFile PrimaryIndexSize=186
[2022.07.25-18.52.18:119][  0]LogPakFile: PakFile PathHashIndexSize=101
[2022.07.25-18.52.18:119][  0]LogPakFile: PakFile FullDirectoryIndexSize=146
[2022.07.25-18.52.18:119][  0]LogShaderLibrary: Display: ShaderCodeLibraryPakFileMountedCallback: PakFile 'C:/Program Files/Epic Games/UE_4.27/FeaturePacks/TP_VehicleAdv.upack' (chunk index -1, root 'root:/') mounted
[2022.07.25-18.52.18:119][  0]LogShaderLibrary: Display: ShaderCodeLibraryPakFileMountedCallback: pending pak file info (ChunkID:-1 Root:root:/ File:C:/Program Files/Epic Games/UE_4.27/FeaturePacks/TP_VehicleAdv.upack)
[2022.07.25-18.52.18:119][  0]LogPakFile: OnPakFileMounted2Time == 0.000035
[2022.07.25-18.52.18:123][  0]LogPakFile: PakFile PrimaryIndexSize=188
[2022.07.25-18.52.18:123][  0]LogPakFile: PakFile PathHashIndexSize=101
[2022.07.25-18.52.18:123][  0]LogPakFile: PakFile FullDirectoryIndexSize=150
[2022.07.25-18.52.18:123][  0]LogShaderLibrary: Display: ShaderCodeLibraryPakFileMountedCallback: PakFile 'C:/Program Files/Epic Games/UE_4.27/FeaturePacks/TP_VehicleAdvBP.upack' (chunk index -1, root 'root:/') mounted
[2022.07.25-18.52.18:123][  0]LogShaderLibrary: Display: ShaderCodeLibraryPakFileMountedCallback: pending pak file info (ChunkID:-1 Root:root:/ File:C:/Program Files/Epic Games/UE_4.27/FeaturePacks/TP_VehicleAdvBP.upack)
[2022.07.25-18.52.18:123][  0]LogPakFile: OnPakFileMounted2Time == 0.000031
[2022.07.25-18.52.18:126][  0]LogPakFile: PakFile PrimaryIndexSize=185
[2022.07.25-18.52.18:126][  0]LogPakFile: PakFile PathHashIndexSize=101
[2022.07.25-18.52.18:126][  0]LogPakFile: PakFile FullDirectoryIndexSize=144
[2022.07.25-18.52.18:126][  0]LogShaderLibrary: Display: ShaderCodeLibraryPakFileMountedCallback: PakFile 'C:/Program Files/Epic Games/UE_4.27/FeaturePacks/TP_VehicleBP.upack' (chunk index -1, root 'root:/') mounted
[2022.07.25-18.52.18:127][  0]LogShaderLibrary: Display: ShaderCodeLibraryPakFileMountedCallback: pending pak file info (ChunkID:-1 Root:root:/ File:C:/Program Files/Epic Games/UE_4.27/FeaturePacks/TP_VehicleBP.upack)
[2022.07.25-18.52.18:127][  0]LogPakFile: OnPakFileMounted2Time == 0.000048
[2022.07.25-18.52.18:131][  0]LogPakFile: PakFile PrimaryIndexSize=192
[2022.07.25-18.52.18:131][  0]LogPakFile: PakFile PathHashIndexSize=101
[2022.07.25-18.52.18:131][  0]LogPakFile: PakFile FullDirectoryIndexSize=158
[2022.07.25-18.52.18:131][  0]LogShaderLibrary: Display: ShaderCodeLibraryPakFileMountedCallback: PakFile 'C:/Program Files/Epic Games/UE_4.27/FeaturePacks/TP_VirtualRealityBP.upack' (chunk index -1, root 'root:/') mounted
[2022.07.25-18.52.18:131][  0]LogShaderLibrary: Display: ShaderCodeLibraryPakFileMountedCallback: pending pak file info (ChunkID:-1 Root:root:/ File:C:/Program Files/Epic Games/UE_4.27/FeaturePacks/TP_VirtualRealityBP.upack)
[2022.07.25-18.52.18:131][  0]LogPakFile: OnPakFileMounted2Time == 0.000051
[2022.07.25-18.52.18:237][  0]LogNativeClassHierarchy: Verbose: Native class hierarchy updated for 'AddContentDialog' in 0.0003 seconds. Added 0 classes and 0 folders.
[2022.07.25-18.52.18:238][  0]LogNativeClassHierarchy: Verbose: Native class hierarchy updated for 'SceneOutliner' in 0.0002 seconds. Added 2 classes and 0 folders.
[2022.07.25-18.52.18:292][  0]LogSlate: Took 0.004357 seconds to synchronously load lazily loaded font '../../../Engine/Content/Slate/Fonts/Roboto-Regular.ttf' (155K)
[2022.07.25-18.52.18:300][  0]LogSlate: Took 0.007177 seconds to synchronously load lazily loaded font '../../../Engine/Content/Editor/Slate/Fonts/FontAwesome.ttf' (139K)
[2022.07.25-18.52.18:305][  0]LogSlate: Took 0.004404 seconds to synchronously load lazily loaded font '../../../Engine/Content/Slate/Fonts/Roboto-Bold.ttf' (160K)
[2022.07.25-18.52.18:429][  0]LogRenderer: Reallocating scene render targets to support 1208x568 Format 10 NumSamples 1 (Frame:1).
[2022.07.25-18.52.18:562][  0]LogNativeClassHierarchy: Verbose: Native class hierarchy updated for 'HierarchicalLODOutliner' in 0.0003 seconds. Added 0 classes and 0 folders.
[2022.07.25-18.52.18:563][  0]LogLoad: (Engine Initialization) Total time: 19.71 seconds
[2022.07.25-18.52.18:563][  0]LogLoad: (Engine Initialization) Total Blueprint compile time: 0.00 seconds
[2022.07.25-18.52.18:624][  0]LogAssetRegistry: Asset discovery search completed in 10.0698 seconds
[2022.07.25-18.52.18:628][  0]LogCollectionManager: Fixed up redirectors for 0 collections in 0.000004 seconds (updated 0 objects)
[2022.07.25-18.52.18:630][  0]LogContentStreaming: Texture pool size now 1000 MB
[2022.07.25-18.52.18:919][  1]LogFileCache: Retrieving MD5 hashes for directory 'C:/Users/ericb/Documents/Current Project Files/Daily-Scrums/SideScroller2D/Content/' took 0.33s
[2022.07.25-18.52.19:270][  2]LogSlate: Took 0.003561 seconds to synchronously load lazily loaded font '../../../Engine/Content/Slate/Fonts/Roboto-Light.ttf' (167K)
[2022.07.25-18.52.41:616][279]LogSlate: Only BGRA pngs, bmps or icos are supported in by External Image Picker
[2022.07.25-18.52.52:815][688]LogSlate: Window 'Copy Movie' being destroyed
[2022.07.25-18.52.54:701][801]LogSlate: Window 'Project Settings' being destroyed
[2022.07.25-18.52.54:704][801]LogSlate: Window 'Project Settings' being destroyed
[2022.07.25-18.52.56:479][906]LogUObjectHash: Compacting FUObjectHashTables data took   0.48ms
[2022.07.25-18.54.22:064][729]LogSlate: Took 0.000142 seconds to synchronously load lazily loaded font '../../../Engine/Content/Slate/Fonts/Roboto-Italic.ttf' (157K)
[2022.07.25-18.54.22:500][755]LogUObjectHash: Compacting FUObjectHashTables data took   0.58ms
[2022.07.25-18.54.22:510][755]LogSlate: Window 'SideScroller2D - Unreal Editor' being destroyed
[2022.07.25-18.54.22:584][756]Cmd: QUIT_EDITOR
[2022.07.25-18.54.22:584][756]LogCore: Engine exit requested (reason: UUnrealEdEngine::CloseEditor())
[2022.07.25-18.54.22:587][756]LogCore: Engine exit requested (reason: EngineExit() was called; note: exit was already requested)
[2022.07.25-18.54.22:588][756]LogAudio: Display: Beginning Audio Device Manager Shutdown (Module: AudioMixerXAudio2)...
[2022.07.25-18.54.22:588][756]LogAudio: Display: Destroying 1 Remaining Audio Device(s)...
[2022.07.25-18.54.22:588][756]LogAudio: Display: Audio Device unregistered from world 'Title'.
[2022.07.25-18.54.22:588][756]LogAudioMixer: FMixerPlatformXAudio2::StopAudioStream() called
[2022.07.25-18.54.22:589][756]LogAudioMixer: FMixerPlatformXAudio2::StopAudioStream() called
[2022.07.25-18.54.22:598][756]LogAudio: Display: Audio Device Manager Shutdown
[2022.07.25-18.54.23:876][756]LogWindows: Error: === Critical error: ===
[2022.07.25-18.54.23:876][756]LogWindows: Error: 
[2022.07.25-18.54.23:876][756]LogWindows: Error: Fatal error!
[2022.07.25-18.54.23:876][756]LogWindows: Error: 
[2022.07.25-18.54.23:876][756]LogWindows: Error: Unhandled Exception: EXCEPTION_ACCESS_VIOLATION reading address 0x0000000000000000
[2022.07.25-18.54.23:876][756]LogWindows: Error: 
[2022.07.25-18.54.23:876][756]LogWindows: Error: [Callstack] 0x00007ffbd5eff916 MSCTF.dll!UnknownFunction []
[2022.07.25-18.54.23:876][756]LogWindows: Error: [Callstack] 0x00007ffbd5f072c7 MSCTF.dll!UnknownFunction []
[2022.07.25-18.54.23:876][756]LogWindows: Error: [Callstack] 0x00007ffbd5f06496 MSCTF.dll!UnknownFunction []
[2022.07.25-18.54.23:876][756]LogWindows: Error: [Callstack] 0x00007ffbd5f06d06 MSCTF.dll!UnknownFunction []
[2022.07.25-18.54.23:876][756]LogWindows: Error: [Callstack] 0x00007ffbd5ef2270 MSCTF.dll!UnknownFunction []
[2022.07.25-18.54.23:876][756]LogWindows: Error: [Callstack] 0x00007ffbd5ef2165 MSCTF.dll!UnknownFunction []
[2022.07.25-18.54.23:876][756]LogWindows: Error: [Callstack] 0x00007ffbd5ef200f MSCTF.dll!UnknownFunction []
[2022.07.25-18.54.23:876][756]LogWindows: Error: [Callstack] 0x00007ffbd5743de2 IMM32.dll!UnknownFunction []
[2022.07.25-18.54.23:876][756]LogWindows: Error: [Callstack] 0x00007ffbd57481ba IMM32.dll!UnknownFunction []
[2022.07.25-18.54.23:876][756]LogWindows: Error: [Callstack] 0x00007ffbd5ef6f0c MSCTF.dll!UnknownFunction []
[2022.07.25-18.54.23:876][756]LogWindows: Error: [Callstack] 0x00007ffbd5ef4e0e MSCTF.dll!UnknownFunction []
[2022.07.25-18.54.23:876][756]LogWindows: Error: [Callstack] 0x00007ffbd5f35122 MSCTF.dll!UnknownFunction []
[2022.07.25-18.54.23:876][756]LogWindows: Error: [Callstack] 0x00007ffbd574a68f IMM32.dll!UnknownFunction []
[2022.07.25-18.54.23:876][756]LogWindows: Error: [Callstack] 0x00007ffbd574ac0e IMM32.dll!UnknownFunction []
[2022.07.25-18.54.23:876][756]LogWindows: Error: [Callstack] 0x00007ffbae20bf50 UE4Editor-ApplicationCore.dll!FWindowsTextInputMethodSystem::Terminate() [D:\Build\++UE4\Sync\Engine\Source\Runtime\ApplicationCore\Private\Windows\WindowsTextInputMethodSystem.cpp:593]
[2022.07.25-18.54.23:876][756]LogWindows: Error: [Callstack] 0x00007ffbae1daa6b UE4Editor-ApplicationCore.dll!FWindowsApplication::~FWindowsApplication() [D:\Build\++UE4\Sync\Engine\Source\Runtime\ApplicationCore\Private\Windows\WindowsApplication.cpp:340]
[2022.07.25-18.54.23:876][756]LogWindows: Error: [Callstack] 0x00007ffbae1dfd9a UE4Editor-ApplicationCore.dll!FWindowsApplication::`vector deleting destructor'() []
[2022.07.25-18.54.23:876][756]LogWindows: Error: [Callstack] 0x00007ffb0260601d UE4Editor-Slate.dll!FSlateApplication::Shutdown() [D:\Build\++UE4\Sync\Engine\Source\Runtime\Slate\Private\Framework\Application\SlateApplication.cpp:712]
[2022.07.25-18.54.23:876][756]LogWindows: Error: [Callstack] 0x00007ff6823603be UE4Editor.exe!FEngineLoop::Exit() [D:\Build\++UE4\Sync\Engine\Source\Runtime\Launch\Private\LaunchEngineLoop.cpp:4248]
[2022.07.25-18.54.23:876][756]LogWindows: Error: [Callstack] 0x00007ff682361063 UE4Editor.exe!GuardedMain() [D:\Build\++UE4\Sync\Engine\Source\Runtime\Launch\Private\Launch.cpp:192]
[2022.07.25-18.54.23:876][756]LogWindows: Error: [Callstack] 0x00007ff6823610ba UE4Editor.exe!GuardedMainWrapper() [D:\Build\++UE4\Sync\Engine\Source\Runtime\Launch\Private\Windows\LaunchWindows.cpp:137]
[2022.07.25-18.54.23:876][756]LogWindows: Error: [Callstack] 0x00007ff6823640dd UE4Editor.exe!LaunchWindowsStartup() [D:\Build\++UE4\Sync\Engine\Source\Runtime\Launch\Private\Windows\LaunchWindows.cpp:273]
[2022.07.25-18.54.23:876][756]LogWindows: Error: [Callstack] 0x00007ff682375984 UE4Editor.exe!WinMain() [D:\Build\++UE4\Sync\Engine\Source\Runtime\Launch\Private\Windows\LaunchWindows.cpp:320]
[2022.07.25-18.54.23:876][756]LogWindows: Error: [Callstack] 0x00007ff68237853a UE4Editor.exe!__scrt_common_main_seh() [d:\agent\_work\5\s\src\vctools\crt\vcstartup\src\startup\exe_common.inl:288]
[2022.07.25-18.54.23:876][756]LogWindows: Error: [Callstack] 0x00007ffbd61254e0 KERNEL32.DLL!UnknownFunction []
[2022.07.25-18.54.23:876][756]LogWindows: Error: [Callstack] 0x00007ffbd75a485b ntdll.dll!UnknownFunction []
[2022.07.25-18.54.23:876][756]LogWindows: Error: 
[2022.07.25-18.54.23:882][756]LogExit: Executing StaticShutdownAfterError
[2022.07.25-18.54.23:883][756]LogWindows: FPlatformMisc::RequestExit(1)
[2022.07.25-18.54.23:884][756]LogWindows: FPlatformMisc::RequestExitWithStatus(1, 3)
[2022.07.25-18.54.23:884][756]LogCore: Engine exit requested (reason: Win RequestExit; note: exit was already requested)
[2022.07.25-18.54.23:893][756]Log file closed, 07/25/22 15:54:23
