Log file open, 07/25/22 15:52:57
LogWindows: Failed to load 'aqProf.dll' (GetLastError=126)
LogWindows: File 'aqProf.dll' does not exist
LogWindows: Failed to load 'VtuneApi.dll' (GetLastError=126)
LogWindows: File 'VtuneApi.dll' does not exist
LogWindows: Failed to load 'VtuneApi32e.dll' (GetLastError=126)
LogWindows: File 'VtuneApi32e.dll' does not exist
LogConsoleResponse: Display: Failed to find resolution value strings in scalability ini. Falling back to default.
LogConsoleResponse: Display: Failed to find resolution value strings in scalability ini. Falling back to default.
LogInit: Display: Running engine for game: SideScroller2D
LogPlatformFile: Not using cached read wrapper
LogTaskGraph: Started task graph with 5 named threads and 47 total threads with 3 sets of task threads.
LogStats: Stats thread started at 0.216828
LogICUInternationalization: ICU TimeZone Detection - Raw Offset: -4:00, Platform Override: ''
LogInit: Display: Loading text-based GConfig....
LogPluginManager: Mounting plugin MeshPainting
LogPluginManager: Mounting plugin XGEController
LogPluginManager: Mounting plugin Paper2D
LogPluginManager: Mounting plugin LiveLink
LogPluginManager: Mounting plugin EnvironmentQueryEditor
LogPluginManager: Mounting plugin AISupport
LogPluginManager: Mounting plugin LightPropagationVolume
LogPluginManager: Mounting plugin AssetManagerEditor
LogPluginManager: Mounting plugin AnimationSharing
LogPluginManager: Mounting plugin GameplayCameras
LogPluginManager: Mounting plugin CameraShakePreviewer
LogPluginManager: Mounting plugin CryptoKeys
LogPluginManager: Mounting plugin CodeLiteSourceCodeAccess
LogPluginManager: Mounting plugin DataValidation
LogPluginManager: Mounting plugin GitSourceControl
LogPluginManager: Mounting plugin KDevelopSourceCodeAccess
LogPluginManager: Mounting plugin CLionSourceCodeAccess
LogPluginManager: Mounting plugin NullSourceCodeAccess
LogPluginManager: Mounting plugin CurveEditorTools
LogPluginManager: Mounting plugin PerforceSourceControl
LogPluginManager: Mounting plugin PixWinPlugin
LogPluginManager: Mounting plugin GameplayTagsEditor
LogPluginManager: Mounting plugin FacialAnimation
LogPluginManager: Mounting plugin GeometryMode
LogPluginManager: Mounting plugin MacGraphicsSwitching
LogPluginManager: Mounting plugin PlasticSourceControl
LogPluginManager: Mounting plugin MaterialAnalyzer
LogPluginManager: Mounting plugin PluginUtils
LogPluginManager: Mounting plugin PropertyAccessNode
LogPluginManager: Mounting plugin RiderSourceCodeAccess
LogPluginManager: Mounting plugin SubversionSourceControl
LogPluginManager: Mounting plugin TextureFormatOodle
LogPluginManager: Mounting plugin MobileLauncherProfileWizard
LogPluginManager: Mounting plugin PluginBrowser
LogPluginManager: Mounting plugin UObjectPlugin
LogPluginManager: Mounting plugin SpeedTreeImporter
LogPluginManager: Mounting plugin OodleData
LogPluginManager: Mounting plugin AlembicImporter
LogPluginManager: Mounting plugin AutomationUtils
LogPluginManager: Mounting plugin BackChannel
LogPluginManager: Mounting plugin ChaosCloth
LogPluginManager: Mounting plugin ChaosClothEditor
LogPluginManager: Mounting plugin ChaosEditor
LogPluginManager: Mounting plugin ChaosNiagara
LogPluginManager: Mounting plugin ChaosSolverPlugin
LogPluginManager: Mounting plugin CharacterAI
LogPluginManager: Mounting plugin GeometryCollectionPlugin
LogPluginManager: Mounting plugin GeometryProcessing
LogPluginManager: Mounting plugin GeometryCache
LogPluginManager: Mounting plugin OpenImageDenoise
LogPluginManager: Mounting plugin PlatformCrypto
LogPluginManager: Mounting plugin PlanarCut
LogPluginManager: Mounting plugin ProxyLODPlugin
LogPluginManager: Mounting plugin PythonScriptPlugin
LogPluginManager: Mounting plugin MotoSynth
LogPluginManager: Mounting plugin XCodeSourceCodeAccess
LogPluginManager: Mounting plugin VisualStudioCodeSourceCodeAccess
LogPluginManager: Mounting plugin SkeletalReduction
LogPluginManager: Mounting plugin OodleNetwork
LogPluginManager: Mounting plugin VisualStudioSourceCodeAccess
LogPluginManager: Mounting plugin LuminPlatformFeatures
LogPluginManager: Mounting plugin MagicLeapLightEstimation
LogPluginManager: Mounting plugin MagicLeapMedia
LogPluginManager: Mounting plugin MagicLeapPassableWorld
LogPluginManager: Mounting plugin MLSDK
LogPluginManager: Mounting plugin MagicLeap
LogPluginManager: Mounting plugin Niagara
LogPluginManager: Mounting plugin AndroidMedia
LogPluginManager: Mounting plugin AvfMedia
LogPluginManager: Mounting plugin ImgMedia
LogPluginManager: Mounting plugin MediaPlayerEditor
LogPluginManager: Mounting plugin WebMMedia
LogPluginManager: Mounting plugin WmfMedia
LogPluginManager: Mounting plugin TcpMessaging
LogPluginManager: Mounting plugin UdpMessaging
LogPluginManager: Mounting plugin MediaCompositing
LogPluginManager: Mounting plugin ActorSequence
LogPluginManager: Mounting plugin LevelSequenceEditor
LogPluginManager: Mounting plugin MatineeToLevelSequence
LogPluginManager: Mounting plugin TemplateSequence
LogPluginManager: Mounting plugin OnlineSubsystem
LogPluginManager: Mounting plugin LauncherChunkInstaller
LogPluginManager: Mounting plugin OnlineSubsystemNull
LogPluginManager: Mounting plugin OnlineSubsystemUtils
LogPluginManager: Mounting plugin ActorLayerUtilities
LogPluginManager: Mounting plugin AndroidMoviePlayer
LogPluginManager: Mounting plugin AndroidDeviceProfileSelector
LogPluginManager: Mounting plugin AndroidPermission
LogPluginManager: Mounting plugin AppleImageUtils
LogPluginManager: Mounting plugin AppleMoviePlayer
LogPluginManager: Mounting plugin ArchVisCharacter
LogPluginManager: Mounting plugin AssetTags
LogPluginManager: Mounting plugin AudioSynesthesia
LogPluginManager: Mounting plugin CableComponent
LogPluginManager: Mounting plugin CustomMeshComponent
LogPluginManager: Mounting plugin EditableMesh
LogPluginManager: Mounting plugin ExampleDeviceProfileSelector
LogPluginManager: Mounting plugin GoogleCloudMessaging
LogPluginManager: Mounting plugin GooglePAD
LogPluginManager: Mounting plugin AudioCapture
LogPluginManager: Mounting plugin IOSDeviceProfileSelector
LogPluginManager: Mounting plugin LinuxDeviceProfileSelector
LogPluginManager: Mounting plugin LocationServicesBPLibrary
LogPluginManager: Mounting plugin OpenXR
LogPluginManager: Mounting plugin OpenXREyeTracker
LogPluginManager: Mounting plugin OpenXRHandTracking
LogPluginManager: Mounting plugin MobilePatchingUtils
LogPluginManager: Mounting plugin PhysXVehicles
LogPluginManager: Mounting plugin ScreenshotTools
LogPluginManager: Mounting plugin PostSplashScreen
LogPluginManager: Mounting plugin ProceduralMeshComponent
LogPluginManager: Mounting plugin PropertyAccessEditor
LogPluginManager: Mounting plugin SignificanceManager
LogPluginManager: Mounting plugin RuntimePhysXCooking
LogPluginManager: Mounting plugin SoundFields
LogPluginManager: Mounting plugin WebMMoviePlayer
LogPluginManager: Mounting plugin Synthesis
LogPluginManager: Mounting plugin WindowsMoviePlayer
LogPluginManager: Mounting plugin ChunkDownloader
LogPluginManager: Mounting plugin Takes
LogPluginManager: Mounting plugin DatasmithContent
LogPluginManager: Mounting plugin VariantManagerContent
LogPluginManager: Mounting plugin ContentBrowserAssetDataSource
LogPluginManager: Mounting plugin ContentBrowserFileDataSource
LogPluginManager: Mounting plugin ContentBrowserClassDataSource
LogPluginManager: Mounting plugin OnlineSubsystemGooglePlay
LogPluginManager: Mounting plugin OnlineSubsystemIOS
LogPluginManager: Mounting plugin OculusVR
LogPluginManager: Mounting plugin SteamVR
PixWinPlugin: PIX capture plugin failed to initialize! Check that the process is launched from PIX.
LogInit: Using libcurl 7.55.1-DEV
LogInit:  - built for x86_64-pc-win32
LogInit:  - supports SSL with OpenSSL/1.1.1
LogInit:  - supports HTTP deflate (compression) using libz 1.2.8
LogInit:  - other features:
LogInit:      CURL_VERSION_SSL
LogInit:      CURL_VERSION_LIBZ
LogInit:      CURL_VERSION_IPV6
LogInit:      CURL_VERSION_ASYNCHDNS
LogInit:      CURL_VERSION_LARGEFILE
LogInit:      CURL_VERSION_IDN
LogInit:  CurlRequestOptions (configurable via config and command line):
LogInit:  - bVerifyPeer = true  - Libcurl will verify peer certificate
LogInit:  - bUseHttpProxy = false  - Libcurl will NOT use HTTP proxy
LogInit:  - bDontReuseConnections = false  - Libcurl will reuse connections
LogInit:  - MaxHostConnections = 16  - Libcurl will limit the number of connections to a host
LogInit:  - LocalHostAddr = Default
LogInit:  - BufferSize = 65536
LogOnline: OSS: Creating online subsystem instance for: NULL
LogInit: WinSock: version 1.1 (2.2), MaxSocks=32767, MaxUdp=65467
LogOnline: OSS: TryLoadSubsystemAndSetDefault: Loaded subsystem for module [NULL]
LogOculusPluginWrapper: OculusPlugin initialized successfully
LogHMD: Failed initializing OVRPlugin 1.59.0
LogInit: Build: ++UE4+Release-4.27-CL-18319896
LogInit: Engine Version: 4.27.2-18319896+++UE4+Release-4.27
LogInit: Compatible Engine Version: 4.27.0-17155196+++UE4+Release-4.27
LogInit: Net CL: 17155196
LogInit: OS: Windows 10 (Release 2009) (), CPU: 11th Gen Intel(R) Core(TM) i7-11800H @ 2.30GHz, GPU: Intel(R) UHD Graphics
LogInit: Compiled (64-bit): Nov 30 2021 07:12:08
LogInit: Compiled with Visual C++: 19.24.28315.00
LogInit: Build Configuration: Development
LogInit: Branch Name: ++UE4+Release-4.27
LogInit: Command Line:  /Game/2DSideScrollerBP/Maps/Title -game -PIEVIACONSOLE -Multiprocess "GameUserSettingsINI=C:/Users/ericb/Documents/Current Project Files/Daily-Scrums/SideScroller2D/Saved/Config/Windows/PIEGameUserSettings0.ini" -MultiprocessSaveConfig -forcepassthrough -messaging -SessionName="Play in Standalone Game" -windowed -ResX=1280 -ResY=720
LogInit: Base Directory: C:/Program Files/Epic Games/UE_4.27/Engine/Binaries/Win64/
LogInit: Allocator: TBB
LogInit: Installed Engine Build: 1
LogDevObjectVersion: Number of dev versions registered: 29
LogDevObjectVersion:   Dev-Blueprints (B0D832E4-1F89-4F0D-ACCF-7EB736FD4AA2): 10
LogDevObjectVersion:   Dev-Build (E1C64328-A22C-4D53-A36C-8E866417BD8C): 0
LogDevObjectVersion:   Dev-Core (375EC13C-06E4-48FB-B500-84F0262A717E): 4
LogDevObjectVersion:   Dev-Editor (E4B068ED-F494-42E9-A231-DA0B2E46BB41): 40
LogDevObjectVersion:   Dev-Framework (CFFC743F-43B0-4480-9391-14DF171D2073): 37
LogDevObjectVersion:   Dev-Mobile (B02B49B5-BB20-44E9-A304-32B752E40360): 3
LogDevObjectVersion:   Dev-Networking (A4E4105C-59A1-49B5-A7C5-40C4547EDFEE): 0
LogDevObjectVersion:   Dev-Online (39C831C9-5AE6-47DC-9A44-9C173E1C8E7C): 0
LogDevObjectVersion:   Dev-Physics (78F01B33-EBEA-4F98-B9B4-84EACCB95AA2): 14
LogDevObjectVersion:   Dev-Platform (6631380F-2D4D-43E0-8009-CF276956A95A): 0
LogDevObjectVersion:   Dev-Rendering (12F88B9F-8875-4AFC-A67C-D90C383ABD29): 45
LogDevObjectVersion:   Dev-Sequencer (7B5AE74C-D270-4C10-A958-57980B212A5A): 13
LogDevObjectVersion:   Dev-VR (D7296918-1DD6-4BDD-9DE2-64A83CC13884): 3
LogDevObjectVersion:   Dev-LoadTimes (C2A15278-BFE7-4AFE-6C17-90FF531DF755): 1
LogDevObjectVersion:   Private-Geometry (6EACA3D4-40EC-4CC1-B786-8BED09428FC5): 3
LogDevObjectVersion:   Dev-AnimPhys (29E575DD-E0A3-4627-9D10-D276232CDCEA): 17
LogDevObjectVersion:   Dev-Anim (AF43A65D-7FD3-4947-9873-3E8ED9C1BB05): 15
LogDevObjectVersion:   Dev-ReflectionCapture (6B266CEC-1EC7-4B8F-A30B-E4D90942FC07): 1
LogDevObjectVersion:   Dev-Automation (0DF73D61-A23F-47EA-B727-89E90C41499A): 1
LogDevObjectVersion:   FortniteMain (601D1886-AC64-4F84-AA16-D3DE0DEAC7D6): 47
LogDevObjectVersion:   FortniteRelease (E7086368-6B23-4C58-8439-1B7016265E91): 1
LogDevObjectVersion:   Dev-Enterprise (9DFFBCD6-494F-0158-E221-12823C92A888): 10
LogDevObjectVersion:   Dev-Niagara (F2AED0AC-9AFE-416F-8664-AA7FFA26D6FC): 1
LogDevObjectVersion:   Dev-Destruction (174F1F0B-B4C6-45A5-B13F-2EE8D0FB917D): 10
LogDevObjectVersion:   Dev-Physics-Ext (35F94A83-E258-406C-A318-09F59610247C): 41
LogDevObjectVersion:   Dev-PhysicsMaterial-Chaos (B68FC16E-8B1B-42E2-B453-215C058844FE): 1
LogDevObjectVersion:   Dev-CineCamera (B2E18506-4273-CFC2-A54E-F4BB758BBA07): 1
LogDevObjectVersion:   Dev-VirtualProduction (64F58936-FD1B-42BA-BA96-7289D5D0FA4E): 1
LogDevObjectVersion:   Dev-MediaFramework (6F0ED827-A609-4895-9C91-998D90180EA4): 2
LogInit: Presizing for max 25165824 objects, including 0 objects not considered by GC, pre-allocating 0 bytes for permanent pool.
LogConfig: Applying CVar settings from Section [/Script/Engine.StreamingSettings] File [C:/Users/ericb/Documents/Current Project Files/Daily-Scrums/SideScroller2D/Saved/Config/Windows/Engine.ini]
LogConfig: Setting CVar [[s.MinBulkDataSizeForAsyncLoading:131072]]
LogConfig: Setting CVar [[s.AsyncLoadingThreadEnabled:0]]
LogConfig: Setting CVar [[s.EventDrivenLoaderEnabled:1]]
LogConfig: Setting CVar [[s.WarnIfTimeLimitExceeded:0]]
LogConfig: Setting CVar [[s.TimeLimitExceededMultiplier:1.5]]
LogConfig: Setting CVar [[s.TimeLimitExceededMinTime:0.005]]
LogConfig: Setting CVar [[s.UseBackgroundLevelStreaming:1]]
LogConfig: Setting CVar [[s.PriorityAsyncLoadingExtraTime:15.0]]
LogConfig: Setting CVar [[s.LevelStreamingActorsUpdateTimeLimit:5.0]]
LogConfig: Setting CVar [[s.PriorityLevelStreamingActorsUpdateExtraTime:5.0]]
LogConfig: Setting CVar [[s.LevelStreamingComponentsRegistrationGranularity:10]]
LogConfig: Setting CVar [[s.UnregisterComponentsTimeLimit:1.0]]
LogConfig: Setting CVar [[s.LevelStreamingComponentsUnregistrationGranularity:5]]
LogConfig: Setting CVar [[s.FlushStreamingOnExit:1]]
LogInit: Object subsystem initialized
LogConfig: Setting CVar [[con.DebugEarlyDefault:1]]
LogConfig: Setting CVar [[r.setres:1280x720]]
[2022.07.25-18.52.57:933][  0]LogConfig: Setting CVar [[con.DebugEarlyDefault:1]]
[2022.07.25-18.52.57:933][  0]LogConfig: Setting CVar [[r.setres:1280x720]]
[2022.07.25-18.52.57:933][  0]LogConfig: Applying CVar settings from Section [/Script/Engine.RendererSettings] File [C:/Users/ericb/Documents/Current Project Files/Daily-Scrums/SideScroller2D/Saved/Config/Windows/Engine.ini]
[2022.07.25-18.52.57:933][  0]LogConfig: Setting CVar [[r.GPUCrashDebugging:0]]
[2022.07.25-18.52.57:933][  0]LogConfig: Setting CVar [[r.MobileHDR:0]]
[2022.07.25-18.52.57:933][  0]LogConfig: Applying CVar settings from Section [/Script/Engine.RendererOverrideSettings] File [C:/Users/ericb/Documents/Current Project Files/Daily-Scrums/SideScroller2D/Saved/Config/Windows/Engine.ini]
[2022.07.25-18.52.57:933][  0]LogConfig: Applying CVar settings from Section [/Script/Engine.StreamingSettings] File [C:/Users/ericb/Documents/Current Project Files/Daily-Scrums/SideScroller2D/Saved/Config/Windows/Engine.ini]
[2022.07.25-18.52.57:933][  0]LogConfig: Setting CVar [[s.MinBulkDataSizeForAsyncLoading:131072]]
[2022.07.25-18.52.57:933][  0]LogConfig: Setting CVar [[s.AsyncLoadingThreadEnabled:0]]
[2022.07.25-18.52.57:933][  0]LogConfig: Setting CVar [[s.EventDrivenLoaderEnabled:1]]
[2022.07.25-18.52.57:933][  0]LogConfig: Setting CVar [[s.WarnIfTimeLimitExceeded:0]]
[2022.07.25-18.52.57:933][  0]LogConfig: Setting CVar [[s.TimeLimitExceededMultiplier:1.5]]
[2022.07.25-18.52.57:933][  0]LogConfig: Setting CVar [[s.TimeLimitExceededMinTime:0.005]]
[2022.07.25-18.52.57:933][  0]LogConfig: Setting CVar [[s.UseBackgroundLevelStreaming:1]]
[2022.07.25-18.52.57:933][  0]LogConfig: Setting CVar [[s.PriorityAsyncLoadingExtraTime:15.0]]
[2022.07.25-18.52.57:933][  0]LogConfig: Setting CVar [[s.LevelStreamingActorsUpdateTimeLimit:5.0]]
[2022.07.25-18.52.57:933][  0]LogConfig: Setting CVar [[s.PriorityLevelStreamingActorsUpdateExtraTime:5.0]]
[2022.07.25-18.52.57:933][  0]LogConfig: Setting CVar [[s.LevelStreamingComponentsRegistrationGranularity:10]]
[2022.07.25-18.52.57:933][  0]LogConfig: Setting CVar [[s.UnregisterComponentsTimeLimit:1.0]]
[2022.07.25-18.52.57:933][  0]LogConfig: Setting CVar [[s.LevelStreamingComponentsUnregistrationGranularity:5]]
[2022.07.25-18.52.57:933][  0]LogConfig: Setting CVar [[s.FlushStreamingOnExit:1]]
[2022.07.25-18.52.57:933][  0]LogConfig: Applying CVar settings from Section [/Script/Engine.GarbageCollectionSettings] File [C:/Users/ericb/Documents/Current Project Files/Daily-Scrums/SideScroller2D/Saved/Config/Windows/Engine.ini]
[2022.07.25-18.52.57:933][  0]LogConfig: Setting CVar [[gc.MaxObjectsNotConsideredByGC:1]]
[2022.07.25-18.52.57:933][  0]LogConfig: Setting CVar [[gc.SizeOfPermanentObjectPool:0]]
[2022.07.25-18.52.57:933][  0]LogConfig: Setting CVar [[gc.FlushStreamingOnGC:0]]
[2022.07.25-18.52.57:933][  0]LogConfig: Setting CVar [[gc.NumRetriesBeforeForcingGC:10]]
[2022.07.25-18.52.57:933][  0]LogConfig: Setting CVar [[gc.AllowParallelGC:1]]
[2022.07.25-18.52.57:933][  0]LogConfig: Setting CVar [[gc.TimeBetweenPurgingPendingKillObjects:61.1]]
[2022.07.25-18.52.57:933][  0]LogConfig: Setting CVar [[gc.MaxObjectsInEditor:25165824]]
[2022.07.25-18.52.57:933][  0]LogConfig: Setting CVar [[gc.IncrementalBeginDestroyEnabled:1]]
[2022.07.25-18.52.57:933][  0]LogConfig: Setting CVar [[gc.CreateGCClusters:1]]
[2022.07.25-18.52.57:933][  0]LogConfig: Setting CVar [[gc.MinGCClusterSize:5]]
[2022.07.25-18.52.57:933][  0]LogConfig: Setting CVar [[gc.ActorClusteringEnabled:0]]
[2022.07.25-18.52.57:933][  0]LogConfig: Setting CVar [[gc.BlueprintClusteringEnabled:0]]
[2022.07.25-18.52.57:933][  0]LogConfig: Setting CVar [[gc.UseDisregardForGCOnDedicatedServers:0]]
[2022.07.25-18.52.57:933][  0]LogConfig: Setting CVar [[gc.MultithreadedDestructionEnabled:1]]
[2022.07.25-18.52.57:933][  0]LogConfig: Applying CVar settings from Section [/Script/Engine.NetworkSettings] File [C:/Users/ericb/Documents/Current Project Files/Daily-Scrums/SideScroller2D/Saved/Config/Windows/Engine.ini]
[2022.07.25-18.52.57:933][  0]LogConfig: Applying CVar settings from Section [/Script/UnrealEd.CookerSettings] File [C:/Users/ericb/Documents/Current Project Files/Daily-Scrums/SideScroller2D/Saved/Config/Windows/Engine.ini]
[2022.07.25-18.52.57:944][  0]LogConfig: Applying CVar settings from Section [ViewDistanceQuality@3] File [C:/Users/ericb/Documents/Current Project Files/Daily-Scrums/SideScroller2D/Saved/Config/Windows/Scalability.ini]
[2022.07.25-18.52.57:944][  0]LogConfig: Setting CVar [[r.SkeletalMeshLODBias:0]]
[2022.07.25-18.52.57:944][  0]LogConfig: Setting CVar [[r.ViewDistanceScale:1.0]]
[2022.07.25-18.52.57:944][  0]LogConfig: Applying CVar settings from Section [AntiAliasingQuality@3] File [C:/Users/ericb/Documents/Current Project Files/Daily-Scrums/SideScroller2D/Saved/Config/Windows/Scalability.ini]
[2022.07.25-18.52.57:945][  0]LogConfig: Setting CVar [[r.PostProcessAAQuality:4]]
[2022.07.25-18.52.57:945][  0]LogConfig: Applying CVar settings from Section [ShadowQuality@3] File [C:/Users/ericb/Documents/Current Project Files/Daily-Scrums/SideScroller2D/Saved/Config/Windows/Scalability.ini]
[2022.07.25-18.52.57:945][  0]LogConfig: Setting CVar [[r.LightFunctionQuality:1]]
[2022.07.25-18.52.57:945][  0]LogConfig: Setting CVar [[r.ShadowQuality:5]]
[2022.07.25-18.52.57:945][  0]LogConfig: Setting CVar [[r.Shadow.CSM.MaxCascades:10]]
[2022.07.25-18.52.57:945][  0]LogConfig: Setting CVar [[r.Shadow.MaxResolution:2048]]
[2022.07.25-18.52.57:945][  0]LogConfig: Setting CVar [[r.Shadow.MaxCSMResolution:2048]]
[2022.07.25-18.52.57:945][  0]LogConfig: Setting CVar [[r.Shadow.RadiusThreshold:0.01]]
[2022.07.25-18.52.57:945][  0]LogConfig: Setting CVar [[r.Shadow.DistanceScale:1.0]]
[2022.07.25-18.52.57:945][  0]LogConfig: Setting CVar [[r.Shadow.CSM.TransitionScale:1.0]]
[2022.07.25-18.52.57:945][  0]LogConfig: Setting CVar [[r.Shadow.PreShadowResolutionFactor:1.0]]
[2022.07.25-18.52.57:945][  0]LogConfig: Setting CVar [[r.DistanceFieldShadowing:1]]
[2022.07.25-18.52.57:945][  0]LogConfig: Setting CVar [[r.DistanceFieldAO:1]]
[2022.07.25-18.52.57:945][  0]LogConfig: Setting CVar [[r.AOQuality:2]]
[2022.07.25-18.52.57:945][  0]LogConfig: Setting CVar [[r.VolumetricFog:1]]
[2022.07.25-18.52.57:945][  0]LogConfig: Setting CVar [[r.VolumetricFog.GridPixelSize:8]]
[2022.07.25-18.52.57:945][  0]LogConfig: Setting CVar [[r.VolumetricFog.GridSizeZ:128]]
[2022.07.25-18.52.57:945][  0]LogConfig: Setting CVar [[r.VolumetricFog.HistoryMissSupersampleCount:4]]
[2022.07.25-18.52.57:945][  0]LogConfig: Setting CVar [[r.LightMaxDrawDistanceScale:1]]
[2022.07.25-18.52.57:945][  0]LogConfig: Setting CVar [[r.CapsuleShadows:1]]
[2022.07.25-18.52.57:945][  0]LogConfig: Applying CVar settings from Section [PostProcessQuality@3] File [C:/Users/ericb/Documents/Current Project Files/Daily-Scrums/SideScroller2D/Saved/Config/Windows/Scalability.ini]
[2022.07.25-18.52.57:945][  0]LogConfig: Setting CVar [[r.MotionBlurQuality:4]]
[2022.07.25-18.52.57:945][  0]LogConfig: Setting CVar [[r.AmbientOcclusionMipLevelFactor:0.4]]
[2022.07.25-18.52.57:945][  0]LogConfig: Setting CVar [[r.AmbientOcclusionMaxQuality:100]]
[2022.07.25-18.52.57:945][  0]LogConfig: Setting CVar [[r.AmbientOcclusionLevels:-1]]
[2022.07.25-18.52.57:945][  0]LogConfig: Setting CVar [[r.AmbientOcclusionRadiusScale:1.0]]
[2022.07.25-18.52.57:945][  0]LogConfig: Setting CVar [[r.DepthOfFieldQuality:2]]
[2022.07.25-18.52.57:945][  0]LogConfig: Setting CVar [[r.RenderTargetPoolMin:400]]
[2022.07.25-18.52.57:945][  0]LogConfig: Setting CVar [[r.LensFlareQuality:2]]
[2022.07.25-18.52.57:945][  0]LogConfig: Setting CVar [[r.SceneColorFringeQuality:1]]
[2022.07.25-18.52.57:945][  0]LogConfig: Setting CVar [[r.EyeAdaptationQuality:2]]
[2022.07.25-18.52.57:945][  0]LogConfig: Setting CVar [[r.BloomQuality:5]]
[2022.07.25-18.52.57:945][  0]LogConfig: Setting CVar [[r.FastBlurThreshold:100]]
[2022.07.25-18.52.57:945][  0]LogConfig: Setting CVar [[r.Upscale.Quality:3]]
[2022.07.25-18.52.57:945][  0]LogConfig: Setting CVar [[r.Tonemapper.GrainQuantization:1]]
[2022.07.25-18.52.57:945][  0]LogConfig: Setting CVar [[r.LightShaftQuality:1]]
[2022.07.25-18.52.57:945][  0]LogConfig: Setting CVar [[r.Filter.SizeScale:1]]
[2022.07.25-18.52.57:945][  0]LogConfig: Setting CVar [[r.Tonemapper.Quality:5]]
[2022.07.25-18.52.57:945][  0]LogConfig: Setting CVar [[r.DOF.Gather.AccumulatorQuality:1        ; higher gathering accumulator quality]]
[2022.07.25-18.52.57:945][  0]LogConfig: Setting CVar [[r.DOF.Gather.PostfilterMethod:1          ; Median3x3 postfilering method]]
[2022.07.25-18.52.57:945][  0]LogConfig: Setting CVar [[r.DOF.Gather.EnableBokehSettings:0       ; no bokeh simulation when gathering]]
[2022.07.25-18.52.57:945][  0]LogConfig: Setting CVar [[r.DOF.Gather.RingCount:4                 ; medium number of samples when gathering]]
[2022.07.25-18.52.57:945][  0]LogConfig: Setting CVar [[r.DOF.Scatter.ForegroundCompositing:1    ; additive foreground scattering]]
[2022.07.25-18.52.57:945][  0]LogConfig: Setting CVar [[r.DOF.Scatter.BackgroundCompositing:2    ; additive background scattering]]
[2022.07.25-18.52.57:945][  0]LogConfig: Setting CVar [[r.DOF.Scatter.EnableBokehSettings:1      ; bokeh simulation when scattering]]
[2022.07.25-18.52.57:945][  0]LogConfig: Setting CVar [[r.DOF.Scatter.MaxSpriteRatio:0.1         ; only a maximum of 10% of scattered bokeh]]
[2022.07.25-18.52.57:945][  0]LogConfig: Setting CVar [[r.DOF.Recombine.Quality:1                ; cheap slight out of focus]]
[2022.07.25-18.52.57:945][  0]LogConfig: Setting CVar [[r.DOF.Recombine.EnableBokehSettings:0    ; no bokeh simulation on slight out of focus]]
[2022.07.25-18.52.57:945][  0]LogConfig: Setting CVar [[r.DOF.TemporalAAQuality:1                ; more stable temporal accumulation]]
[2022.07.25-18.52.57:945][  0]LogConfig: Setting CVar [[r.DOF.Kernel.MaxForegroundRadius:0.025]]
[2022.07.25-18.52.57:945][  0]LogConfig: Setting CVar [[r.DOF.Kernel.MaxBackgroundRadius:0.025]]
[2022.07.25-18.52.57:945][  0]LogConfig: Applying CVar settings from Section [TextureQuality@3] File [C:/Users/ericb/Documents/Current Project Files/Daily-Scrums/SideScroller2D/Saved/Config/Windows/Scalability.ini]
[2022.07.25-18.52.57:945][  0]LogConfig: Setting CVar [[r.Streaming.MipBias:0]]
[2022.07.25-18.52.57:945][  0]LogConfig: Setting CVar [[r.Streaming.AmortizeCPUToGPUCopy:0]]
[2022.07.25-18.52.57:945][  0]LogConfig: Setting CVar [[r.Streaming.MaxNumTexturesToStreamPerFrame:0]]
[2022.07.25-18.52.57:945][  0]LogConfig: Setting CVar [[r.Streaming.Boost:1]]
[2022.07.25-18.52.57:945][  0]LogConfig: Setting CVar [[r.MaxAnisotropy:8]]
[2022.07.25-18.52.57:945][  0]LogConfig: Setting CVar [[r.VT.MaxAnisotropy:8]]
[2022.07.25-18.52.57:945][  0]LogConfig: Setting CVar [[r.Streaming.LimitPoolSizeToVRAM:0]]
[2022.07.25-18.52.57:945][  0]LogConfig: Setting CVar [[r.Streaming.PoolSize:1000]]
[2022.07.25-18.52.57:945][  0]LogConfig: Setting CVar [[r.Streaming.MaxEffectiveScreenSize:0]]
[2022.07.25-18.52.57:945][  0]LogConfig: Applying CVar settings from Section [EffectsQuality@3] File [C:/Users/ericb/Documents/Current Project Files/Daily-Scrums/SideScroller2D/Saved/Config/Windows/Scalability.ini]
[2022.07.25-18.52.57:945][  0]LogConfig: Setting CVar [[r.TranslucencyLightingVolumeDim:64]]
[2022.07.25-18.52.57:945][  0]LogConfig: Setting CVar [[r.RefractionQuality:2]]
[2022.07.25-18.52.57:945][  0]LogConfig: Setting CVar [[r.SSR.Quality:3]]
[2022.07.25-18.52.57:945][  0]LogConfig: Setting CVar [[r.SSR.HalfResSceneColor:0]]
[2022.07.25-18.52.57:945][  0]LogConfig: Setting CVar [[r.SceneColorFormat:4]]
[2022.07.25-18.52.57:945][  0]LogConfig: Setting CVar [[r.DetailMode:2]]
[2022.07.25-18.52.57:945][  0]LogConfig: Setting CVar [[r.TranslucencyVolumeBlur:1]]
[2022.07.25-18.52.57:945][  0]LogConfig: Setting CVar [[r.MaterialQualityLevel:1 ; High quality]]
[2022.07.25-18.52.57:945][  0]LogConfig: Setting CVar [[r.AnisotropicMaterials:1]]
[2022.07.25-18.52.57:945][  0]LogConfig: Setting CVar [[r.SSS.Scale:1]]
[2022.07.25-18.52.57:945][  0]LogConfig: Setting CVar [[r.SSS.SampleSet:2]]
[2022.07.25-18.52.57:945][  0]LogConfig: Setting CVar [[r.SSS.Quality:1]]
[2022.07.25-18.52.57:945][  0]LogConfig: Setting CVar [[r.SSS.HalfRes:0]]
[2022.07.25-18.52.57:945][  0]LogConfig: Setting CVar [[r.SSGI.Quality:3]]
[2022.07.25-18.52.57:945][  0]LogConfig: Setting CVar [[r.EmitterSpawnRateScale:1.0]]
[2022.07.25-18.52.57:945][  0]LogConfig: Setting CVar [[r.ParticleLightQuality:2]]
[2022.07.25-18.52.57:945][  0]LogConfig: Setting CVar [[r.SkyAtmosphere.AerialPerspectiveLUT.FastApplyOnOpaque:1 ; Always have FastSkyLUT 1 in this case to avoid wrong sky]]
[2022.07.25-18.52.57:945][  0]LogConfig: Setting CVar [[r.SkyAtmosphere.AerialPerspectiveLUT.SampleCountMaxPerSlice:4]]
[2022.07.25-18.52.57:945][  0]LogConfig: Setting CVar [[r.SkyAtmosphere.AerialPerspectiveLUT.DepthResolution:16.0]]
[2022.07.25-18.52.57:945][  0]LogConfig: Setting CVar [[r.SkyAtmosphere.FastSkyLUT:1]]
[2022.07.25-18.52.57:945][  0]LogConfig: Setting CVar [[r.SkyAtmosphere.FastSkyLUT.SampleCountMin:4.0]]
[2022.07.25-18.52.57:945][  0]LogConfig: Setting CVar [[r.SkyAtmosphere.FastSkyLUT.SampleCountMax:128.0]]
[2022.07.25-18.52.57:945][  0]LogConfig: Setting CVar [[r.SkyAtmosphere.SampleCountMin:4.0]]
[2022.07.25-18.52.57:945][  0]LogConfig: Setting CVar [[r.SkyAtmosphere.SampleCountMax:128.0]]
[2022.07.25-18.52.57:945][  0]LogConfig: Setting CVar [[r.SkyAtmosphere.TransmittanceLUT.UseSmallFormat:0]]
[2022.07.25-18.52.57:945][  0]LogConfig: Setting CVar [[r.SkyAtmosphere.TransmittanceLUT.SampleCount:10.0]]
[2022.07.25-18.52.57:945][  0]LogConfig: Setting CVar [[r.SkyAtmosphere.MultiScatteringLUT.SampleCount:15.0]]
[2022.07.25-18.52.57:945][  0]LogConfig: Setting CVar [[r.SkyLight.RealTimeReflectionCapture:1]]
[2022.07.25-18.52.57:945][  0]LogConfig: Applying CVar settings from Section [FoliageQuality@3] File [C:/Users/ericb/Documents/Current Project Files/Daily-Scrums/SideScroller2D/Saved/Config/Windows/Scalability.ini]
[2022.07.25-18.52.57:945][  0]LogConfig: Setting CVar [[foliage.DensityScale:1.0]]
[2022.07.25-18.52.57:945][  0]LogConfig: Setting CVar [[grass.DensityScale:1.0]]
[2022.07.25-18.52.57:945][  0]LogConfig: Applying CVar settings from Section [ShadingQuality@3] File [C:/Users/ericb/Documents/Current Project Files/Daily-Scrums/SideScroller2D/Saved/Config/Windows/Scalability.ini]
[2022.07.25-18.52.57:945][  0]LogConfig: Setting CVar [[r.HairStrands.SkyLighting.IntegrationType:2]]
[2022.07.25-18.52.57:945][  0]LogConfig: Setting CVar [[r.HairStrands.SkyAO.SampleCount:4]]
[2022.07.25-18.52.57:945][  0]LogConfig: Setting CVar [[r.HairStrands.Visibility.MSAA.SamplePerPixel:4]]
[2022.07.25-18.52.57:945][  0]LogInit: Selected Device Profile: [Windows]
[2022.07.25-18.52.57:945][  0]LogInit: Applying CVar settings loaded from the selected device profile: [Windows]
[2022.07.25-18.52.57:945][  0]LogHAL: Display: Platform has ~ 16 GB [16824614912 / 17179869184 / 16], which maps to Larger [LargestMinGB=32, LargerMinGB=12, DefaultMinGB=8, SmallerMinGB=6, SmallestMinGB=0)
[2022.07.25-18.52.57:945][  0]LogInit: Going up to parent DeviceProfile []
[2022.07.25-18.52.57:945][  0]LogConfig: Applying CVar settings from Section [ViewDistanceQuality@3] File [C:/Users/ericb/Documents/Current Project Files/Daily-Scrums/SideScroller2D/Saved/Config/Windows/Scalability.ini]
[2022.07.25-18.52.57:945][  0]LogConfig: Setting CVar [[r.SkeletalMeshLODBias:0]]
[2022.07.25-18.52.57:945][  0]LogConfig: Setting CVar [[r.ViewDistanceScale:1.0]]
[2022.07.25-18.52.57:945][  0]LogConfig: Applying CVar settings from Section [AntiAliasingQuality@3] File [C:/Users/ericb/Documents/Current Project Files/Daily-Scrums/SideScroller2D/Saved/Config/Windows/Scalability.ini]
[2022.07.25-18.52.57:945][  0]LogConfig: Setting CVar [[r.PostProcessAAQuality:4]]
[2022.07.25-18.52.57:945][  0]LogConfig: Applying CVar settings from Section [ShadowQuality@3] File [C:/Users/ericb/Documents/Current Project Files/Daily-Scrums/SideScroller2D/Saved/Config/Windows/Scalability.ini]
[2022.07.25-18.52.57:945][  0]LogConfig: Setting CVar [[r.LightFunctionQuality:1]]
[2022.07.25-18.52.57:945][  0]LogConfig: Setting CVar [[r.ShadowQuality:5]]
[2022.07.25-18.52.57:945][  0]LogConfig: Setting CVar [[r.Shadow.CSM.MaxCascades:10]]
[2022.07.25-18.52.57:945][  0]LogConfig: Setting CVar [[r.Shadow.MaxResolution:2048]]
[2022.07.25-18.52.57:945][  0]LogConfig: Setting CVar [[r.Shadow.MaxCSMResolution:2048]]
[2022.07.25-18.52.57:945][  0]LogConfig: Setting CVar [[r.Shadow.RadiusThreshold:0.01]]
[2022.07.25-18.52.57:945][  0]LogConfig: Setting CVar [[r.Shadow.DistanceScale:1.0]]
[2022.07.25-18.52.57:945][  0]LogConfig: Setting CVar [[r.Shadow.CSM.TransitionScale:1.0]]
[2022.07.25-18.52.57:945][  0]LogConfig: Setting CVar [[r.Shadow.PreShadowResolutionFactor:1.0]]
[2022.07.25-18.52.57:946][  0]LogConfig: Setting CVar [[r.DistanceFieldShadowing:1]]
[2022.07.25-18.52.57:946][  0]LogConfig: Setting CVar [[r.DistanceFieldAO:1]]
[2022.07.25-18.52.57:946][  0]LogConfig: Setting CVar [[r.AOQuality:2]]
[2022.07.25-18.52.57:946][  0]LogConfig: Setting CVar [[r.VolumetricFog:1]]
[2022.07.25-18.52.57:946][  0]LogConfig: Setting CVar [[r.VolumetricFog.GridPixelSize:8]]
[2022.07.25-18.52.57:946][  0]LogConfig: Setting CVar [[r.VolumetricFog.GridSizeZ:128]]
[2022.07.25-18.52.57:946][  0]LogConfig: Setting CVar [[r.VolumetricFog.HistoryMissSupersampleCount:4]]
[2022.07.25-18.52.57:946][  0]LogConfig: Setting CVar [[r.LightMaxDrawDistanceScale:1]]
[2022.07.25-18.52.57:946][  0]LogConfig: Setting CVar [[r.CapsuleShadows:1]]
[2022.07.25-18.52.57:946][  0]LogConfig: Applying CVar settings from Section [PostProcessQuality@3] File [C:/Users/ericb/Documents/Current Project Files/Daily-Scrums/SideScroller2D/Saved/Config/Windows/Scalability.ini]
[2022.07.25-18.52.57:946][  0]LogConfig: Setting CVar [[r.MotionBlurQuality:4]]
[2022.07.25-18.52.57:946][  0]LogConfig: Setting CVar [[r.AmbientOcclusionMipLevelFactor:0.4]]
[2022.07.25-18.52.57:946][  0]LogConfig: Setting CVar [[r.AmbientOcclusionMaxQuality:100]]
[2022.07.25-18.52.57:946][  0]LogConfig: Setting CVar [[r.AmbientOcclusionLevels:-1]]
[2022.07.25-18.52.57:946][  0]LogConfig: Setting CVar [[r.AmbientOcclusionRadiusScale:1.0]]
[2022.07.25-18.52.57:946][  0]LogConfig: Setting CVar [[r.DepthOfFieldQuality:2]]
[2022.07.25-18.52.57:946][  0]LogConfig: Setting CVar [[r.RenderTargetPoolMin:400]]
[2022.07.25-18.52.57:946][  0]LogConfig: Setting CVar [[r.LensFlareQuality:2]]
[2022.07.25-18.52.57:946][  0]LogConfig: Setting CVar [[r.SceneColorFringeQuality:1]]
[2022.07.25-18.52.57:946][  0]LogConfig: Setting CVar [[r.EyeAdaptationQuality:2]]
[2022.07.25-18.52.57:946][  0]LogConfig: Setting CVar [[r.BloomQuality:5]]
[2022.07.25-18.52.57:946][  0]LogConfig: Setting CVar [[r.FastBlurThreshold:100]]
[2022.07.25-18.52.57:946][  0]LogConfig: Setting CVar [[r.Upscale.Quality:3]]
[2022.07.25-18.52.57:946][  0]LogConfig: Setting CVar [[r.Tonemapper.GrainQuantization:1]]
[2022.07.25-18.52.57:946][  0]LogConfig: Setting CVar [[r.LightShaftQuality:1]]
[2022.07.25-18.52.57:946][  0]LogConfig: Setting CVar [[r.Filter.SizeScale:1]]
[2022.07.25-18.52.57:946][  0]LogConfig: Setting CVar [[r.Tonemapper.Quality:5]]
[2022.07.25-18.52.57:946][  0]LogConfig: Setting CVar [[r.DOF.Gather.AccumulatorQuality:1        ; higher gathering accumulator quality]]
[2022.07.25-18.52.57:946][  0]LogConfig: Setting CVar [[r.DOF.Gather.PostfilterMethod:1          ; Median3x3 postfilering method]]
[2022.07.25-18.52.57:946][  0]LogConfig: Setting CVar [[r.DOF.Gather.EnableBokehSettings:0       ; no bokeh simulation when gathering]]
[2022.07.25-18.52.57:946][  0]LogConfig: Setting CVar [[r.DOF.Gather.RingCount:4                 ; medium number of samples when gathering]]
[2022.07.25-18.52.57:946][  0]LogConfig: Setting CVar [[r.DOF.Scatter.ForegroundCompositing:1    ; additive foreground scattering]]
[2022.07.25-18.52.57:946][  0]LogConfig: Setting CVar [[r.DOF.Scatter.BackgroundCompositing:2    ; additive background scattering]]
[2022.07.25-18.52.57:946][  0]LogConfig: Setting CVar [[r.DOF.Scatter.EnableBokehSettings:1      ; bokeh simulation when scattering]]
[2022.07.25-18.52.57:946][  0]LogConfig: Setting CVar [[r.DOF.Scatter.MaxSpriteRatio:0.1         ; only a maximum of 10% of scattered bokeh]]
[2022.07.25-18.52.57:946][  0]LogConfig: Setting CVar [[r.DOF.Recombine.Quality:1                ; cheap slight out of focus]]
[2022.07.25-18.52.57:946][  0]LogConfig: Setting CVar [[r.DOF.Recombine.EnableBokehSettings:0    ; no bokeh simulation on slight out of focus]]
[2022.07.25-18.52.57:946][  0]LogConfig: Setting CVar [[r.DOF.TemporalAAQuality:1                ; more stable temporal accumulation]]
[2022.07.25-18.52.57:946][  0]LogConfig: Setting CVar [[r.DOF.Kernel.MaxForegroundRadius:0.025]]
[2022.07.25-18.52.57:946][  0]LogConfig: Setting CVar [[r.DOF.Kernel.MaxBackgroundRadius:0.025]]
[2022.07.25-18.52.57:946][  0]LogConfig: Applying CVar settings from Section [TextureQuality@3] File [C:/Users/ericb/Documents/Current Project Files/Daily-Scrums/SideScroller2D/Saved/Config/Windows/Scalability.ini]
[2022.07.25-18.52.57:946][  0]LogConfig: Setting CVar [[r.Streaming.MipBias:0]]
[2022.07.25-18.52.57:946][  0]LogConfig: Setting CVar [[r.Streaming.AmortizeCPUToGPUCopy:0]]
[2022.07.25-18.52.57:946][  0]LogConfig: Setting CVar [[r.Streaming.MaxNumTexturesToStreamPerFrame:0]]
[2022.07.25-18.52.57:946][  0]LogConfig: Setting CVar [[r.Streaming.Boost:1]]
[2022.07.25-18.52.57:946][  0]LogConfig: Setting CVar [[r.MaxAnisotropy:8]]
[2022.07.25-18.52.57:946][  0]LogConfig: Setting CVar [[r.VT.MaxAnisotropy:8]]
[2022.07.25-18.52.57:946][  0]LogConfig: Setting CVar [[r.Streaming.LimitPoolSizeToVRAM:0]]
[2022.07.25-18.52.57:946][  0]LogConfig: Setting CVar [[r.Streaming.PoolSize:1000]]
[2022.07.25-18.52.57:946][  0]LogConfig: Setting CVar [[r.Streaming.MaxEffectiveScreenSize:0]]
[2022.07.25-18.52.57:946][  0]LogConfig: Applying CVar settings from Section [EffectsQuality@3] File [C:/Users/ericb/Documents/Current Project Files/Daily-Scrums/SideScroller2D/Saved/Config/Windows/Scalability.ini]
[2022.07.25-18.52.57:946][  0]LogConfig: Setting CVar [[r.TranslucencyLightingVolumeDim:64]]
[2022.07.25-18.52.57:946][  0]LogConfig: Setting CVar [[r.RefractionQuality:2]]
[2022.07.25-18.52.57:946][  0]LogConfig: Setting CVar [[r.SSR.Quality:3]]
[2022.07.25-18.52.57:946][  0]LogConfig: Setting CVar [[r.SSR.HalfResSceneColor:0]]
[2022.07.25-18.52.57:946][  0]LogConfig: Setting CVar [[r.SceneColorFormat:4]]
[2022.07.25-18.52.57:946][  0]LogConfig: Setting CVar [[r.DetailMode:2]]
[2022.07.25-18.52.57:946][  0]LogConfig: Setting CVar [[r.TranslucencyVolumeBlur:1]]
[2022.07.25-18.52.57:946][  0]LogConfig: Setting CVar [[r.MaterialQualityLevel:1 ; High quality]]
[2022.07.25-18.52.57:946][  0]LogConfig: Setting CVar [[r.AnisotropicMaterials:1]]
[2022.07.25-18.52.57:946][  0]LogConfig: Setting CVar [[r.SSS.Scale:1]]
[2022.07.25-18.52.57:946][  0]LogConfig: Setting CVar [[r.SSS.SampleSet:2]]
[2022.07.25-18.52.57:946][  0]LogConfig: Setting CVar [[r.SSS.Quality:1]]
[2022.07.25-18.52.57:946][  0]LogConfig: Setting CVar [[r.SSS.HalfRes:0]]
[2022.07.25-18.52.57:946][  0]LogConfig: Setting CVar [[r.SSGI.Quality:3]]
[2022.07.25-18.52.57:946][  0]LogConfig: Setting CVar [[r.EmitterSpawnRateScale:1.0]]
[2022.07.25-18.52.57:946][  0]LogConfig: Setting CVar [[r.ParticleLightQuality:2]]
[2022.07.25-18.52.57:946][  0]LogConfig: Setting CVar [[r.SkyAtmosphere.AerialPerspectiveLUT.FastApplyOnOpaque:1 ; Always have FastSkyLUT 1 in this case to avoid wrong sky]]
[2022.07.25-18.52.57:946][  0]LogConfig: Setting CVar [[r.SkyAtmosphere.AerialPerspectiveLUT.SampleCountMaxPerSlice:4]]
[2022.07.25-18.52.57:946][  0]LogConfig: Setting CVar [[r.SkyAtmosphere.AerialPerspectiveLUT.DepthResolution:16.0]]
[2022.07.25-18.52.57:946][  0]LogConfig: Setting CVar [[r.SkyAtmosphere.FastSkyLUT:1]]
[2022.07.25-18.52.57:946][  0]LogConfig: Setting CVar [[r.SkyAtmosphere.FastSkyLUT.SampleCountMin:4.0]]
[2022.07.25-18.52.57:946][  0]LogConfig: Setting CVar [[r.SkyAtmosphere.FastSkyLUT.SampleCountMax:128.0]]
[2022.07.25-18.52.57:946][  0]LogConfig: Setting CVar [[r.SkyAtmosphere.SampleCountMin:4.0]]
[2022.07.25-18.52.57:946][  0]LogConfig: Setting CVar [[r.SkyAtmosphere.SampleCountMax:128.0]]
[2022.07.25-18.52.57:946][  0]LogConfig: Setting CVar [[r.SkyAtmosphere.TransmittanceLUT.UseSmallFormat:0]]
[2022.07.25-18.52.57:946][  0]LogConfig: Setting CVar [[r.SkyAtmosphere.TransmittanceLUT.SampleCount:10.0]]
[2022.07.25-18.52.57:946][  0]LogConfig: Setting CVar [[r.SkyAtmosphere.MultiScatteringLUT.SampleCount:15.0]]
[2022.07.25-18.52.57:946][  0]LogConfig: Setting CVar [[r.SkyLight.RealTimeReflectionCapture:1]]
[2022.07.25-18.52.57:946][  0]LogConfig: Applying CVar settings from Section [FoliageQuality@3] File [C:/Users/ericb/Documents/Current Project Files/Daily-Scrums/SideScroller2D/Saved/Config/Windows/Scalability.ini]
[2022.07.25-18.52.57:946][  0]LogConfig: Setting CVar [[foliage.DensityScale:1.0]]
[2022.07.25-18.52.57:946][  0]LogConfig: Setting CVar [[grass.DensityScale:1.0]]
[2022.07.25-18.52.57:946][  0]LogConfig: Applying CVar settings from Section [ShadingQuality@3] File [C:/Users/ericb/Documents/Current Project Files/Daily-Scrums/SideScroller2D/Saved/Config/Windows/Scalability.ini]
[2022.07.25-18.52.57:946][  0]LogConfig: Setting CVar [[r.HairStrands.SkyLighting.IntegrationType:2]]
[2022.07.25-18.52.57:946][  0]LogConfig: Setting CVar [[r.HairStrands.SkyAO.SampleCount:4]]
[2022.07.25-18.52.57:946][  0]LogConfig: Setting CVar [[r.HairStrands.Visibility.MSAA.SamplePerPixel:4]]
[2022.07.25-18.52.57:946][  0]LogConfig: Applying CVar settings from Section [Startup] File [../../../Engine/Config/ConsoleVariables.ini]
[2022.07.25-18.52.57:947][  0]LogConfig: Setting CVar [[net.UseAdaptiveNetUpdateFrequency:0]]
[2022.07.25-18.52.57:947][  0]LogConfig: Setting CVar [[p.chaos.AllowCreatePhysxBodies:1]]
[2022.07.25-18.52.57:947][  0]LogConfig: Setting CVar [[fx.SkipVectorVMBackendOptimizations:1]]
[2022.07.25-18.52.57:947][  0]LogConfig: Applying CVar settings from Section [ConsoleVariables] File [C:/Users/ericb/Documents/Current Project Files/Daily-Scrums/SideScroller2D/Saved/Config/Windows/Engine.ini]
[2022.07.25-18.52.57:947][  0]LogConfig: Applying CVar settings from Section [ConsoleVariables] File [C:/Users/ericb/Documents/Current Project Files/Daily-Scrums/SideScroller2D/Saved/Config/Windows/Editor.ini]
[2022.07.25-18.52.57:947][  0]LogInit: Computer: ERIC-PC
[2022.07.25-18.52.57:947][  0]LogInit: User: ericb
[2022.07.25-18.52.57:947][  0]LogInit: CPU Page size=4096, Cores=8
[2022.07.25-18.52.57:947][  0]LogInit: High frequency timer resolution =10.000000 MHz
[2022.07.25-18.52.57:947][  0]LogMemory: Memory total: Physical=15.7GB (16GB approx)
[2022.07.25-18.52.57:947][  0]LogMemory: Platform Memory Stats for Windows
[2022.07.25-18.52.57:947][  0]LogMemory: Process Physical Memory: 153.43 MB used, 155.20 MB peak
[2022.07.25-18.52.57:947][  0]LogMemory: Process Virtual Memory: 127.64 MB used, 127.64 MB peak
[2022.07.25-18.52.57:947][  0]LogMemory: Physical Memory: 10802.66 MB used,  5242.54 MB free, 16045.20 MB total
[2022.07.25-18.52.57:947][  0]LogMemory: Virtual Memory: 134205128.00 MB used,  12601.20 MB free, 134217728.00 MB total
[2022.07.25-18.52.58:143][  0]LogWindows: WindowsPlatformFeatures enabled
[2022.07.25-18.52.58:171][  0]LogInit: Physics initialised using underlying interface: PhysX
[2022.07.25-18.52.58:171][  0]LogInit: Using OS detected language (en-US).
[2022.07.25-18.52.58:171][  0]LogInit: Using OS detected locale (en-CA).
[2022.07.25-18.52.58:172][  0]LogTextLocalizationManager: No specific localization for 'en-US' exists, so the 'en' localization will be used.
[2022.07.25-18.52.58:333][  0]LogWindowsTextInputMethodSystem: Display: IME system deactivated.
[2022.07.25-18.52.58:354][  0]LogSlate: New Slate User Created.  User Index 0, Is Virtual User: 0
[2022.07.25-18.52.58:354][  0]LogSlate: Slate User Registered.  User Index 0, Is Virtual User: 0
[2022.07.25-18.52.58:370][  0]LogD3D11RHI: Loaded GFSDK_Aftermath_Lib.x64.dll
[2022.07.25-18.52.58:425][  0]LogHMD: Failed to initialize OpenVR with code 126
[2022.07.25-18.52.58:425][  0]LogD3D11RHI: D3D11 min allowed feature level: 11_0
[2022.07.25-18.52.58:425][  0]LogD3D11RHI: D3D11 max allowed feature level: 11_0
[2022.07.25-18.52.58:425][  0]LogD3D11RHI: D3D11 adapters:
[2022.07.25-18.52.58:492][  0]LogD3D11RHI:    0. 'NVIDIA GeForce RTX 3060 Laptop GPU' (Feature Level 11_0)
[2022.07.25-18.52.58:492][  0]LogD3D11RHI:       6023/0/8022 MB DedicatedVideo/DedicatedSystem/SharedSystem, Outputs:2, VendorId:0x10de
[2022.07.25-18.52.58:527][  0]LogD3D11RHI:    1. 'Intel(R) UHD Graphics' (Feature Level 11_0)
[2022.07.25-18.52.58:527][  0]LogD3D11RHI:       128/0/8022 MB DedicatedVideo/DedicatedSystem/SharedSystem, Outputs:0, VendorId:0x8086
[2022.07.25-18.52.58:529][  0]LogD3D11RHI:    2. 'Microsoft Basic Render Driver' (Feature Level 11_0)
[2022.07.25-18.52.58:529][  0]LogD3D11RHI:       0/0/8022 MB DedicatedVideo/DedicatedSystem/SharedSystem, Outputs:0, VendorId:0x1414
[2022.07.25-18.52.58:529][  0]LogD3D11RHI: Chosen D3D11 Adapter:
[2022.07.25-18.52.58:529][  0]LogD3D11RHI:     Description : NVIDIA GeForce RTX 3060 Laptop GPU
[2022.07.25-18.52.58:529][  0]LogD3D11RHI:     VendorId    : 10de
[2022.07.25-18.52.58:529][  0]LogD3D11RHI:     DeviceId    : 2560
[2022.07.25-18.52.58:529][  0]LogD3D11RHI:     SubSysId    : a8f1028
[2022.07.25-18.52.58:529][  0]LogD3D11RHI:     Revision    : 00a1
[2022.07.25-18.52.58:529][  0]LogD3D11RHI:     DedicatedVideoMemory : 6315573248 bytes
[2022.07.25-18.52.58:529][  0]LogD3D11RHI:     DedicatedSystemMemory : 0 bytes
[2022.07.25-18.52.58:529][  0]LogD3D11RHI:     SharedSystemMemory : 8412307456 bytes
[2022.07.25-18.52.58:529][  0]LogD3D11RHI:     AdapterLuid : 0 66767
[2022.07.25-18.52.58:535][  0]LogD3D11RHI: Creating new Direct3DDevice
[2022.07.25-18.52.58:536][  0]LogD3D11RHI:     GPU DeviceId: 0x2560 (for the marketing name, search the web for "GPU Device Id")
[2022.07.25-18.52.58:536][  0]LogWindows: EnumDisplayDevices:
[2022.07.25-18.52.58:536][  0]LogWindows:    0. 'Intel(R) UHD Graphics' (P:1 D:1)
[2022.07.25-18.52.58:536][  0]LogWindows:    1. 'Intel(R) UHD Graphics' (P:0 D:0)
[2022.07.25-18.52.58:536][  0]LogWindows:    2. 'Intel(R) UHD Graphics' (P:0 D:0)
[2022.07.25-18.52.58:536][  0]LogWindows:    3. 'Intel(R) UHD Graphics' (P:0 D:0)
[2022.07.25-18.52.58:536][  0]LogWindows:    4. 'NVIDIA GeForce RTX 3060 Laptop GPU' (P:0 D:1)
[2022.07.25-18.52.58:536][  0]LogWindows:    5. 'NVIDIA GeForce RTX 3060 Laptop GPU' (P:0 D:0)
[2022.07.25-18.52.58:537][  0]LogWindows:    6. 'NVIDIA GeForce RTX 3060 Laptop GPU' (P:0 D:0)
[2022.07.25-18.52.58:537][  0]LogWindows:    7. 'NVIDIA GeForce RTX 3060 Laptop GPU' (P:0 D:0)
[2022.07.25-18.52.58:537][  0]LogWindows: DebugString: PrimaryIsNotTheChoosenAdapter PrimaryIsNotTheChoosenAdapter PrimaryIsNotTheChoosenAdapter PrimaryIsNotTheChoosenAdapter FoundDriverCount:4 
[2022.07.25-18.52.58:537][  0]LogD3D11RHI:     Adapter Name: NVIDIA GeForce RTX 3060 Laptop GPU
[2022.07.25-18.52.58:537][  0]LogD3D11RHI:   Driver Version: 516.59 (internal:31.0.15.1659, unified:516.59)
[2022.07.25-18.52.58:537][  0]LogD3D11RHI:      Driver Date: 6-23-2022
[2022.07.25-18.52.58:537][  0]LogRHI: Texture pool is 4216 MB (70% of 6023 MB)
[2022.07.25-18.52.58:537][  0]LogD3D11RHI: Creating D3DDevice using adapter:
[2022.07.25-18.52.58:537][  0]LogD3D11RHI:     Description : NVIDIA GeForce RTX 3060 Laptop GPU
[2022.07.25-18.52.58:537][  0]LogD3D11RHI:     VendorId    : 10de
[2022.07.25-18.52.58:537][  0]LogD3D11RHI:     DeviceId    : 2560
[2022.07.25-18.52.58:537][  0]LogD3D11RHI:     SubSysId    : a8f1028
[2022.07.25-18.52.58:537][  0]LogD3D11RHI:     Revision    : 00a1
[2022.07.25-18.52.58:537][  0]LogD3D11RHI:     DedicatedVideoMemory : 6315573248 bytes
[2022.07.25-18.52.58:537][  0]LogD3D11RHI:     DedicatedSystemMemory : 0 bytes
[2022.07.25-18.52.58:537][  0]LogD3D11RHI:     SharedSystemMemory : 8412307456 bytes
[2022.07.25-18.52.58:537][  0]LogD3D11RHI:     AdapterLuid : 0 66767
[2022.07.25-18.52.58:585][  0]LogD3D11RHI: RHI has support for 64 bit atomics
[2022.07.25-18.52.58:585][  0]LogD3D11RHI: Async texture creation enabled
[2022.07.25-18.52.58:585][  0]LogD3D11RHI: Array index from any shader is supported
[2022.07.25-18.52.58:614][  0]LogD3D11RHI: GPU Timing Frequency: 1000.000000 (Debug: 2 2)
[2022.07.25-18.52.58:626][  0]LogRHI: GeForceNow SDK initialized: 1
[2022.07.25-18.52.58:877][  0]LogTargetPlatformManager: Display: Loaded TargetPlatform 'WindowsNoEditor'
[2022.07.25-18.52.58:881][  0]LogTargetPlatformManager: Display: Loaded TargetPlatform 'Windows'
[2022.07.25-18.52.58:885][  0]LogTargetPlatformManager: Display: Loaded TargetPlatform 'WindowsClient'
[2022.07.25-18.52.58:890][  0]LogTargetPlatformManager: Display: Loaded TargetPlatform 'WindowsServer'
[2022.07.25-18.52.58:890][  0]LogTargetPlatformManager: Display: Building Assets For Windows
[2022.07.25-18.52.58:896][  0]LogAudioDebug: Display: Lib vorbis DLL was dynamically loaded.
[2022.07.25-18.52.58:918][  0]LogTextureFormatOodle: Display: Oodle Texture 2.9.0 init RDO Off
[2022.07.25-18.52.58:941][  0]LogRendererCore: Ray tracing is disabled. Reason: r.RayTracing=0.
[2022.07.25-18.52.58:941][  0]LogShaderCompilers: Guid format shader working directory is -44 characters bigger than the processId version (../../../../../../Users/ericb/Documents/Current Project Files/Daily-Scrums/SideScroller2D/Intermediate/Shaders/WorkingDirectory/11520/).
[2022.07.25-18.52.58:941][  0]LogShaderCompilers: Cleaned the shader compiler working directory 'C:/Users/ericb/AppData/Local/Temp/UnrealShaderWorkingDir/0DD288154C0657FEF85859B6E30FDAE1/'.
[2022.07.25-18.52.58:941][  0]LogXGEController: Cannot use XGE Controller as Incredibuild is not installed on this machine.
[2022.07.25-18.52.58:941][  0]LogShaderCompilers: Cannot use XGE Shader Compiler as Incredibuild is not installed on this machine.
[2022.07.25-18.52.58:941][  0]LogShaderCompilers: Display: Using Local Shader Compiler.
[2022.07.25-18.52.59:556][  0]LogDerivedDataCache: Display: Max Cache Size: 512 MB
[2022.07.25-18.52.59:612][  0]LogDerivedDataCache: Loaded boot cache 0.06s 94MB C:/Users/ericb/AppData/Local/UnrealEngine/4.27/DerivedDataCache/Boot.ddc.
[2022.07.25-18.52.59:612][  0]LogDerivedDataCache: Display: Loaded Boot cache: C:/Users/ericb/AppData/Local/UnrealEngine/4.27/DerivedDataCache/Boot.ddc
[2022.07.25-18.52.59:612][  0]LogDerivedDataCache: FDerivedDataBackendGraph:  Pak pak cache file ../../../../../../Users/ericb/Documents/Current Project Files/Daily-Scrums/SideScroller2D/DerivedDataCache/DDC.ddp not found, will not use a pak cache.
[2022.07.25-18.52.59:612][  0]LogDerivedDataCache: Unable to find inner node Pak for hierarchical cache Hierarchy.
[2022.07.25-18.52.59:612][  0]LogDerivedDataCache: FDerivedDataBackendGraph:  CompressedPak pak cache file ../../../../../../Users/ericb/Documents/Current Project Files/Daily-Scrums/SideScroller2D/DerivedDataCache/Compressed.ddp not found, will not use a pak cache.
[2022.07.25-18.52.59:612][  0]LogDerivedDataCache: Unable to find inner node CompressedPak for hierarchical cache Hierarchy.
[2022.07.25-18.52.59:626][  0]LogDerivedDataCache: Display: Pak cache opened for reading ../../../Engine/DerivedDataCache/Compressed.ddp.
[2022.07.25-18.52.59:626][  0]LogDerivedDataCache: FDerivedDataBackendGraph:  EnterprisePak pak cache file ../../../Enterprise/DerivedDataCache/Compressed.ddp not found, will not use a pak cache.
[2022.07.25-18.52.59:626][  0]LogDerivedDataCache: Unable to find inner node EnterprisePak for hierarchical cache Hierarchy.
[2022.07.25-18.52.59:633][  0]LogDerivedDataCache: Speed tests for C:/Users/ericb/AppData/Local/UnrealEngine/Common/DerivedDataCache took 0.01 seconds
[2022.07.25-18.52.59:633][  0]LogDerivedDataCache: Display: Performance to C:/Users/ericb/AppData/Local/UnrealEngine/Common/DerivedDataCache: Latency=0.01ms. RandomReadSpeed=336.20MBs, RandomWriteSpeed=287.62MBs. Assigned SpeedClass 'Local'
[2022.07.25-18.52.59:633][  0]LogDerivedDataCache: Using Local data cache path C:/Users/ericb/AppData/Local/UnrealEngine/Common/DerivedDataCache: Writable
[2022.07.25-18.52.59:634][  0]LogDerivedDataCache: Shared data cache path not found in *engine.ini, will not use an Shared cache.
[2022.07.25-18.52.59:634][  0]LogDerivedDataCache: Unable to find inner node Shared for hierarchical cache Hierarchy.
[2022.07.25-18.52.59:662][  0]LogSlate: Using FreeType 2.10.0
[2022.07.25-18.52.59:662][  0]LogSlate: SlateFontServices - WITH_FREETYPE: 1, WITH_HARFBUZZ: 1
[2022.07.25-18.52.59:761][  0]LogInit: Using OS detected language (en-US).
[2022.07.25-18.52.59:761][  0]LogInit: Using OS detected locale (en-CA).
[2022.07.25-18.52.59:761][  0]LogTextLocalizationManager: No localization for 'en-US' exists, so 'en' will be used for the language.
[2022.07.25-18.52.59:761][  0]LogTextLocalizationManager: No localization for 'en-CA' exists, so 'en' will be used for the locale.
[2022.07.25-18.52.59:761][  0]LogSlate: FontCache flush requested. Reason: Culture for localization was changed
[2022.07.25-18.52.59:761][  0]LogSlate: FontCache flush requested. Reason: Culture for localization was changed
[2022.07.25-18.52.59:764][  0]LogTextLocalizationManager: Compacting localization data took   0.01ms
[2022.07.25-18.52.59:764][  0]LogAssetRegistry: FAssetRegistry took 0.0021 seconds to start up
[2022.07.25-18.52.59:907][  0]LogPackageLocalizationCache: Processed 27 localized package path(s) for 1 prioritized culture(s) in 0.000646 seconds
[2022.07.25-18.52.59:954][  0]LogInit: Selected Device Profile: [Windows]
[2022.07.25-18.52.59:954][  0]LogInit: Active device profile: [0000022D3AC55100][0000022D2B112880 49] Windows
[2022.07.25-18.52.59:954][  0]LogInit: Profiles: [0000022D3AC55100][0000022D2B112880 49] Windows, [0000022D3AC2EB00][0000022D2B11AB40 49] WindowsNoEditor, [0000022D3AC56200][0000022D2B11EE00 49] WindowsServer, [0000022D3AC2DD00][0000022D2B1230C0 49] WindowsClient, [0000022D3AC55700][0000022D2B127380 49] IOS, [0000022D3AC2ED00][0000022D2B12B640 49] iPadAir, [0000022D3AC57C00][0000022D2B1178C0 49] iPadAir2, [0000022D3ABF1400][0000022D2B142240 49] IPadPro, [0000022D3ABF1500][0000022D2B12E280 49] iPadAir3, [0000022D3AC2FE00][0000022D2B13A540 49] iPadAir4, [0000022D3ABF2300][0000022D2B136800 49] iPadMini2, [0000022D3AC2F500][0000022D2B13EAC0 49] iPadMini3, [0000022D3ABF2F00][0000022D2B146D80 49] iPadMini4, [0000022D3AC2E100][0000022D2B14B040 49] iPadMini5, [0000022D3AC1D000][0000022D2AC71580 49] iPhone6, [0000022D3AC1D100][0000022D2B14F5C0 49] iPodTouch6, [0000022D3AC57900][0000022D2AC75AC0 49] iPhone7, [0000022D3AC56900][0000022D2AC69B00 49] iPodTouch7, [0000022D3ABF1000][0000022D2B132200 49] iPhone5S, [0000022D3AC56F00][0000022D2AC644C0 49] iPhone6Plus, [0000022D3ABF3600][0000022D2AC78780 49] iPhone6S, [0000022D3AC54C00][0000022D2AC7CA40 49] iPhone6SPlus, [0000022D3AC55D00][0000022D2AC80D00 49] iPhone7Plus, [0000022D3AC1C800][0000022D2AC84FC0 49] iPhoneSE, [0000022D3AC54400][0000022D2AC89280 49] iPhone8, [0000022D3AC1C900][0000022D2AC8D540 49] iPhone8Plus, [0000022D3AC1EE00][0000022D2AC91800 49] iPhoneX, [0000022D3ABF1D00][0000022D2AC95AC0 49] iPhoneXS, [0000022D3AC1E700][0000022D2AC6C1C0 49] iPhoneXSMax, [0000022D3ABF1C00][0000022D2AC98440 49] iPhoneXR, [0000022D3AC1E800][0000022D2ACA0700 49] iPhone11, [0000022D3ABF0F00][0000022D2ACA49C0 49] iPhone11Pro, [0000022D3AC1CB00][0000022D2ACA8C80 49] iPhone11ProMax, [0000022D3ABF0C00][0000022D2ACACF40 49] iPhoneSE2, [0000022D3AC1CE00][0000022D3B88D200 49] iPhone12Mini, [0000022D3AC57800][0000022D3B8914C0 49] iPhone12, [0000022D3AC1F100][0000022D3B895780 49] iPhone12Pro, [0000022D3AC57700][0000022D3B899A40 49] iPhone12ProMax, [0000022D3AC1DE00][0000022D3B89C180 49] iPadPro105, [0000022D3AC55400][0000022D2AC9C400 49] iPadPro129, [0000022D3AC1FE00][0000022D3B8A0680 49] iPadPro97, [0000022D3AC56800][0000022D3B8A8940 49] iPadPro2_129, [0000022D3AC1E000][0000022D3B8ACC00 49] iPad5, [0000022D3AC56300][0000022D3B8B0EC0 49] iPad6, [0000022D3AC1FB00][0000022D3B8B5180 49] iPad7, [0000022D3AC55E00][0000022D3B8B9440 49] iPad8, [0000022D3AC1E500][0000022D3B8BD700 49] iPadPro11, [0000022D3AC57E00][0000022D3B8C19C0 49] iPadPro2_11, [0000022D3AC1D800][0000022D3B8C4100 49] iPadPro3_129, [0000022D3AC57500][0000022D3B8C83C0 49] iPadPro4_129, [0000022D3AC1C200][0000022D3B8A4640 49] AppleTV, [0000022D3AC57F00][0000022D3B8CC8C0 49] AppleTV4K, [0000022D3AC1E600][0000022D3B8D4B80 49] TVOS, [0000022D3AC54E00][0000022D3B8D8E40 49] Mac, [0000022D3AC1DD00][0000022D3B8DD100 49] MacClient, [0000022D3AC57A00][0000022D3B8E13C0 49] MacNoEditor, [0000022D3AC1FA00][0000022D3B8E5680 49] MacServer, [0000022D3AC57100][0000022D3B8E9940 49] Linux, [0000022D3AC1D600][0000022D3B8EDC00 49] LinuxAArch64, [0000022D3AC54800][0000022D3B8F0340 49] LinuxNoEditor, [0000022D3AC1CC00][0000022D3B8F4600 49] LinuxAArch64NoEditor, [0000022D3AC57B00][0000022D3B8D0880 49] LinuxClient, [0000022D3AC1F400][0000022D3B8F8B00 49] LinuxAArch64Client, [0000022D3AC55A00][0000022D3B900DC0 49] LinuxServer, [0000022D3AC1C700][0000022D3B905080 49] LinuxAArch64Server, [0000022D3AC57300][0000022D3B909340 49] Android, [0000022D3AC1EA00][0000022D3B90D600 49] Android_Low, [0000022D3AC56C00][0000022D3B9118C0 49] Android_Mid, [0000022D3AC1DF00][0000022D3B915B80 49] Android_High, [0000022D3AC56A00][0000022D3B9182C0 49] Android_Default, [0000022D3AC1FC00][0000022D3B91C580 49] Android_Adreno4xx, [0000022D3AC54600][0000022D3B920840 49] Android_Adreno5xx_Low, [0000022D3AC1C300][0000022D3B8FCAC0 49] Android_Adreno5xx, [0000022D3AC55000][0000022D3B924D40 49] Android_Adreno6xx, [0000022D3AC1E900][0000022D3B92D000 49] Android_Adreno6xx_Vulkan, [0000022D3AC56000][0000022D3B9312C0 49] Android_Mali_T6xx, [0000022D3AC1E300][0000022D3B935580 49] Android_Mali_T7xx, [0000022D3AC55F00][0000022D3B939840 49] Android_Mali_T8xx, [0000022D3AC1ED00][0000022D3B93DB00 49] Android_Mali_G71, [0000022D3ABF3100][0000022D3B940240 49] Android_Mali_G72, [0000022D3AC2F300][0000022D3B944500 49] Android_Mali_G72_Vulkan, [0000022D3ABF2B00][0000022D3B9487C0 49] Android_Mali_G76, [0000022D3AC2C500][0000022D3B94CA80 49] Android_Mali_G76_Vulkan, [0000022D3ABF2600][0000022D3B928D00 49] Android_Mali_G77, [0000022D3AC2D600][0000022D3B950F80 49] Android_Mali_G77_Vulkan, [0000022D3ABF2400][0000022D3B959240 49] Android_Mali_G78, [0000022D3AC2CD00][0000022D3B95D500 49] Android_Mali_G78_Vulkan, [0000022D3ABF3500][0000022D3B9617C0 49] Android_Mali_G710, [0000022D3AC2EF00][0000022D3B965A80 49] Android_Mali_G710_Vulkan, [0000022D3ABF3E00][0000022D3B9681C0 49] Android_Vulkan_SM5, [0000022D3AC2DE00][0000022D3B96C480 49] Android_PowerVR_G6xxx, [0000022D3ABF0500][0000022D3B970740 49] Android_PowerVR_GT7xxx, [0000022D3AC2C200][0000022D3B974A00 49] Android_PowerVR_GE8xxx, [0000022D3ABF3B00][0000022D3B978CC0 49] Android_PowerVR_GM9xxx, [0000022D3AC2E500][0000022D3B954F40 49] Android_PowerVR_GM9xxx_Vulkan, [0000022D3ABF1F00][0000022D3B97D1C0 49] Android_TegraK1, [0000022D3AC2CA00][0000022D3B985480 49] Android_Unknown_Vulkan, [0000022D3ABF3900][0000022D3B989740 49] Lumin, [0000022D3AC2D200][0000022D3B98DA00 49] Lumin_Desktop, [0000022D3ABF1E00][0000022D3B990140 49] HoloLens, 
[2022.07.25-18.52.59:985][  0]LogMeshReduction: Using QuadricMeshReduction for automatic static mesh reduction
[2022.07.25-18.52.59:985][  0]LogMeshReduction: Using SimplygonMeshReduction for automatic skeletal mesh reduction
[2022.07.25-18.52.59:985][  0]LogMeshReduction: Using ProxyLODMeshReduction for automatic mesh merging
[2022.07.25-18.52.59:985][  0]LogMeshReduction: No distributed automatic mesh merging module available
[2022.07.25-18.52.59:985][  0]LogMeshMerging: No distributed automatic mesh merging module available
[2022.07.25-18.53.00:070][  0]LogNetVersion: SideScroller2D 1.0.0, NetCL: 17155196, EngineNetVer: 17, GameNetVer: 0 (Checksum: 2988932036)
[2022.07.25-18.53.00:235][  0]LogTexture: Default maximum texture size for cubemaps generated from long-lat sources has been changed from 512 to unlimited. In order to preserve old behaiour for '/Engine/MapTemplates/Sky/DaylightAmbientCubemap.DaylightAmbientCubemap', its maximum texture size has been explicitly set to 512.
[2022.07.25-18.53.00:276][  0]LogHMD: PokeAHoleMaterial loaded successfully
[2022.07.25-18.53.00:345][  0]LogMoviePlayer: Initializing movie player
[2022.07.25-18.53.00:500][  0]LogPython: Using Python 3.7.7
[2022.07.25-18.53.01:153][  0]LogNiagaraDebuggerClient: Niagara Debugger Client Initialized | Session: 346BA945404AFBFF18DF618313A386C8 | Instance: 371133164471E814376290B1570CC7E4 (ERIC-PC-11520).
[2022.07.25-18.53.01:175][  0]LogCollectionManager: Loaded 0 collections in 0.002570 seconds
[2022.07.25-18.53.01:179][  0]LogFileCache: Scanning file cache for directory 'C:/Users/ericb/Documents/Current Project Files/Daily-Scrums/SideScroller2D/Saved/Collections/' took 0.00s
[2022.07.25-18.53.01:179][  0]LogFileCache: Scanning file cache for directory 'C:/Users/ericb/Documents/Current Project Files/Daily-Scrums/SideScroller2D/Content/Developers/ericb/Collections/' took 0.00s
[2022.07.25-18.53.01:179][  0]LogFileCache: Scanning file cache for directory 'C:/Users/ericb/Documents/Current Project Files/Daily-Scrums/SideScroller2D/Content/Collections/' took 0.00s
[2022.07.25-18.53.01:179][  0]LogCollectionManager: Fixed up redirectors for 0 collections in 0.000002 seconds (updated 0 objects)
[2022.07.25-18.53.01:214][  0]LogTcpMessaging: Initializing TcpMessaging bridge
[2022.07.25-18.53.01:219][  0]LogUdpMessaging: Initializing bridge on interface 0.0.0.0:0 to multicast group 230.0.0.1:6666.
[2022.07.25-18.53.01:351][  0]SourceControl: Source control is disabled
[2022.07.25-18.53.01:352][  0]SourceControl: Source control is disabled
[2022.07.25-18.53.01:360][  0]SourceControl: Source control is disabled
[2022.07.25-18.53.01:536][  0]LogOpenImageDenoise: OIDN starting up
[2022.07.25-18.53.01:550][  0]LogUProjectInfo: Found projects:
[2022.07.25-18.53.01:642][  0]LogAndroidPermission: UAndroidPermissionCallbackProxy::GetInstance
[2022.07.25-18.53.01:736][  0]LogAudioCaptureCore: Display: No Audio Capture implementations found. Audio input will be silent.
[2022.07.25-18.53.01:737][  0]LogAudioCaptureCore: Display: No Audio Capture implementations found. Audio input will be silent.
[2022.07.25-18.53.01:852][  0]LogOcInput: OculusInput pre-init called
[2022.07.25-18.53.01:873][  0]LogUObjectArray: 22121 objects as part of root set at end of initial load.
[2022.07.25-18.53.01:873][  0]LogUObjectAllocator: 5975632 out of 0 bytes used by permanent object pool.
[2022.07.25-18.53.01:873][  0]LogUObjectArray: CloseDisregardForGC: 0/0 objects in disregard for GC pool
[2022.07.25-18.53.01:952][  0]LogEngine: Initializing Engine...
[2022.07.25-18.53.02:142][  0]LogHMD: Failed to initialize OpenVR with code 108
[2022.07.25-18.53.02:193][  0]LogHMD: Optional extension XR_VARJO_quad_views is not available
[2022.07.25-18.53.02:193][  0]LogHMD: Warning: Required extension XR_EXT_eye_gaze_interaction is not available
[2022.07.25-18.53.02:193][  0]LogHMD: Could not enable all required OpenXR extensions for OpenXREyeTracker on current system. This plugin will be loaded but ignored, but will be enabled on a target platform that supports the required extension.
[2022.07.25-18.53.02:290][  0]LogHMD: Failed to create an OpenXR instance, result is XR_ERROR_RUNTIME_FAILURE. Please check if you have an OpenXR runtime installed. The following extensions were enabled:
[2022.07.25-18.53.02:290][  0]LogHMD: - XR_KHR_D3D11_enable
[2022.07.25-18.53.02:290][  0]LogHMD: - XR_KHR_D3D12_enable
[2022.07.25-18.53.02:290][  0]LogHMD: - XR_KHR_opengl_enable
[2022.07.25-18.53.02:290][  0]LogHMD: - XR_KHR_vulkan_enable
[2022.07.25-18.53.02:290][  0]LogHMD: - XR_KHR_composition_layer_depth
[2022.07.25-18.53.02:290][  0]LogHMD: - XR_KHR_visibility_mask
[2022.07.25-18.53.02:290][  0]LogHMD: - XR_EXT_hand_tracking
[2022.07.25-18.53.02:290][  0]LogMagicLeap: Warning: VR disabled because ZI is not enabled.  To enable, in the editor, Edit -> Project Settings -> Plugins -> Magic Leap Plugin -> Enable Zero Iteration
[2022.07.25-18.53.02:301][  0]LogStats: UGameplayTagsManager::InitializeManager -  0.001 s
[2022.07.25-18.53.02:504][  0]LogInit: Initializing FReadOnlyCVARCache
[2022.07.25-18.53.02:504][  0]LogAudio: Display: Initializing Audio Device Manager...
[2022.07.25-18.53.02:508][  0]LogAudio: Display: Loading Default Audio Settings Objects...
[2022.07.25-18.53.02:509][  0]LogAudio: Display: No default SoundConcurrencyObject specified (or failed to load).
[2022.07.25-18.53.02:511][  0]LogAudio: Display: Audio Device Manager Initialized
[2022.07.25-18.53.02:511][  0]LogAudio: Display: Creating Audio Device:                 Id: 1, Scope: Shared, Realtime: True
[2022.07.25-18.53.02:511][  0]LogAudioMixer: Display: Audio Mixer Platform Settings:
[2022.07.25-18.53.02:511][  0]LogAudioMixer: Display: 	Sample Rate:						  48000
[2022.07.25-18.53.02:511][  0]LogAudioMixer: Display: 	Callback Buffer Frame Size Requested: 1024
[2022.07.25-18.53.02:511][  0]LogAudioMixer: Display: 	Callback Buffer Frame Size To Use:	  1024
[2022.07.25-18.53.02:511][  0]LogAudioMixer: Display: 	Number of buffers to queue:			  2
[2022.07.25-18.53.02:511][  0]LogAudioMixer: Display: 	Max Channels (voices):				  32
[2022.07.25-18.53.02:511][  0]LogAudioMixer: Display: 	Number of Async Source Workers:		  0
[2022.07.25-18.53.02:511][  0]LogAudio: Display: AudioDevice MaxSources: 32
[2022.07.25-18.53.02:512][  0]LogAudio: Display: Audio Spatialization Plugin: None (built-in).
[2022.07.25-18.53.02:512][  0]LogAudio: Display: Audio Reverb Plugin: None (built-in).
[2022.07.25-18.53.02:512][  0]LogAudio: Display: Audio Occlusion Plugin: None (built-in).
[2022.07.25-18.53.02:512][  0]LogAudioMixer: Display: Initializing audio mixer.
[2022.07.25-18.53.02:717][  0]LogAudioMixer: Display: 0: FrontLeft
[2022.07.25-18.53.02:717][  0]LogAudioMixer: Display: 1: FrontRight
[2022.07.25-18.53.02:717][  0]LogAudioMixer: Display: 2: FrontCenter
[2022.07.25-18.53.02:717][  0]LogAudioMixer: Display: 3: LowFrequency
[2022.07.25-18.53.02:717][  0]LogAudioMixer: Display: 4: BackLeft
[2022.07.25-18.53.02:717][  0]LogAudioMixer: Display: 5: BackRight
[2022.07.25-18.53.02:717][  0]LogAudioMixer: Display: 6: SideLeft
[2022.07.25-18.53.02:717][  0]LogAudioMixer: Display: 7: SideRight
[2022.07.25-18.53.03:004][  0]LogAudioMixer: Display: Using Audio Device Headphones (Realtek(R) Audio)
[2022.07.25-18.53.03:012][  0]LogAudioMixer: Display: Initializing Sound Submixes...
[2022.07.25-18.53.03:014][  0]LogAudioMixer: Display: Creating Master Submix 'MasterSubmixDefault'
[2022.07.25-18.53.03:014][  0]LogAudioMixer: Display: Creating Master Submix 'MasterReverbSubmixDefault'
[2022.07.25-18.53.03:015][  0]LogAudioMixer: Display: Creating Master Submix 'MasterEQSubmixDefault'
[2022.07.25-18.53.03:015][  0]LogAudioMixer: FMixerPlatformXAudio2::StartAudioStream() called
[2022.07.25-18.53.03:015][  0]LogAudioMixer: Display: Output buffers initialized: Frames=1024, Channels=8, Samples=8192
[2022.07.25-18.53.03:018][  0]LogAudioMixer: Display: Starting AudioMixerPlatformInterface::RunInternal()
[2022.07.25-18.53.03:018][  0]LogAudioMixer: Display: FMixerPlatformXAudio2::SubmitBuffer() called for the first time
[2022.07.25-18.53.03:018][  0]LogInit: FAudioDevice initialized.
[2022.07.25-18.53.03:022][  0]LogNetVersion: Set ProjectVersion to 1.0.0.0. Version Checksum will be recalculated on next use.
[2022.07.25-18.53.03:035][  0]LogInit: Texture streaming: Enabled
[2022.07.25-18.53.03:172][  0]LogUObjectGlobals: Warning: Failed to load '/Game/2DSideScrollerBP/Blueprints/DeadPlayer': Can't find file.
[2022.07.25-18.53.03:172][  0]LogUObjectGlobals: Warning: Failed to load '/Game/2DSideScrollerBP/Blueprints/DeadPlayer': Can't find file.
[2022.07.25-18.53.03:172][  0]LogUObjectGlobals: Warning: Failed to find object 'Class /Game/2DSideScrollerBP/Blueprints/DeadPlayer.DeadPlayer_C'
[2022.07.25-18.53.03:172][  0]LogEngine: Error: Unable to load GameInstance Class '/Game/2DSideScrollerBP/Blueprints/DeadPlayer.DeadPlayer_C'. Falling back to generic UGameInstance.
[2022.07.25-18.53.03:179][  0]LogAudio: Display: Audio Device (ID: 1) registered with world 'Untitled'.
[2022.07.25-18.53.03:180][  0]LogSlate: Updating window title bar state: overlay mode, drag disabled, window buttons hidden, title bar hidden
[2022.07.25-18.53.03:182][  0]LogInit: Display: Game Engine Initialized.
[2022.07.25-18.53.03:182][  0]LogNiagaraEditor: GEditor isn't valid! Particle reset commands will not work for Niagara components!
[2022.07.25-18.53.03:320][  0]LogOutputDevice: Warning: 

Script Stack (0 frames):

[2022.07.25-18.53.03:320][  0]LogWindows: Windows GetLastError: The operation completed successfully. (0)
[2022.07.25-18.53.07:068][  0]LogWindows: Error: === Critical error: ===
[2022.07.25-18.53.07:068][  0]LogWindows: Error: 
[2022.07.25-18.53.07:068][  0]LogWindows: Error: Fatal error: [File:D:/Build/++UE4/Sync/Engine/Source/Runtime/RenderCore/Private/RenderResource.cpp] [Line: 161] 
[2022.07.25-18.53.07:068][  0]LogWindows: Error: A FRenderResource was deleted without being released first!
[2022.07.25-18.53.07:068][  0]LogWindows: Error: 
[2022.07.25-18.53.07:068][  0]LogWindows: Error: 
[2022.07.25-18.53.07:068][  0]LogWindows: Error: [Callstack] 0x00007ffbd4e4474c KERNELBASE.dll!UnknownFunction []
[2022.07.25-18.53.07:068][  0]LogWindows: Error: [Callstack] 0x00007ffb030b0216 UE4Editor-Core.dll!ReportAssert() [D:\Build\++UE4\Sync\Engine\Source\Runtime\Core\Private\Windows\WindowsPlatformCrashContext.cpp:1644]
[2022.07.25-18.53.07:068][  0]LogWindows: Error: [Callstack] 0x00007ffb030b4218 UE4Editor-Core.dll!FWindowsErrorOutputDevice::Serialize() [D:\Build\++UE4\Sync\Engine\Source\Runtime\Core\Private\Windows\WindowsErrorOutputDevice.cpp:78]
[2022.07.25-18.53.07:068][  0]LogWindows: Error: [Callstack] 0x00007ffb02dd242d UE4Editor-Core.dll!FOutputDevice::LogfImpl() [D:\Build\++UE4\Sync\Engine\Source\Runtime\Core\Private\Misc\OutputDevice.cpp:61]
[2022.07.25-18.53.07:068][  0]LogWindows: Error: [Callstack] 0x00007ffb79a5b1c6 UE4Editor-RenderCore.dll!FRenderResource::~FRenderResource() [D:\Build\++UE4\Sync\Engine\Source\Runtime\RenderCore\Private\RenderResource.cpp:161]
[2022.07.25-18.53.07:068][  0]LogWindows: Error: [Callstack] 0x00007ffaeb553bfb UE4Editor-Engine.dll!FSlateTexture2DRHIRef::~FSlateTexture2DRHIRef() [D:\Build\++UE4\Sync\Engine\Source\Runtime\Engine\Private\Slate\SlateTextures.cpp:33]
[2022.07.25-18.53.07:068][  0]LogWindows: Error: [Callstack] 0x00007ffae24d4ae5 UE4Editor-SlateRHIRenderer.dll!FSlateTexture2DRHIRef::`scalar deleting destructor'() []
[2022.07.25-18.53.07:068][  0]LogWindows: Error: [Callstack] 0x00007ffae24d4b3d UE4Editor-SlateRHIRenderer.dll!FSlateTextureAtlasRHI::`scalar deleting destructor'() []
[2022.07.25-18.53.07:068][  0]LogWindows: Error: [Callstack] 0x00007ffae24e5748 UE4Editor-SlateRHIRenderer.dll!FSlateRHIResourceManager::DeleteResources() [D:\Build\++UE4\Sync\Engine\Source\Runtime\SlateRHIRenderer\Private\SlateRHIResourceManager.cpp:1002]
[2022.07.25-18.53.07:068][  0]LogWindows: Error: [Callstack] 0x00007ffae250fd1f UE4Editor-SlateRHIRenderer.dll!FSlateRHIRenderer::ReloadTextureResources() [D:\Build\++UE4\Sync\Engine\Source\Runtime\SlateRHIRenderer\Private\SlateRHIRenderer.cpp:1511]
[2022.07.25-18.53.07:068][  0]LogWindows: Error: [Callstack] 0x00007ffac0d8b04a UE4Editor-SteamVREditor.dll!FSteamVREditorModule::StartupModule() [D:\Build\++UE4\Sync\Engine\Plugins\Runtime\Steam\SteamVR\Source\SteamVREditor\Private\SteamVREditor.cpp:60]
[2022.07.25-18.53.07:068][  0]LogWindows: Error: [Callstack] 0x00007ffb02e3161d UE4Editor-Core.dll!FModuleManager::LoadModuleWithFailureReason() [D:\Build\++UE4\Sync\Engine\Source\Runtime\Core\Private\Modules\ModuleManager.cpp:538]
[2022.07.25-18.53.07:068][  0]LogWindows: Error: [Callstack] 0x00007ffbb1976433 UE4Editor-Projects.dll!FModuleDescriptor::LoadModulesForPhase() [D:\Build\++UE4\Sync\Engine\Source\Runtime\Projects\Private\ModuleDescriptor.cpp:643]
[2022.07.25-18.53.07:068][  0]LogWindows: Error: [Callstack] 0x00007ffbb198caba UE4Editor-Projects.dll!FPluginManager::TryLoadModulesForPlugin() [D:\Build\++UE4\Sync\Engine\Source\Runtime\Projects\Private\PluginManager.cpp:1450]
[2022.07.25-18.53.07:068][  0]LogWindows: Error: [Callstack] 0x00007ffbb19761b0 UE4Editor-Projects.dll!FPluginManager::LoadModulesForEnabledPlugins() [D:\Build\++UE4\Sync\Engine\Source\Runtime\Projects\Private\PluginManager.cpp:1525]
[2022.07.25-18.53.07:068][  0]LogWindows: Error: [Callstack] 0x00007ff6823431c6 UE4Editor.exe!FEngineLoop::Init() [D:\Build\++UE4\Sync\Engine\Source\Runtime\Launch\Private\LaunchEngineLoop.cpp:4045]
[2022.07.25-18.53.07:068][  0]LogWindows: Error: [Callstack] 0x00007ff682360e42 UE4Editor.exe!GuardedMain() [D:\Build\++UE4\Sync\Engine\Source\Runtime\Launch\Private\Launch.cpp:160]
[2022.07.25-18.53.07:068][  0]LogWindows: Error: [Callstack] 0x00007ff6823610ba UE4Editor.exe!GuardedMainWrapper() [D:\Build\++UE4\Sync\Engine\Source\Runtime\Launch\Private\Windows\LaunchWindows.cpp:137]
[2022.07.25-18.53.07:068][  0]LogWindows: Error: [Callstack] 0x00007ff6823640dd UE4Editor.exe!LaunchWindowsStartup() [D:\Build\++UE4\Sync\Engine\Source\Runtime\Launch\Private\Windows\LaunchWindows.cpp:273]
[2022.07.25-18.53.07:068][  0]LogWindows: Error: [Callstack] 0x00007ff682375984 UE4Editor.exe!WinMain() [D:\Build\++UE4\Sync\Engine\Source\Runtime\Launch\Private\Windows\LaunchWindows.cpp:320]
[2022.07.25-18.53.07:068][  0]LogWindows: Error: [Callstack] 0x00007ff68237853a UE4Editor.exe!__scrt_common_main_seh() [d:\agent\_work\5\s\src\vctools\crt\vcstartup\src\startup\exe_common.inl:288]
[2022.07.25-18.53.07:068][  0]LogWindows: Error: [Callstack] 0x00007ffbd61254e0 KERNEL32.DLL!UnknownFunction []
[2022.07.25-18.53.07:068][  0]LogWindows: Error: [Callstack] 0x00007ffbd75a485b ntdll.dll!UnknownFunction []
[2022.07.25-18.53.07:068][  0]LogWindows: Error: 
[2022.07.25-18.53.07:071][  0]LogExit: Executing StaticShutdownAfterError
[2022.07.25-18.53.07:073][  0]LogWindows: FPlatformMisc::RequestExit(1)
[2022.07.25-18.53.07:073][  0]LogWindows: FPlatformMisc::RequestExitWithStatus(1, 3)
[2022.07.25-18.53.07:073][  0]LogCore: Engine exit requested (reason: Win RequestExit)
[2022.07.25-18.53.07:081][  0]Log file closed, 07/25/22 15:53:07
